<?xml version="1.0" encoding="UTF-8"?>
<robot generator="Robot 7.2.2 (Python 3.13.3 on win32)" generated="2025-05-29T10:54:20.483864" rpa="false" schemaversion="5">
<suite id="s1" name="Tests" source="K:\Documents\Programmierung\swaglabs-tests\tests">
<suite id="s1-s1" name="Test All Login" source="K:\Documents\Programmierung\swaglabs-tests\tests\test_all_login.robot">
<kw name="Open Browser To Login Page" owner="login_keywords" type="SETUP">
<kw name="Open Browser" owner="SeleniumLibrary">
<msg time="2025-05-29T10:54:20.731223" level="INFO">Opening browser 'firefox' to base url 'https://www.saucedemo.com/'.</msg>
<arg>${LOGIN_URL}</arg>
<arg>${BROWSER}</arg>
<doc>Opens a new browser instance to the optional ``url``.</doc>
<status status="PASS" start="2025-05-29T10:54:20.731028" elapsed="5.518440"/>
</kw>
<kw name="Maximize Browser Window" owner="SeleniumLibrary">
<doc>Maximizes current browser window.</doc>
<status status="PASS" start="2025-05-29T10:54:26.249680" elapsed="0.275500"/>
</kw>
<status status="PASS" start="2025-05-29T10:54:20.729929" elapsed="5.795448"/>
</kw>
<test id="s1-s1-t1" name="Test Login With All Users" line="12">
<for flavor="IN">
<iter>
<kw name="Run Keyword If" owner="BuiltIn">
<arg>'${user}' == 'locked_out_user'</arg>
<arg>Continue For Loop</arg>
<doc>Runs the given keyword with the given arguments, if ``condition`` is true.</doc>
<status status="PASS" start="2025-05-29T10:54:26.526338" elapsed="0.000214"/>
</kw>
<kw name="Log" owner="BuiltIn">
<msg time="2025-05-29T10:54:26.526791" level="INFO">Aktueller Testnutzer: standard_user</msg>
<arg>Aktueller Testnutzer: ${user}</arg>
<doc>Logs the given message with the given level.</doc>
<status status="PASS" start="2025-05-29T10:54:26.526664" elapsed="0.000178"/>
</kw>
<kw name="Get From Dictionary" owner="Collections">
<msg time="2025-05-29T10:54:26.527111" level="INFO">${password} = secret_sauce</msg>
<var>${password}</var>
<arg>${PASSWORDS}</arg>
<arg>${user}</arg>
<doc>Returns a value from the given ``dictionary`` based on the given ``key``.</doc>
<status status="PASS" start="2025-05-29T10:54:26.526939" elapsed="0.000199"/>
</kw>
<kw name="Input Valid Credentials" owner="login_keywords">
<kw name="Input Text" owner="SeleniumLibrary">
<msg time="2025-05-29T10:54:26.527883" level="INFO">Typing text 'standard_user' into text field 'id=user-name'.</msg>
<arg>id=user-name</arg>
<arg>${username}</arg>
<doc>Types the given ``text`` into the text field identified by ``locator``.</doc>
<status status="PASS" start="2025-05-29T10:54:26.527556" elapsed="0.064854"/>
</kw>
<kw name="Input Text" owner="SeleniumLibrary">
<msg time="2025-05-29T10:54:26.592889" level="INFO">Typing text 'secret_sauce' into text field 'id=password'.</msg>
<arg>id=password</arg>
<arg>${password}</arg>
<doc>Types the given ``text`` into the text field identified by ``locator``.</doc>
<status status="PASS" start="2025-05-29T10:54:26.592604" elapsed="0.014917"/>
</kw>
<arg>${user}</arg>
<arg>${password}</arg>
<status status="PASS" start="2025-05-29T10:54:26.527282" elapsed="0.080451"/>
</kw>
<kw name="Click Login Button" owner="login_keywords">
<kw name="Click Button" owner="SeleniumLibrary">
<msg time="2025-05-29T10:54:26.608593" level="INFO">Clicking button 'id=login-button'.</msg>
<arg>id=login-button</arg>
<doc>Clicks the button identified by ``locator``.</doc>
<status status="PASS" start="2025-05-29T10:54:26.608361" elapsed="0.235516"/>
</kw>
<status status="PASS" start="2025-05-29T10:54:26.608002" elapsed="0.236052"/>
</kw>
<kw name="Wait Until Element Is Visible" owner="SeleniumLibrary">
<arg>id=react-burger-menu-btn</arg>
<arg>timeout=10s</arg>
<doc>Waits until the element ``locator`` is visible.</doc>
<status status="PASS" start="2025-05-29T10:54:26.844233" elapsed="0.012658"/>
</kw>
<kw name="Click Element" owner="SeleniumLibrary">
<msg time="2025-05-29T10:54:26.857433" level="INFO">Clicking element 'id=react-burger-menu-btn'.</msg>
<arg>id=react-burger-menu-btn</arg>
<doc>Click the element identified by ``locator``.</doc>
<status status="PASS" start="2025-05-29T10:54:26.857133" elapsed="0.244122"/>
</kw>
<kw name="Sleep" owner="BuiltIn">
<msg time="2025-05-29T10:54:28.102107" level="INFO">Slept 1 second.</msg>
<arg>1s</arg>
<doc>Pauses the test executed for the given time.</doc>
<status status="PASS" start="2025-05-29T10:54:27.101432" elapsed="1.000865"/>
</kw>
<kw name="Wait Until Element Is Visible" owner="SeleniumLibrary">
<arg>id=logout_sidebar_link</arg>
<arg>timeout=10s</arg>
<doc>Waits until the element ``locator`` is visible.</doc>
<status status="PASS" start="2025-05-29T10:54:28.102514" elapsed="0.008204"/>
</kw>
<kw name="Click Element" owner="SeleniumLibrary">
<msg time="2025-05-29T10:54:28.111148" level="INFO">Clicking element 'id=logout_sidebar_link'.</msg>
<arg>id=logout_sidebar_link</arg>
<doc>Click the element identified by ``locator``.</doc>
<status status="PASS" start="2025-05-29T10:54:28.110967" elapsed="0.215765"/>
</kw>
<var name="${user}">standard_user</var>
<status status="PASS" start="2025-05-29T10:54:26.526186" elapsed="1.800633"/>
</iter>
<iter>
<kw name="Run Keyword If" owner="BuiltIn">
<kw name="Continue For Loop" owner="BuiltIn">
<msg time="2025-05-29T10:54:28.327481" level="INFO">Continuing for loop from the next iteration.</msg>
<doc>Skips the current FOR loop iteration and continues from the next.</doc>
<status status="PASS" start="2025-05-29T10:54:28.327403" elapsed="0.000149"/>
</kw>
<arg>'${user}' == 'locked_out_user'</arg>
<arg>Continue For Loop</arg>
<doc>Runs the given keyword with the given arguments, if ``condition`` is true.</doc>
<status status="PASS" start="2025-05-29T10:54:28.327144" elapsed="0.000459"/>
</kw>
<kw name="Log" owner="BuiltIn">
<arg>Aktueller Testnutzer: ${user}</arg>
<doc>Logs the given message with the given level.</doc>
<status status="NOT RUN" start="2025-05-29T10:54:28.327699" elapsed="0.000023"/>
</kw>
<kw name="Get From Dictionary" owner="Collections">
<var>${password}</var>
<arg>${PASSWORDS}</arg>
<arg>${user}</arg>
<doc>Returns a value from the given ``dictionary`` based on the given ``key``.</doc>
<status status="NOT RUN" start="2025-05-29T10:54:28.327801" elapsed="0.000021"/>
</kw>
<kw name="Input Valid Credentials" owner="login_keywords">
<arg>${user}</arg>
<arg>${password}</arg>
<status status="NOT RUN" start="2025-05-29T10:54:28.327929" elapsed="0.000025"/>
</kw>
<kw name="Click Login Button" owner="login_keywords">
<status status="NOT RUN" start="2025-05-29T10:54:28.328070" elapsed="0.000025"/>
</kw>
<kw name="Wait Until Element Is Visible" owner="SeleniumLibrary">
<arg>id=react-burger-menu-btn</arg>
<arg>timeout=10s</arg>
<doc>Waits until the element ``locator`` is visible.</doc>
<status status="NOT RUN" start="2025-05-29T10:54:28.328194" elapsed="0.000021"/>
</kw>
<kw name="Click Element" owner="SeleniumLibrary">
<arg>id=react-burger-menu-btn</arg>
<doc>Click the element identified by ``locator``.</doc>
<status status="NOT RUN" start="2025-05-29T10:54:28.328297" elapsed="0.000020"/>
</kw>
<kw name="Sleep" owner="BuiltIn">
<arg>1s</arg>
<doc>Pauses the test executed for the given time.</doc>
<status status="NOT RUN" start="2025-05-29T10:54:28.328384" elapsed="0.000019"/>
</kw>
<kw name="Wait Until Element Is Visible" owner="SeleniumLibrary">
<arg>id=logout_sidebar_link</arg>
<arg>timeout=10s</arg>
<doc>Waits until the element ``locator`` is visible.</doc>
<status status="NOT RUN" start="2025-05-29T10:54:28.328470" elapsed="0.000019"/>
</kw>
<kw name="Click Element" owner="SeleniumLibrary">
<arg>id=logout_sidebar_link</arg>
<doc>Click the element identified by ``locator``.</doc>
<status status="NOT RUN" start="2025-05-29T10:54:28.328558" elapsed="0.000018"/>
</kw>
<var name="${user}">locked_out_user</var>
<status status="PASS" start="2025-05-29T10:54:28.326992" elapsed="0.001616"/>
</iter>
<iter>
<kw name="Run Keyword If" owner="BuiltIn">
<arg>'${user}' == 'locked_out_user'</arg>
<arg>Continue For Loop</arg>
<doc>Runs the given keyword with the given arguments, if ``condition`` is true.</doc>
<status status="PASS" start="2025-05-29T10:54:28.328793" elapsed="0.000128"/>
</kw>
<kw name="Log" owner="BuiltIn">
<msg time="2025-05-29T10:54:28.329319" level="INFO">Aktueller Testnutzer: problem_user</msg>
<arg>Aktueller Testnutzer: ${user}</arg>
<doc>Logs the given message with the given level.</doc>
<status status="PASS" start="2025-05-29T10:54:28.329203" elapsed="0.000156"/>
</kw>
<kw name="Get From Dictionary" owner="Collections">
<msg time="2025-05-29T10:54:28.329593" level="INFO">${password} = secret_sauce</msg>
<var>${password}</var>
<arg>${PASSWORDS}</arg>
<arg>${user}</arg>
<doc>Returns a value from the given ``dictionary`` based on the given ``key``.</doc>
<status status="PASS" start="2025-05-29T10:54:28.329443" elapsed="0.000173"/>
</kw>
<kw name="Input Valid Credentials" owner="login_keywords">
<kw name="Input Text" owner="SeleniumLibrary">
<msg time="2025-05-29T10:54:28.330090" level="INFO">Typing text 'problem_user' into text field 'id=user-name'.</msg>
<arg>id=user-name</arg>
<arg>${username}</arg>
<doc>Types the given ``text`` into the text field identified by ``locator``.</doc>
<status status="PASS" start="2025-05-29T10:54:28.329942" elapsed="0.016550"/>
</kw>
<kw name="Input Text" owner="SeleniumLibrary">
<msg time="2025-05-29T10:54:28.346861" level="INFO">Typing text 'secret_sauce' into text field 'id=password'.</msg>
<arg>id=password</arg>
<arg>${password}</arg>
<doc>Types the given ``text`` into the text field identified by ``locator``.</doc>
<status status="PASS" start="2025-05-29T10:54:28.346665" elapsed="0.012954"/>
</kw>
<arg>${user}</arg>
<arg>${password}</arg>
<status status="PASS" start="2025-05-29T10:54:28.329716" elapsed="0.030007"/>
</kw>
<kw name="Click Login Button" owner="login_keywords">
<kw name="Click Button" owner="SeleniumLibrary">
<msg time="2025-05-29T10:54:28.360207" level="INFO">Clicking button 'id=login-button'.</msg>
<arg>id=login-button</arg>
<doc>Clicks the button identified by ``locator``.</doc>
<status status="PASS" start="2025-05-29T10:54:28.360075" elapsed="0.215706"/>
</kw>
<status status="PASS" start="2025-05-29T10:54:28.359872" elapsed="0.216082"/>
</kw>
<kw name="Wait Until Element Is Visible" owner="SeleniumLibrary">
<arg>id=react-burger-menu-btn</arg>
<arg>timeout=10s</arg>
<doc>Waits until the element ``locator`` is visible.</doc>
<status status="PASS" start="2025-05-29T10:54:28.576088" elapsed="0.008271"/>
</kw>
<kw name="Click Element" owner="SeleniumLibrary">
<msg time="2025-05-29T10:54:28.584754" level="INFO">Clicking element 'id=react-burger-menu-btn'.</msg>
<arg>id=react-burger-menu-btn</arg>
<doc>Click the element identified by ``locator``.</doc>
<status status="PASS" start="2025-05-29T10:54:28.584556" elapsed="0.209271"/>
</kw>
<kw name="Sleep" owner="BuiltIn">
<msg time="2025-05-29T10:54:29.794842" level="INFO">Slept 1 second.</msg>
<arg>1s</arg>
<doc>Pauses the test executed for the given time.</doc>
<status status="PASS" start="2025-05-29T10:54:28.794024" elapsed="1.001062"/>
</kw>
<kw name="Wait Until Element Is Visible" owner="SeleniumLibrary">
<arg>id=logout_sidebar_link</arg>
<arg>timeout=10s</arg>
<doc>Waits until the element ``locator`` is visible.</doc>
<status status="PASS" start="2025-05-29T10:54:29.795462" elapsed="0.009036"/>
</kw>
<kw name="Click Element" owner="SeleniumLibrary">
<msg time="2025-05-29T10:54:29.805116" level="INFO">Clicking element 'id=logout_sidebar_link'.</msg>
<arg>id=logout_sidebar_link</arg>
<doc>Click the element identified by ``locator``.</doc>
<status status="PASS" start="2025-05-29T10:54:29.804809" elapsed="0.213477"/>
</kw>
<var name="${user}">problem_user</var>
<status status="PASS" start="2025-05-29T10:54:28.328724" elapsed="1.689694"/>
</iter>
<iter>
<kw name="Run Keyword If" owner="BuiltIn">
<arg>'${user}' == 'locked_out_user'</arg>
<arg>Continue For Loop</arg>
<doc>Runs the given keyword with the given arguments, if ``condition`` is true.</doc>
<status status="PASS" start="2025-05-29T10:54:30.018802" elapsed="0.000190"/>
</kw>
<kw name="Log" owner="BuiltIn">
<msg time="2025-05-29T10:54:30.019195" level="INFO">Aktueller Testnutzer: performance_glitch_user</msg>
<arg>Aktueller Testnutzer: ${user}</arg>
<doc>Logs the given message with the given level.</doc>
<status status="PASS" start="2025-05-29T10:54:30.019084" elapsed="0.000149"/>
</kw>
<kw name="Get From Dictionary" owner="Collections">
<msg time="2025-05-29T10:54:30.019453" level="INFO">${password} = secret_sauce</msg>
<var>${password}</var>
<arg>${PASSWORDS}</arg>
<arg>${user}</arg>
<doc>Returns a value from the given ``dictionary`` based on the given ``key``.</doc>
<status status="PASS" start="2025-05-29T10:54:30.019314" elapsed="0.000515"/>
</kw>
<kw name="Input Valid Credentials" owner="login_keywords">
<kw name="Input Text" owner="SeleniumLibrary">
<msg time="2025-05-29T10:54:30.020344" level="INFO">Typing text 'performance_glitch_user' into text field 'id=user-name'.</msg>
<arg>id=user-name</arg>
<arg>${username}</arg>
<doc>Types the given ``text`` into the text field identified by ``locator``.</doc>
<status status="PASS" start="2025-05-29T10:54:30.020184" elapsed="0.020272"/>
</kw>
<kw name="Input Text" owner="SeleniumLibrary">
<msg time="2025-05-29T10:54:30.040979" level="INFO">Typing text 'secret_sauce' into text field 'id=password'.</msg>
<arg>id=password</arg>
<arg>${password}</arg>
<doc>Types the given ``text`` into the text field identified by ``locator``.</doc>
<status status="PASS" start="2025-05-29T10:54:30.040681" elapsed="0.014040"/>
</kw>
<arg>${user}</arg>
<arg>${password}</arg>
<status status="PASS" start="2025-05-29T10:54:30.019957" elapsed="0.034880"/>
</kw>
<kw name="Click Login Button" owner="login_keywords">
<kw name="Click Button" owner="SeleniumLibrary">
<msg time="2025-05-29T10:54:30.055433" level="INFO">Clicking button 'id=login-button'.</msg>
<arg>id=login-button</arg>
<doc>Clicks the button identified by ``locator``.</doc>
<status status="PASS" start="2025-05-29T10:54:30.055241" elapsed="5.217404"/>
</kw>
<status status="PASS" start="2025-05-29T10:54:30.054999" elapsed="5.217771"/>
</kw>
<kw name="Wait Until Element Is Visible" owner="SeleniumLibrary">
<arg>id=react-burger-menu-btn</arg>
<arg>timeout=10s</arg>
<doc>Waits until the element ``locator`` is visible.</doc>
<status status="PASS" start="2025-05-29T10:54:35.272904" elapsed="0.010373"/>
</kw>
<kw name="Click Element" owner="SeleniumLibrary">
<msg time="2025-05-29T10:54:35.283684" level="INFO">Clicking element 'id=react-burger-menu-btn'.</msg>
<arg>id=react-burger-menu-btn</arg>
<doc>Click the element identified by ``locator``.</doc>
<status status="PASS" start="2025-05-29T10:54:35.283482" elapsed="0.214190"/>
</kw>
<kw name="Sleep" owner="BuiltIn">
<msg time="2025-05-29T10:54:36.498677" level="INFO">Slept 1 second.</msg>
<arg>1s</arg>
<doc>Pauses the test executed for the given time.</doc>
<status status="PASS" start="2025-05-29T10:54:35.497978" elapsed="1.001002"/>
</kw>
<kw name="Wait Until Element Is Visible" owner="SeleniumLibrary">
<arg>id=logout_sidebar_link</arg>
<arg>timeout=10s</arg>
<doc>Waits until the element ``locator`` is visible.</doc>
<status status="PASS" start="2025-05-29T10:54:36.499376" elapsed="0.009510"/>
</kw>
<kw name="Click Element" owner="SeleniumLibrary">
<msg time="2025-05-29T10:54:36.509250" level="INFO">Clicking element 'id=logout_sidebar_link'.</msg>
<arg>id=logout_sidebar_link</arg>
<doc>Click the element identified by ``locator``.</doc>
<status status="PASS" start="2025-05-29T10:54:36.509061" elapsed="0.214660"/>
</kw>
<var name="${user}">performance_glitch_user</var>
<status status="PASS" start="2025-05-29T10:54:30.018650" elapsed="6.705170"/>
</iter>
<iter>
<kw name="Run Keyword If" owner="BuiltIn">
<arg>'${user}' == 'locked_out_user'</arg>
<arg>Continue For Loop</arg>
<doc>Runs the given keyword with the given arguments, if ``condition`` is true.</doc>
<status status="PASS" start="2025-05-29T10:54:36.724207" elapsed="0.000227"/>
</kw>
<kw name="Log" owner="BuiltIn">
<msg time="2025-05-29T10:54:36.724693" level="INFO">Aktueller Testnutzer: error_user</msg>
<arg>Aktueller Testnutzer: ${user}</arg>
<doc>Logs the given message with the given level.</doc>
<status status="PASS" start="2025-05-29T10:54:36.724560" elapsed="0.000321"/>
</kw>
<kw name="Get From Dictionary" owner="Collections">
<msg time="2025-05-29T10:54:36.725168" level="INFO">${password} = secret_sauce</msg>
<var>${password}</var>
<arg>${PASSWORDS}</arg>
<arg>${user}</arg>
<doc>Returns a value from the given ``dictionary`` based on the given ``key``.</doc>
<status status="PASS" start="2025-05-29T10:54:36.724983" elapsed="0.000209"/>
</kw>
<kw name="Input Valid Credentials" owner="login_keywords">
<kw name="Input Text" owner="SeleniumLibrary">
<msg time="2025-05-29T10:54:36.725711" level="INFO">Typing text 'error_user' into text field 'id=user-name'.</msg>
<arg>id=user-name</arg>
<arg>${username}</arg>
<doc>Types the given ``text`` into the text field identified by ``locator``.</doc>
<status status="PASS" start="2025-05-29T10:54:36.725548" elapsed="0.020269"/>
</kw>
<kw name="Input Text" owner="SeleniumLibrary">
<msg time="2025-05-29T10:54:36.746187" level="INFO">Typing text 'secret_sauce' into text field 'id=password'.</msg>
<arg>id=password</arg>
<arg>${password}</arg>
<doc>Types the given ``text`` into the text field identified by ``locator``.</doc>
<status status="PASS" start="2025-05-29T10:54:36.745988" elapsed="0.014222"/>
</kw>
<arg>${user}</arg>
<arg>${password}</arg>
<status status="PASS" start="2025-05-29T10:54:36.725315" elapsed="0.035000"/>
</kw>
<kw name="Click Login Button" owner="login_keywords">
<kw name="Click Button" owner="SeleniumLibrary">
<msg time="2025-05-29T10:54:36.760803" level="INFO">Clicking button 'id=login-button'.</msg>
<arg>id=login-button</arg>
<doc>Clicks the button identified by ``locator``.</doc>
<status status="PASS" start="2025-05-29T10:54:36.760662" elapsed="0.215219"/>
</kw>
<status status="PASS" start="2025-05-29T10:54:36.760460" elapsed="0.215559"/>
</kw>
<kw name="Wait Until Element Is Visible" owner="SeleniumLibrary">
<arg>id=react-burger-menu-btn</arg>
<arg>timeout=10s</arg>
<doc>Waits until the element ``locator`` is visible.</doc>
<status status="PASS" start="2025-05-29T10:54:36.976157" elapsed="0.008135"/>
</kw>
<kw name="Click Element" owner="SeleniumLibrary">
<msg time="2025-05-29T10:54:36.984703" level="INFO">Clicking element 'id=react-burger-menu-btn'.</msg>
<arg>id=react-burger-menu-btn</arg>
<doc>Click the element identified by ``locator``.</doc>
<status status="PASS" start="2025-05-29T10:54:36.984496" elapsed="0.209406"/>
</kw>
<kw name="Sleep" owner="BuiltIn">
<msg time="2025-05-29T10:54:38.194498" level="INFO">Slept 1 second.</msg>
<arg>1s</arg>
<doc>Pauses the test executed for the given time.</doc>
<status status="PASS" start="2025-05-29T10:54:37.194106" elapsed="1.000623"/>
</kw>
<kw name="Wait Until Element Is Visible" owner="SeleniumLibrary">
<arg>id=logout_sidebar_link</arg>
<arg>timeout=10s</arg>
<doc>Waits until the element ``locator`` is visible.</doc>
<status status="PASS" start="2025-05-29T10:54:38.195017" elapsed="0.008197"/>
</kw>
<kw name="Click Element" owner="SeleniumLibrary">
<msg time="2025-05-29T10:54:38.203583" level="INFO">Clicking element 'id=logout_sidebar_link'.</msg>
<arg>id=logout_sidebar_link</arg>
<doc>Click the element identified by ``locator``.</doc>
<status status="PASS" start="2025-05-29T10:54:38.203405" elapsed="0.213567"/>
</kw>
<var name="${user}">error_user</var>
<status status="PASS" start="2025-05-29T10:54:36.724026" elapsed="1.693029"/>
</iter>
<var>${user}</var>
<value>@{VALID_USERS}</value>
<status status="PASS" start="2025-05-29T10:54:26.525958" elapsed="11.891149"/>
</for>
<status status="PASS" start="2025-05-29T10:54:26.525484" elapsed="11.891920"/>
</test>
<test id="s1-s1-t2" name="[Teardown]" line="26">
<kw name="Close Browser" owner="SeleniumLibrary">
<doc>Closes the current browser.</doc>
<status status="PASS" start="2025-05-29T10:54:38.418240" elapsed="2.658707"/>
</kw>
<status status="PASS" start="2025-05-29T10:54:38.417911" elapsed="2.659361"/>
</test>
<kw name="Close Browser" owner="SeleniumLibrary" type="TEARDOWN">
<doc>Closes the current browser.</doc>
<status status="PASS" start="2025-05-29T10:54:41.078039" elapsed="0.000136"/>
</kw>
<status status="PASS" start="2025-05-29T10:54:20.507081" elapsed="20.571135"/>
</suite>
<suite id="s1-s2" name="Test Locked Out User" source="K:\Documents\Programmierung\swaglabs-tests\tests\test_locked_out_user.robot">
<kw name="Open Browser To Login Page" owner="login_keywords" type="SETUP">
<kw name="Open Browser" owner="SeleniumLibrary">
<msg time="2025-05-29T10:54:41.082017" level="INFO">Opening browser 'firefox' to base url 'https://www.saucedemo.com/'.</msg>
<arg>${LOGIN_URL}</arg>
<arg>${BROWSER}</arg>
<doc>Opens a new browser instance to the optional ``url``.</doc>
<status status="PASS" start="2025-05-29T10:54:41.081854" elapsed="5.523211"/>
</kw>
<kw name="Maximize Browser Window" owner="SeleniumLibrary">
<doc>Maximizes current browser window.</doc>
<status status="PASS" start="2025-05-29T10:54:46.605248" elapsed="0.270168"/>
</kw>
<status status="PASS" start="2025-05-29T10:54:41.081660" elapsed="5.793872"/>
</kw>
<test id="s1-s2-t1" name="Locked Out User Cannot Login" line="12">
<kw name="Open Browser To Login Page" owner="login_keywords">
<kw name="Open Browser" owner="SeleniumLibrary">
<msg time="2025-05-29T10:54:46.876618" level="INFO">Opening browser 'firefox' to base url 'https://www.saucedemo.com/'.</msg>
<arg>${LOGIN_URL}</arg>
<arg>${BROWSER}</arg>
<doc>Opens a new browser instance to the optional ``url``.</doc>
<status status="PASS" start="2025-05-29T10:54:46.876448" elapsed="5.435066"/>
</kw>
<kw name="Maximize Browser Window" owner="SeleniumLibrary">
<doc>Maximizes current browser window.</doc>
<status status="PASS" start="2025-05-29T10:54:52.311729" elapsed="0.263631"/>
</kw>
<status status="PASS" start="2025-05-29T10:54:46.876166" elapsed="5.699326"/>
</kw>
<kw name="Input Valid Credentials" owner="login_keywords">
<kw name="Input Text" owner="SeleniumLibrary">
<msg time="2025-05-29T10:54:52.576259" level="INFO">Typing text 'locked_out_user' into text field 'id=user-name'.</msg>
<arg>id=user-name</arg>
<arg>${username}</arg>
<doc>Types the given ``text`` into the text field identified by ``locator``.</doc>
<status status="PASS" start="2025-05-29T10:54:52.576075" elapsed="0.056424"/>
</kw>
<kw name="Input Text" owner="SeleniumLibrary">
<msg time="2025-05-29T10:54:52.632979" level="INFO">Typing text 'secret_sauce' into text field 'id=password'.</msg>
<arg>id=password</arg>
<arg>${password}</arg>
<doc>Types the given ``text`` into the text field identified by ``locator``.</doc>
<status status="PASS" start="2025-05-29T10:54:52.632709" elapsed="0.015806"/>
</kw>
<arg>locked_out_user</arg>
<arg>secret_sauce</arg>
<status status="PASS" start="2025-05-29T10:54:52.575787" elapsed="0.072833"/>
</kw>
<kw name="Click Login Button" owner="login_keywords">
<kw name="Click Button" owner="SeleniumLibrary">
<msg time="2025-05-29T10:54:52.649268" level="INFO">Clicking button 'id=login-button'.</msg>
<arg>id=login-button</arg>
<doc>Clicks the button identified by ``locator``.</doc>
<status status="PASS" start="2025-05-29T10:54:52.649129" elapsed="0.224765"/>
</kw>
<status status="PASS" start="2025-05-29T10:54:52.648902" elapsed="0.225136"/>
</kw>
<kw name="Element Text Should Be" owner="SeleniumLibrary">
<msg time="2025-05-29T10:54:52.874705" level="INFO">Verifying element 'css=h3[data-test="error"]' contains exact text 'Epic sadface: Sorry this user has been locked out.'.</msg>
<msg time="2025-05-29T10:54:52.987557" level="INFO" html="true">&lt;/td&gt;&lt;/tr&gt;&lt;tr&gt;&lt;td colspan="3"&gt;&lt;a href="selenium-screenshot-1.png"&gt;&lt;img src="selenium-screenshot-1.png" width="800px"&gt;&lt;/a&gt;</msg>
<msg time="2025-05-29T10:54:52.987761" level="FAIL">The text of element 'css=h3[data-test="error"]' should have been 'Epic sadface: Sorry this user has been locked out.' but it was 'Epic sadface: Sorry, this user has been locked out.'.</msg>
<arg>css=h3[data-test="error"]</arg>
<arg>Epic sadface: Sorry this user has been locked out.</arg>
<doc>Verifies that element ``locator`` contains exact the text ``expected``.</doc>
<status status="FAIL" start="2025-05-29T10:54:52.874351" elapsed="0.115236">The text of element 'css=h3[data-test="error"]' should have been 'Epic sadface: Sorry this user has been locked out.' but it was 'Epic sadface: Sorry, this user has been locked out.'.</status>
</kw>
<kw name="Close Browser" owner="SeleniumLibrary">
<doc>Closes the current browser.</doc>
<status status="NOT RUN" start="2025-05-29T10:54:52.989891" elapsed="0.000048"/>
</kw>
<status status="FAIL" start="2025-05-29T10:54:46.875607" elapsed="6.114562">The text of element 'css=h3[data-test="error"]' should have been 'Epic sadface: Sorry this user has been locked out.' but it was 'Epic sadface: Sorry, this user has been locked out.'.</status>
</test>
<kw name="Close Browser" owner="SeleniumLibrary" type="TEARDOWN">
<doc>Closes the current browser.</doc>
<status status="PASS" start="2025-05-29T10:54:52.990792" elapsed="2.615698"/>
</kw>
<status status="FAIL" start="2025-05-29T10:54:41.078875" elapsed="14.527730"/>
</suite>
<suite id="s1-s3" name="Test Logout" source="K:\Documents\Programmierung\swaglabs-tests\tests\test_logout.robot">
<kw name="Open Browser To Login Page" owner="login_keywords" type="SETUP">
<kw name="Open Browser" owner="SeleniumLibrary">
<msg time="2025-05-29T10:54:55.610274" level="INFO">Opening browser 'firefox' to base url 'https://www.saucedemo.com/'.</msg>
<arg>${LOGIN_URL}</arg>
<arg>${BROWSER}</arg>
<doc>Opens a new browser instance to the optional ``url``.</doc>
<status status="PASS" start="2025-05-29T10:54:55.610104" elapsed="5.625472"/>
</kw>
<kw name="Maximize Browser Window" owner="SeleniumLibrary">
<doc>Maximizes current browser window.</doc>
<status status="PASS" start="2025-05-29T10:55:01.235764" elapsed="0.273705"/>
</kw>
<status status="PASS" start="2025-05-29T10:54:55.609890" elapsed="5.899698"/>
</kw>
<test id="s1-s3-t1" name="Valid User Can Logout" line="9">
<kw name="Login With Valid Credentials" owner="login_keywords">
<kw name="Input Valid Credentials" owner="login_keywords">
<kw name="Input Text" owner="SeleniumLibrary">
<msg time="2025-05-29T10:55:01.510836" level="INFO">Typing text 'standard_user' into text field 'id=user-name'.</msg>
<arg>id=user-name</arg>
<arg>${username}</arg>
<doc>Types the given ``text`` into the text field identified by ``locator``.</doc>
<status status="PASS" start="2025-05-29T10:55:01.510684" elapsed="0.058990"/>
</kw>
<kw name="Input Text" owner="SeleniumLibrary">
<msg time="2025-05-29T10:55:01.570100" level="INFO">Typing text 'secret_sauce' into text field 'id=password'.</msg>
<arg>id=password</arg>
<arg>${password}</arg>
<doc>Types the given ``text`` into the text field identified by ``locator``.</doc>
<status status="PASS" start="2025-05-29T10:55:01.569866" elapsed="0.016983"/>
</kw>
<arg>${username}</arg>
<arg>${password}</arg>
<status status="PASS" start="2025-05-29T10:55:01.510452" elapsed="0.076527"/>
</kw>
<kw name="Click Login Button" owner="login_keywords">
<kw name="Click Button" owner="SeleniumLibrary">
<msg time="2025-05-29T10:55:01.587540" level="INFO">Clicking button 'id=login-button'.</msg>
<arg>id=login-button</arg>
<doc>Clicks the button identified by ``locator``.</doc>
<status status="PASS" start="2025-05-29T10:55:01.587374" elapsed="0.257413"/>
</kw>
<status status="PASS" start="2025-05-29T10:55:01.587144" elapsed="0.257770"/>
</kw>
<arg>standard_user</arg>
<arg>secret_sauce</arg>
<status status="PASS" start="2025-05-29T10:55:01.510168" elapsed="0.334801"/>
</kw>
<kw name="Wait Until Element Is Visible" owner="SeleniumLibrary">
<arg>id=react-burger-menu-btn</arg>
<arg>timeout=5s</arg>
<doc>Waits until the element ``locator`` is visible.</doc>
<status status="PASS" start="2025-05-29T10:55:01.845274" elapsed="0.009580"/>
</kw>
<kw name="Click Element" owner="SeleniumLibrary">
<msg time="2025-05-29T10:55:01.855387" level="INFO">Clicking element 'id=react-burger-menu-btn'.</msg>
<arg>id=react-burger-menu-btn</arg>
<doc>Click the element identified by ``locator``.</doc>
<status status="PASS" start="2025-05-29T10:55:01.855171" elapsed="0.214277"/>
</kw>
<kw name="Wait Until Element Is Visible" owner="SeleniumLibrary">
<arg>id=logout_sidebar_link</arg>
<arg>timeout=5s</arg>
<doc>Waits until the element ``locator`` is visible.</doc>
<status status="PASS" start="2025-05-29T10:55:02.069783" elapsed="0.008805"/>
</kw>
<kw name="Click Element" owner="SeleniumLibrary">
<msg time="2025-05-29T10:55:02.079091" level="INFO">Clicking element 'id=logout_sidebar_link'.</msg>
<arg>id=logout_sidebar_link</arg>
<doc>Click the element identified by ``locator``.</doc>
<status status="PASS" start="2025-05-29T10:55:02.078902" elapsed="0.211028"/>
</kw>
<kw name="Wait Until Element Is Visible" owner="SeleniumLibrary">
<arg>id=user-name</arg>
<arg>timeout=10s</arg>
<doc>Waits until the element ``locator`` is visible.</doc>
<status status="PASS" start="2025-05-29T10:55:02.290262" elapsed="0.007666"/>
</kw>
<kw name="Page Should Contain Element" owner="SeleniumLibrary">
<msg time="2025-05-29T10:55:02.300734" level="INFO">Current page contains element 'id=user-name'.</msg>
<arg>id=user-name</arg>
<doc>Verifies that element ``locator`` is found on the current page.</doc>
<status status="PASS" start="2025-05-29T10:55:02.298200" elapsed="0.002602"/>
</kw>
<status status="PASS" start="2025-05-29T10:55:01.509670" elapsed="0.791354"/>
</test>
<kw name="Close Browser" owner="SeleniumLibrary" type="TEARDOWN">
<doc>Closes the current browser.</doc>
<status status="PASS" start="2025-05-29T10:55:02.301701" elapsed="2.620061"/>
</kw>
<status status="PASS" start="2025-05-29T10:54:55.607640" elapsed="9.314207"/>
</suite>
<status status="FAIL" start="2025-05-29T10:54:20.484971" elapsed="44.437826"/>
</suite>
<statistics>
<total>
<stat pass="3" fail="1" skip="0">All Tests</stat>
</total>
<tag>
</tag>
<suite>
<stat name="Tests" id="s1" pass="3" fail="1" skip="0">Tests</stat>
<stat name="Test All Login" id="s1-s1" pass="2" fail="0" skip="0">Tests.Test All Login</stat>
<stat name="Test Locked Out User" id="s1-s2" pass="0" fail="1" skip="0">Tests.Test Locked Out User</stat>
<stat name="Test Logout" id="s1-s3" pass="1" fail="0" skip="0">Tests.Test Logout</stat>
</suite>
</statistics>
<errors>
</errors>
</robot>
