<?xml version="1.0" encoding="UTF-8"?>
<robot generator="Robot 7.2.2 (Python 3.13.3 on win32)" generated="2025-05-30T15:07:37.805877" rpa="false" schemaversion="5">
<suite id="s1" name="Tests" source="K:\Documents\Programmierung\swaglabs-tests\tests">
<suite id="s1-s1" name="Test All Login" source="K:\Documents\Programmierung\swaglabs-tests\tests\test_all_login.robot">
<kw name="Open Browser To Login Page" owner="login_keywords" type="SETUP">
<kw name="Open Browser" owner="SeleniumLibrary">
<msg time="2025-05-30T15:07:38.052232" level="INFO">Opening browser 'firefox' to base url 'https://www.saucedemo.com/'.</msg>
<arg>${LOGIN_URL}</arg>
<arg>${BROWSER}</arg>
<doc>Opens a new browser instance to the optional ``url``.</doc>
<status status="PASS" start="2025-05-30T15:07:38.052020" elapsed="5.447936"/>
</kw>
<kw name="Maximize Browser Window" owner="SeleniumLibrary">
<doc>Maximizes current browser window.</doc>
<status status="PASS" start="2025-05-30T15:07:43.500243" elapsed="0.280593"/>
</kw>
<status status="PASS" start="2025-05-30T15:07:38.051452" elapsed="5.729579"/>
</kw>
<test id="s1-s1-t1" name="Test Login With All Users" line="12">
<for flavor="IN">
<iter>
<kw name="Run Keyword If" owner="BuiltIn">
<arg>'${user}' == 'locked_out_user'</arg>
<arg>Continue For Loop</arg>
<doc>Runs the given keyword with the given arguments, if ``condition`` is true.</doc>
<status status="PASS" start="2025-05-30T15:07:43.782023" elapsed="0.000194"/>
</kw>
<kw name="Log" owner="BuiltIn">
<msg time="2025-05-30T15:07:43.782429" level="INFO">Aktueller Testnutzer: standard_user</msg>
<arg>Aktueller Testnutzer: ${user}</arg>
<doc>Logs the given message with the given level.</doc>
<status status="PASS" start="2025-05-30T15:07:43.782314" elapsed="0.000156"/>
</kw>
<kw name="Get From Dictionary" owner="Collections">
<msg time="2025-05-30T15:07:43.782689" level="INFO">${password} = secret_sauce</msg>
<var>${password}</var>
<arg>${PASSWORDS}</arg>
<arg>${user}</arg>
<doc>Returns a value from the given ``dictionary`` based on the given ``key``.</doc>
<status status="PASS" start="2025-05-30T15:07:43.782549" elapsed="0.000162"/>
</kw>
<kw name="Input Valid Credentials" owner="login_keywords">
<kw name="Input Text" owner="SeleniumLibrary">
<msg time="2025-05-30T15:07:43.783299" level="INFO">Typing text 'standard_user' into text field 'id=user-name'.</msg>
<arg>id=user-name</arg>
<arg>${username}</arg>
<doc>Types the given ``text`` into the text field identified by ``locator``.</doc>
<status status="PASS" start="2025-05-30T15:07:43.783043" elapsed="0.057621"/>
</kw>
<kw name="Input Text" owner="SeleniumLibrary">
<msg time="2025-05-30T15:07:43.841115" level="INFO">Typing text 'secret_sauce' into text field 'id=password'.</msg>
<arg>id=password</arg>
<arg>${password}</arg>
<doc>Types the given ``text`` into the text field identified by ``locator``.</doc>
<status status="PASS" start="2025-05-30T15:07:43.840858" elapsed="0.015760"/>
</kw>
<arg>${user}</arg>
<arg>${password}</arg>
<status status="PASS" start="2025-05-30T15:07:43.782828" elapsed="0.073921"/>
</kw>
<kw name="Click Login Button" owner="login_keywords">
<kw name="Click Button" owner="SeleniumLibrary">
<msg time="2025-05-30T15:07:43.857351" level="INFO">Clicking button 'id=login-button'.</msg>
<arg>id=login-button</arg>
<doc>Clicks the button identified by ``locator``.</doc>
<status status="PASS" start="2025-05-30T15:07:43.857184" elapsed="0.242738"/>
</kw>
<status status="PASS" start="2025-05-30T15:07:43.856929" elapsed="0.243111"/>
</kw>
<kw name="Wait Until Element Is Visible" owner="SeleniumLibrary">
<arg>id=react-burger-menu-btn</arg>
<arg>timeout=10s</arg>
<doc>Waits until the element ``locator`` is visible.</doc>
<status status="PASS" start="2025-05-30T15:07:44.100185" elapsed="0.008826"/>
</kw>
<kw name="Click Element" owner="SeleniumLibrary">
<msg time="2025-05-30T15:07:44.109535" level="INFO">Clicking element 'id=react-burger-menu-btn'.</msg>
<arg>id=react-burger-menu-btn</arg>
<doc>Click the element identified by ``locator``.</doc>
<status status="PASS" start="2025-05-30T15:07:44.109299" elapsed="0.209959"/>
</kw>
<kw name="Sleep" owner="BuiltIn">
<msg time="2025-05-30T15:07:45.319853" level="INFO">Slept 1 second.</msg>
<arg>1s</arg>
<doc>Pauses the test executed for the given time.</doc>
<status status="PASS" start="2025-05-30T15:07:44.319454" elapsed="1.000564"/>
</kw>
<kw name="Wait Until Element Is Visible" owner="SeleniumLibrary">
<arg>id=logout_sidebar_link</arg>
<arg>timeout=10s</arg>
<doc>Waits until the element ``locator`` is visible.</doc>
<status status="PASS" start="2025-05-30T15:07:45.320284" elapsed="0.008377"/>
</kw>
<kw name="Click Element" owner="SeleniumLibrary">
<msg time="2025-05-30T15:07:45.329032" level="INFO">Clicking element 'id=logout_sidebar_link'.</msg>
<arg>id=logout_sidebar_link</arg>
<doc>Click the element identified by ``locator``.</doc>
<status status="PASS" start="2025-05-30T15:07:45.328841" elapsed="0.214862"/>
</kw>
<var name="${user}">standard_user</var>
<status status="PASS" start="2025-05-30T15:07:43.781864" elapsed="1.761932"/>
</iter>
<iter>
<kw name="Run Keyword If" owner="BuiltIn">
<kw name="Continue For Loop" owner="BuiltIn">
<msg time="2025-05-30T15:07:45.544439" level="INFO">Continuing for loop from the next iteration.</msg>
<doc>Skips the current FOR loop iteration and continues from the next.</doc>
<status status="PASS" start="2025-05-30T15:07:45.544365" elapsed="0.000145"/>
</kw>
<arg>'${user}' == 'locked_out_user'</arg>
<arg>Continue For Loop</arg>
<doc>Runs the given keyword with the given arguments, if ``condition`` is true.</doc>
<status status="PASS" start="2025-05-30T15:07:45.544137" elapsed="0.000426"/>
</kw>
<kw name="Log" owner="BuiltIn">
<arg>Aktueller Testnutzer: ${user}</arg>
<doc>Logs the given message with the given level.</doc>
<status status="NOT RUN" start="2025-05-30T15:07:45.544667" elapsed="0.000022"/>
</kw>
<kw name="Get From Dictionary" owner="Collections">
<var>${password}</var>
<arg>${PASSWORDS}</arg>
<arg>${user}</arg>
<doc>Returns a value from the given ``dictionary`` based on the given ``key``.</doc>
<status status="NOT RUN" start="2025-05-30T15:07:45.544764" elapsed="0.000021"/>
</kw>
<kw name="Input Valid Credentials" owner="login_keywords">
<arg>${user}</arg>
<arg>${password}</arg>
<status status="NOT RUN" start="2025-05-30T15:07:45.544892" elapsed="0.000025"/>
</kw>
<kw name="Click Login Button" owner="login_keywords">
<status status="NOT RUN" start="2025-05-30T15:07:45.545007" elapsed="0.000032"/>
</kw>
<kw name="Wait Until Element Is Visible" owner="SeleniumLibrary">
<arg>id=react-burger-menu-btn</arg>
<arg>timeout=10s</arg>
<doc>Waits until the element ``locator`` is visible.</doc>
<status status="NOT RUN" start="2025-05-30T15:07:45.545115" elapsed="0.000021"/>
</kw>
<kw name="Click Element" owner="SeleniumLibrary">
<arg>id=react-burger-menu-btn</arg>
<doc>Click the element identified by ``locator``.</doc>
<status status="NOT RUN" start="2025-05-30T15:07:45.545217" elapsed="0.000020"/>
</kw>
<kw name="Sleep" owner="BuiltIn">
<arg>1s</arg>
<doc>Pauses the test executed for the given time.</doc>
<status status="NOT RUN" start="2025-05-30T15:07:45.545303" elapsed="0.000019"/>
</kw>
<kw name="Wait Until Element Is Visible" owner="SeleniumLibrary">
<arg>id=logout_sidebar_link</arg>
<arg>timeout=10s</arg>
<doc>Waits until the element ``locator`` is visible.</doc>
<status status="NOT RUN" start="2025-05-30T15:07:45.545390" elapsed="0.000019"/>
</kw>
<kw name="Click Element" owner="SeleniumLibrary">
<arg>id=logout_sidebar_link</arg>
<doc>Click the element identified by ``locator``.</doc>
<status status="NOT RUN" start="2025-05-30T15:07:45.545477" elapsed="0.000018"/>
</kw>
<var name="${user}">locked_out_user</var>
<status status="PASS" start="2025-05-30T15:07:45.543997" elapsed="0.001529"/>
</iter>
<iter>
<kw name="Run Keyword If" owner="BuiltIn">
<arg>'${user}' == 'locked_out_user'</arg>
<arg>Continue For Loop</arg>
<doc>Runs the given keyword with the given arguments, if ``condition`` is true.</doc>
<status status="PASS" start="2025-05-30T15:07:45.545720" elapsed="0.000174"/>
</kw>
<kw name="Log" owner="BuiltIn">
<msg time="2025-05-30T15:07:45.546327" level="INFO">Aktueller Testnutzer: problem_user</msg>
<arg>Aktueller Testnutzer: ${user}</arg>
<doc>Logs the given message with the given level.</doc>
<status status="PASS" start="2025-05-30T15:07:45.546210" elapsed="0.000157"/>
</kw>
<kw name="Get From Dictionary" owner="Collections">
<msg time="2025-05-30T15:07:45.546596" level="INFO">${password} = secret_sauce</msg>
<var>${password}</var>
<arg>${PASSWORDS}</arg>
<arg>${user}</arg>
<doc>Returns a value from the given ``dictionary`` based on the given ``key``.</doc>
<status status="PASS" start="2025-05-30T15:07:45.546450" elapsed="0.000169"/>
</kw>
<kw name="Input Valid Credentials" owner="login_keywords">
<kw name="Input Text" owner="SeleniumLibrary">
<msg time="2025-05-30T15:07:45.547141" level="INFO">Typing text 'problem_user' into text field 'id=user-name'.</msg>
<arg>id=user-name</arg>
<arg>${username}</arg>
<doc>Types the given ``text`` into the text field identified by ``locator``.</doc>
<status status="PASS" start="2025-05-30T15:07:45.546953" elapsed="0.015888"/>
</kw>
<kw name="Input Text" owner="SeleniumLibrary">
<msg time="2025-05-30T15:07:45.563378" level="INFO">Typing text 'secret_sauce' into text field 'id=password'.</msg>
<arg>id=password</arg>
<arg>${password}</arg>
<doc>Types the given ``text`` into the text field identified by ``locator``.</doc>
<status status="PASS" start="2025-05-30T15:07:45.563063" elapsed="0.012521"/>
</kw>
<arg>${user}</arg>
<arg>${password}</arg>
<status status="PASS" start="2025-05-30T15:07:45.546722" elapsed="0.028975"/>
</kw>
<kw name="Click Login Button" owner="login_keywords">
<kw name="Click Button" owner="SeleniumLibrary">
<msg time="2025-05-30T15:07:45.576242" level="INFO">Clicking button 'id=login-button'.</msg>
<arg>id=login-button</arg>
<doc>Clicks the button identified by ``locator``.</doc>
<status status="PASS" start="2025-05-30T15:07:45.576096" elapsed="0.217292"/>
</kw>
<status status="PASS" start="2025-05-30T15:07:45.575863" elapsed="0.217631"/>
</kw>
<kw name="Wait Until Element Is Visible" owner="SeleniumLibrary">
<arg>id=react-burger-menu-btn</arg>
<arg>timeout=10s</arg>
<doc>Waits until the element ``locator`` is visible.</doc>
<status status="PASS" start="2025-05-30T15:07:45.793624" elapsed="0.007640"/>
</kw>
<kw name="Click Element" owner="SeleniumLibrary">
<msg time="2025-05-30T15:07:45.801678" level="INFO">Clicking element 'id=react-burger-menu-btn'.</msg>
<arg>id=react-burger-menu-btn</arg>
<doc>Click the element identified by ``locator``.</doc>
<status status="PASS" start="2025-05-30T15:07:45.801487" elapsed="0.208938"/>
</kw>
<kw name="Sleep" owner="BuiltIn">
<msg time="2025-05-30T15:07:47.011148" level="INFO">Slept 1 second.</msg>
<arg>1s</arg>
<doc>Pauses the test executed for the given time.</doc>
<status status="PASS" start="2025-05-30T15:07:46.010613" elapsed="1.000750"/>
</kw>
<kw name="Wait Until Element Is Visible" owner="SeleniumLibrary">
<arg>id=logout_sidebar_link</arg>
<arg>timeout=10s</arg>
<doc>Waits until the element ``locator`` is visible.</doc>
<status status="PASS" start="2025-05-30T15:07:47.011707" elapsed="0.008173"/>
</kw>
<kw name="Click Element" owner="SeleniumLibrary">
<msg time="2025-05-30T15:07:47.020330" level="INFO">Clicking element 'id=logout_sidebar_link'.</msg>
<arg>id=logout_sidebar_link</arg>
<doc>Click the element identified by ``locator``.</doc>
<status status="PASS" start="2025-05-30T15:07:47.020109" elapsed="0.213692"/>
</kw>
<var name="${user}">problem_user</var>
<status status="PASS" start="2025-05-30T15:07:45.545650" elapsed="1.688292"/>
</iter>
<iter>
<kw name="Run Keyword If" owner="BuiltIn">
<arg>'${user}' == 'locked_out_user'</arg>
<arg>Continue For Loop</arg>
<doc>Runs the given keyword with the given arguments, if ``condition`` is true.</doc>
<status status="PASS" start="2025-05-30T15:07:47.234279" elapsed="0.000192"/>
</kw>
<kw name="Log" owner="BuiltIn">
<msg time="2025-05-30T15:07:47.234671" level="INFO">Aktueller Testnutzer: performance_glitch_user</msg>
<arg>Aktueller Testnutzer: ${user}</arg>
<doc>Logs the given message with the given level.</doc>
<status status="PASS" start="2025-05-30T15:07:47.234562" elapsed="0.000147"/>
</kw>
<kw name="Get From Dictionary" owner="Collections">
<msg time="2025-05-30T15:07:47.234933" level="INFO">${password} = secret_sauce</msg>
<var>${password}</var>
<arg>${PASSWORDS}</arg>
<arg>${user}</arg>
<doc>Returns a value from the given ``dictionary`` based on the given ``key``.</doc>
<status status="PASS" start="2025-05-30T15:07:47.234788" elapsed="0.000505"/>
</kw>
<kw name="Input Valid Credentials" owner="login_keywords">
<kw name="Input Text" owner="SeleniumLibrary">
<msg time="2025-05-30T15:07:47.235789" level="INFO">Typing text 'performance_glitch_user' into text field 'id=user-name'.</msg>
<arg>id=user-name</arg>
<arg>${username}</arg>
<doc>Types the given ``text`` into the text field identified by ``locator``.</doc>
<status status="PASS" start="2025-05-30T15:07:47.235639" elapsed="0.021123"/>
</kw>
<kw name="Input Text" owner="SeleniumLibrary">
<msg time="2025-05-30T15:07:47.257116" level="INFO">Typing text 'secret_sauce' into text field 'id=password'.</msg>
<arg>id=password</arg>
<arg>${password}</arg>
<doc>Types the given ``text`` into the text field identified by ``locator``.</doc>
<status status="PASS" start="2025-05-30T15:07:47.256921" elapsed="0.011433"/>
</kw>
<arg>${user}</arg>
<arg>${password}</arg>
<status status="PASS" start="2025-05-30T15:07:47.235413" elapsed="0.033041"/>
</kw>
<kw name="Click Login Button" owner="login_keywords">
<kw name="Click Button" owner="SeleniumLibrary">
<msg time="2025-05-30T15:07:47.268932" level="INFO">Clicking button 'id=login-button'.</msg>
<arg>id=login-button</arg>
<doc>Clicks the button identified by ``locator``.</doc>
<status status="PASS" start="2025-05-30T15:07:47.268801" elapsed="5.218409"/>
</kw>
<status status="PASS" start="2025-05-30T15:07:47.268597" elapsed="5.218733"/>
</kw>
<kw name="Wait Until Element Is Visible" owner="SeleniumLibrary">
<arg>id=react-burger-menu-btn</arg>
<arg>timeout=10s</arg>
<doc>Waits until the element ``locator`` is visible.</doc>
<status status="PASS" start="2025-05-30T15:07:52.487480" elapsed="0.011081"/>
</kw>
<kw name="Click Element" owner="SeleniumLibrary">
<msg time="2025-05-30T15:07:52.498916" level="INFO">Clicking element 'id=react-burger-menu-btn'.</msg>
<arg>id=react-burger-menu-btn</arg>
<doc>Click the element identified by ``locator``.</doc>
<status status="PASS" start="2025-05-30T15:07:52.498739" elapsed="0.212310"/>
</kw>
<kw name="Sleep" owner="BuiltIn">
<msg time="2025-05-30T15:07:53.711919" level="INFO">Slept 1 second.</msg>
<arg>1s</arg>
<doc>Pauses the test executed for the given time.</doc>
<status status="PASS" start="2025-05-30T15:07:52.711248" elapsed="1.000896"/>
</kw>
<kw name="Wait Until Element Is Visible" owner="SeleniumLibrary">
<arg>id=logout_sidebar_link</arg>
<arg>timeout=10s</arg>
<doc>Waits until the element ``locator`` is visible.</doc>
<status status="PASS" start="2025-05-30T15:07:53.712515" elapsed="0.009424"/>
</kw>
<kw name="Click Element" owner="SeleniumLibrary">
<msg time="2025-05-30T15:07:53.722302" level="INFO">Clicking element 'id=logout_sidebar_link'.</msg>
<arg>id=logout_sidebar_link</arg>
<doc>Click the element identified by ``locator``.</doc>
<status status="PASS" start="2025-05-30T15:07:53.722112" elapsed="0.215271"/>
</kw>
<var name="${user}">performance_glitch_user</var>
<status status="PASS" start="2025-05-30T15:07:47.234132" elapsed="6.703335"/>
</iter>
<iter>
<kw name="Run Keyword If" owner="BuiltIn">
<arg>'${user}' == 'locked_out_user'</arg>
<arg>Continue For Loop</arg>
<doc>Runs the given keyword with the given arguments, if ``condition`` is true.</doc>
<status status="PASS" start="2025-05-30T15:07:53.937753" elapsed="0.000172"/>
</kw>
<kw name="Log" owner="BuiltIn">
<msg time="2025-05-30T15:07:53.938144" level="INFO">Aktueller Testnutzer: error_user</msg>
<arg>Aktueller Testnutzer: ${user}</arg>
<doc>Logs the given message with the given level.</doc>
<status status="PASS" start="2025-05-30T15:07:53.938033" elapsed="0.000256"/>
</kw>
<kw name="Get From Dictionary" owner="Collections">
<msg time="2025-05-30T15:07:53.938538" level="INFO">${password} = secret_sauce</msg>
<var>${password}</var>
<arg>${PASSWORDS}</arg>
<arg>${user}</arg>
<doc>Returns a value from the given ``dictionary`` based on the given ``key``.</doc>
<status status="PASS" start="2025-05-30T15:07:53.938391" elapsed="0.000170"/>
</kw>
<kw name="Input Valid Credentials" owner="login_keywords">
<kw name="Input Text" owner="SeleniumLibrary">
<msg time="2025-05-30T15:07:53.939064" level="INFO">Typing text 'error_user' into text field 'id=user-name'.</msg>
<arg>id=user-name</arg>
<arg>${username}</arg>
<doc>Types the given ``text`` into the text field identified by ``locator``.</doc>
<status status="PASS" start="2025-05-30T15:07:53.938914" elapsed="0.019079"/>
</kw>
<kw name="Input Text" owner="SeleniumLibrary">
<msg time="2025-05-30T15:07:53.958390" level="INFO">Typing text 'secret_sauce' into text field 'id=password'.</msg>
<arg>id=password</arg>
<arg>${password}</arg>
<doc>Types the given ``text`` into the text field identified by ``locator``.</doc>
<status status="PASS" start="2025-05-30T15:07:53.958171" elapsed="0.013566"/>
</kw>
<arg>${user}</arg>
<arg>${password}</arg>
<status status="PASS" start="2025-05-30T15:07:53.938676" elapsed="0.033161"/>
</kw>
<kw name="Click Login Button" owner="login_keywords">
<kw name="Click Button" owner="SeleniumLibrary">
<msg time="2025-05-30T15:07:53.972308" level="INFO">Clicking button 'id=login-button'.</msg>
<arg>id=login-button</arg>
<doc>Clicks the button identified by ``locator``.</doc>
<status status="PASS" start="2025-05-30T15:07:53.972177" elapsed="0.217183"/>
</kw>
<status status="PASS" start="2025-05-30T15:07:53.971981" elapsed="0.217574"/>
</kw>
<kw name="Wait Until Element Is Visible" owner="SeleniumLibrary">
<arg>id=react-burger-menu-btn</arg>
<arg>timeout=10s</arg>
<doc>Waits until the element ``locator`` is visible.</doc>
<status status="PASS" start="2025-05-30T15:07:54.189812" elapsed="0.006918"/>
</kw>
<kw name="Click Element" owner="SeleniumLibrary">
<msg time="2025-05-30T15:07:54.197206" level="INFO">Clicking element 'id=react-burger-menu-btn'.</msg>
<arg>id=react-burger-menu-btn</arg>
<doc>Click the element identified by ``locator``.</doc>
<status status="PASS" start="2025-05-30T15:07:54.196985" elapsed="0.208456"/>
</kw>
<kw name="Sleep" owner="BuiltIn">
<msg time="2025-05-30T15:07:55.405908" level="INFO">Slept 1 second.</msg>
<arg>1s</arg>
<doc>Pauses the test executed for the given time.</doc>
<status status="PASS" start="2025-05-30T15:07:54.405611" elapsed="1.000422"/>
</kw>
<kw name="Wait Until Element Is Visible" owner="SeleniumLibrary">
<arg>id=logout_sidebar_link</arg>
<arg>timeout=10s</arg>
<doc>Waits until the element ``locator`` is visible.</doc>
<status status="PASS" start="2025-05-30T15:07:55.406205" elapsed="0.007528"/>
</kw>
<kw name="Click Element" owner="SeleniumLibrary">
<msg time="2025-05-30T15:07:55.414074" level="INFO">Clicking element 'id=logout_sidebar_link'.</msg>
<arg>id=logout_sidebar_link</arg>
<doc>Click the element identified by ``locator``.</doc>
<status status="PASS" start="2025-05-30T15:07:55.413899" elapsed="0.213788"/>
</kw>
<var name="${user}">error_user</var>
<status status="PASS" start="2025-05-30T15:07:53.937629" elapsed="1.690201"/>
</iter>
<var>${user}</var>
<value>@{VALID_USERS}</value>
<status status="PASS" start="2025-05-30T15:07:43.781606" elapsed="11.846330"/>
</for>
<status status="PASS" start="2025-05-30T15:07:43.781139" elapsed="11.847304"/>
</test>
<test id="s1-s1-t2" name="[Teardown]" line="26">
<kw name="Close All Browsers" owner="SeleniumLibrary">
<doc>Closes all open browsers and resets the browser cache.</doc>
<status status="PASS" start="2025-05-30T15:07:55.629603" elapsed="2.679884"/>
</kw>
<status status="PASS" start="2025-05-30T15:07:55.629160" elapsed="2.680749"/>
</test>
<kw name="Close Browser" owner="SeleniumLibrary" type="TEARDOWN">
<doc>Closes the current browser.</doc>
<status status="PASS" start="2025-05-30T15:07:58.310765" elapsed="0.000136"/>
</kw>
<status status="PASS" start="2025-05-30T15:07:37.829996" elapsed="20.480945"/>
</suite>
<suite id="s1-s2" name="Test Locked Out User" source="K:\Documents\Programmierung\swaglabs-tests\tests\test_locked_out_user.robot">
<kw name="Open Browser To Login Page" owner="login_keywords" type="SETUP">
<kw name="Open Browser" owner="SeleniumLibrary">
<msg time="2025-05-30T15:07:58.315248" level="INFO">Opening browser 'firefox' to base url 'https://www.saucedemo.com/'.</msg>
<arg>${LOGIN_URL}</arg>
<arg>${BROWSER}</arg>
<doc>Opens a new browser instance to the optional ``url``.</doc>
<status status="PASS" start="2025-05-30T15:07:58.315021" elapsed="5.615316"/>
</kw>
<kw name="Maximize Browser Window" owner="SeleniumLibrary">
<doc>Maximizes current browser window.</doc>
<status status="PASS" start="2025-05-30T15:08:03.930620" elapsed="0.267771"/>
</kw>
<status status="PASS" start="2025-05-30T15:07:58.314740" elapsed="5.883815"/>
</kw>
<test id="s1-s2-t1" name="Locked Out User Cannot Login" line="12">
<kw name="Open Browser To Login Page" owner="login_keywords">
<kw name="Open Browser" owner="SeleniumLibrary">
<msg time="2025-05-30T15:08:04.199791" level="INFO">Opening browser 'firefox' to base url 'https://www.saucedemo.com/'.</msg>
<arg>${LOGIN_URL}</arg>
<arg>${BROWSER}</arg>
<doc>Opens a new browser instance to the optional ``url``.</doc>
<status status="PASS" start="2025-05-30T15:08:04.199602" elapsed="5.445077"/>
</kw>
<kw name="Maximize Browser Window" owner="SeleniumLibrary">
<doc>Maximizes current browser window.</doc>
<status status="PASS" start="2025-05-30T15:08:09.644873" elapsed="0.269288"/>
</kw>
<status status="PASS" start="2025-05-30T15:08:04.199288" elapsed="5.714991"/>
</kw>
<kw name="Input Valid Credentials" owner="login_keywords">
<kw name="Input Text" owner="SeleniumLibrary">
<msg time="2025-05-30T15:08:09.915086" level="INFO">Typing text 'locked_out_user' into text field 'id=user-name'.</msg>
<arg>id=user-name</arg>
<arg>${username}</arg>
<doc>Types the given ``text`` into the text field identified by ``locator``.</doc>
<status status="PASS" start="2025-05-30T15:08:09.914888" elapsed="0.059817"/>
</kw>
<kw name="Input Text" owner="SeleniumLibrary">
<msg time="2025-05-30T15:08:09.975161" level="INFO">Typing text 'secret_sauce' into text field 'id=password'.</msg>
<arg>id=password</arg>
<arg>${password}</arg>
<doc>Types the given ``text`` into the text field identified by ``locator``.</doc>
<status status="PASS" start="2025-05-30T15:08:09.974888" elapsed="0.016285"/>
</kw>
<arg>locked_out_user</arg>
<arg>secret_sauce</arg>
<status status="PASS" start="2025-05-30T15:08:09.914582" elapsed="0.076714"/>
</kw>
<kw name="Click Login Button" owner="login_keywords">
<kw name="Click Button" owner="SeleniumLibrary">
<msg time="2025-05-30T15:08:09.992232" level="INFO">Clicking button 'id=login-button'.</msg>
<arg>id=login-button</arg>
<doc>Clicks the button identified by ``locator``.</doc>
<status status="PASS" start="2025-05-30T15:08:09.992007" elapsed="0.242192"/>
</kw>
<status status="PASS" start="2025-05-30T15:08:09.991648" elapsed="0.242674"/>
</kw>
<kw name="Element Text Should Be" owner="SeleniumLibrary">
<msg time="2025-05-30T15:08:10.234846" level="INFO">Verifying element 'css=h3[data-test="error"]' contains exact text 'Epic sadface: Sorry this user has been locked out.'.</msg>
<msg time="2025-05-30T15:08:10.356771" level="INFO" html="true">&lt;/td&gt;&lt;/tr&gt;&lt;tr&gt;&lt;td colspan="3"&gt;&lt;a href="selenium-screenshot-1.png"&gt;&lt;img src="selenium-screenshot-1.png" width="800px"&gt;&lt;/a&gt;</msg>
<msg time="2025-05-30T15:08:10.356958" level="FAIL">The text of element 'css=h3[data-test="error"]' should have been 'Epic sadface: Sorry this user has been locked out.' but it was 'Epic sadface: Sorry, this user has been locked out.'.</msg>
<arg>css=h3[data-test="error"]</arg>
<arg>Epic sadface: Sorry this user has been locked out.</arg>
<doc>Verifies that element ``locator`` contains exact the text ``expected``.</doc>
<status status="FAIL" start="2025-05-30T15:08:10.234607" elapsed="0.124334">The text of element 'css=h3[data-test="error"]' should have been 'Epic sadface: Sorry this user has been locked out.' but it was 'Epic sadface: Sorry, this user has been locked out.'.</status>
</kw>
<kw name="Close Browser" owner="SeleniumLibrary">
<doc>Closes the current browser.</doc>
<status status="NOT RUN" start="2025-05-30T15:08:10.359296" elapsed="0.000050"/>
</kw>
<status status="FAIL" start="2025-05-30T15:08:04.198650" elapsed="6.160950">The text of element 'css=h3[data-test="error"]' should have been 'Epic sadface: Sorry this user has been locked out.' but it was 'Epic sadface: Sorry, this user has been locked out.'.</status>
</test>
<kw name="Close Browser" owner="SeleniumLibrary" type="TEARDOWN">
<doc>Closes the current browser.</doc>
<status status="PASS" start="2025-05-30T15:08:10.360228" elapsed="2.652840"/>
</kw>
<status status="FAIL" start="2025-05-30T15:07:58.311711" elapsed="14.701490"/>
</suite>
<suite id="s1-s3" name="Test Logout" source="K:\Documents\Programmierung\swaglabs-tests\tests\test_logout.robot">
<kw name="Open Browser To Login Page" owner="login_keywords" type="SETUP">
<kw name="Open Browser" owner="SeleniumLibrary">
<msg time="2025-05-30T15:08:13.016744" level="INFO">Opening browser 'firefox' to base url 'https://www.saucedemo.com/'.</msg>
<arg>${LOGIN_URL}</arg>
<arg>${BROWSER}</arg>
<doc>Opens a new browser instance to the optional ``url``.</doc>
<status status="PASS" start="2025-05-30T15:08:13.016572" elapsed="5.466766"/>
</kw>
<kw name="Maximize Browser Window" owner="SeleniumLibrary">
<doc>Maximizes current browser window.</doc>
<status status="PASS" start="2025-05-30T15:08:18.483500" elapsed="0.263952"/>
</kw>
<status status="PASS" start="2025-05-30T15:08:13.016381" elapsed="5.731187"/>
</kw>
<test id="s1-s3-t1" name="Valid User Can Logout" line="9">
<kw name="Login With Valid Credentials" owner="login_keywords">
<kw name="Input Valid Credentials" owner="login_keywords">
<kw name="Input Text" owner="SeleniumLibrary">
<msg time="2025-05-30T15:08:18.748711" level="INFO">Typing text 'standard_user' into text field 'id=user-name'.</msg>
<arg>id=user-name</arg>
<arg>${username}</arg>
<doc>Types the given ``text`` into the text field identified by ``locator``.</doc>
<status status="PASS" start="2025-05-30T15:08:18.748563" elapsed="0.057091"/>
</kw>
<kw name="Input Text" owner="SeleniumLibrary">
<msg time="2025-05-30T15:08:18.806098" level="INFO">Typing text 'secret_sauce' into text field 'id=password'.</msg>
<arg>id=password</arg>
<arg>${password}</arg>
<doc>Types the given ``text`` into the text field identified by ``locator``.</doc>
<status status="PASS" start="2025-05-30T15:08:18.805848" elapsed="0.017473"/>
</kw>
<arg>${username}</arg>
<arg>${password}</arg>
<status status="PASS" start="2025-05-30T15:08:18.748363" elapsed="0.075114"/>
</kw>
<kw name="Click Login Button" owner="login_keywords">
<kw name="Click Button" owner="SeleniumLibrary">
<msg time="2025-05-30T15:08:18.824205" level="INFO">Clicking button 'id=login-button'.</msg>
<arg>id=login-button</arg>
<doc>Clicks the button identified by ``locator``.</doc>
<status status="PASS" start="2025-05-30T15:08:18.823993" elapsed="0.266681"/>
</kw>
<status status="PASS" start="2025-05-30T15:08:18.823695" elapsed="0.267099"/>
</kw>
<arg>standard_user</arg>
<arg>secret_sauce</arg>
<status status="PASS" start="2025-05-30T15:08:18.748119" elapsed="0.342736"/>
</kw>
<kw name="Wait Until Element Is Visible" owner="SeleniumLibrary">
<arg>id=react-burger-menu-btn</arg>
<arg>timeout=5s</arg>
<doc>Waits until the element ``locator`` is visible.</doc>
<status status="PASS" start="2025-05-30T15:08:19.091182" elapsed="0.010278"/>
</kw>
<kw name="Click Element" owner="SeleniumLibrary">
<msg time="2025-05-30T15:08:19.101976" level="INFO">Clicking element 'id=react-burger-menu-btn'.</msg>
<arg>id=react-burger-menu-btn</arg>
<doc>Click the element identified by ``locator``.</doc>
<status status="PASS" start="2025-05-30T15:08:19.101778" elapsed="0.210877"/>
</kw>
<kw name="Wait Until Element Is Visible" owner="SeleniumLibrary">
<arg>id=logout_sidebar_link</arg>
<arg>timeout=5s</arg>
<doc>Waits until the element ``locator`` is visible.</doc>
<status status="PASS" start="2025-05-30T15:08:19.312996" elapsed="0.008516"/>
</kw>
<kw name="Click Element" owner="SeleniumLibrary">
<msg time="2025-05-30T15:08:19.322005" level="INFO">Clicking element 'id=logout_sidebar_link'.</msg>
<arg>id=logout_sidebar_link</arg>
<doc>Click the element identified by ``locator``.</doc>
<status status="PASS" start="2025-05-30T15:08:19.321814" elapsed="0.216559"/>
</kw>
<kw name="Wait Until Element Is Visible" owner="SeleniumLibrary">
<arg>id=user-name</arg>
<arg>timeout=10s</arg>
<doc>Waits until the element ``locator`` is visible.</doc>
<status status="PASS" start="2025-05-30T15:08:19.538713" elapsed="0.006984"/>
</kw>
<kw name="Page Should Contain Element" owner="SeleniumLibrary">
<msg time="2025-05-30T15:08:19.548577" level="INFO">Current page contains element 'id=user-name'.</msg>
<arg>id=user-name</arg>
<doc>Verifies that element ``locator`` is found on the current page.</doc>
<status status="PASS" start="2025-05-30T15:08:19.545995" elapsed="0.002664"/>
</kw>
<status status="PASS" start="2025-05-30T15:08:18.747654" elapsed="0.801224"/>
</test>
<kw name="Close Browser" owner="SeleniumLibrary" type="TEARDOWN">
<doc>Closes the current browser.</doc>
<status status="PASS" start="2025-05-30T15:08:19.549399" elapsed="2.615818"/>
</kw>
<status status="PASS" start="2025-05-30T15:08:13.014211" elapsed="9.151102"/>
</suite>
<status status="FAIL" start="2025-05-30T15:07:37.806923" elapsed="44.359390"/>
</suite>
<statistics>
<total>
<stat pass="3" fail="1" skip="0">All Tests</stat>
</total>
<tag>
</tag>
<suite>
<stat name="Tests" id="s1" pass="3" fail="1" skip="0">Tests</stat>
<stat name="Test All Login" id="s1-s1" pass="2" fail="0" skip="0">Tests.Test All Login</stat>
<stat name="Test Locked Out User" id="s1-s2" pass="0" fail="1" skip="0">Tests.Test Locked Out User</stat>
<stat name="Test Logout" id="s1-s3" pass="1" fail="0" skip="0">Tests.Test Logout</stat>
</suite>
</statistics>
<errors>
</errors>
</robot>
