<?xml version="1.0" encoding="UTF-8"?>
<robot generator="Robot 7.2.2 (Python 3.13.3 on win32)" generated="2025-05-29T09:48:45.386695" rpa="false" schemaversion="5">
<suite id="s1" name="Tests" source="K:\Documents\Programmierung\swaglabs-tests\tests">
<suite id="s1-s1" name="Test All Login" source="K:\Documents\Programmierung\swaglabs-tests\tests\test_all_login.robot">
<kw name="Open Browser To Login Page" owner="login_keywords" type="SETUP">
<kw name="Open Browser" owner="SeleniumLibrary">
<msg time="2025-05-29T09:48:45.616167" level="INFO">Opening browser 'Chrome' to base url 'https://www.saucedemo.com/'.</msg>
<arg>${LOGIN_URL}</arg>
<arg>${BROWSER}</arg>
<doc>Opens a new browser instance to the optional ``url``.</doc>
<status status="PASS" start="2025-05-29T09:48:45.615979" elapsed="2.305746"/>
</kw>
<kw name="Maximize Browser Window" owner="SeleniumLibrary">
<doc>Maximizes current browser window.</doc>
<status status="PASS" start="2025-05-29T09:48:47.921938" elapsed="0.025770"/>
</kw>
<status status="PASS" start="2025-05-29T09:48:45.615353" elapsed="2.332514"/>
</kw>
<test id="s1-s1-t1" name="Test Login With All Users" line="10">
<for flavor="IN">
<iter>
<kw name="Input Valid Credentials" owner="login_keywords">
<arg>${user.username}</arg>
<arg>${user.password}</arg>
<status status="NOT RUN" start="2025-05-29T09:48:47.949521" elapsed="0.000038"/>
</kw>
<kw name="Click Login Button" owner="login_keywords">
<status status="NOT RUN" start="2025-05-29T09:48:47.949671" elapsed="0.000025"/>
</kw>
<kw name="Page Should Contain Element" owner="SeleniumLibrary">
<arg>id=react-burger-menu-btn</arg>
<doc>Verifies that element ``locator`` is found on the current page.</doc>
<status status="NOT RUN" start="2025-05-29T09:48:47.949793" elapsed="0.000023"/>
</kw>
<kw name="Click Element" owner="SeleniumLibrary">
<arg>id=react-burger-menu-btn</arg>
<doc>Click the element identified by ``locator``.</doc>
<status status="NOT RUN" start="2025-05-29T09:48:47.949895" elapsed="0.000021"/>
</kw>
<kw name="Click Element" owner="SeleniumLibrary">
<arg>id=logout_sidebar_link</arg>
<doc>Click the element identified by ``locator``.</doc>
<status status="NOT RUN" start="2025-05-29T09:48:47.949999" elapsed="0.000020"/>
</kw>
<var name="${user}"/>
<status status="NOT RUN" start="2025-05-29T09:48:47.949343" elapsed="0.000707"/>
</iter>
<msg time="2025-05-29T09:48:47.950101" level="FAIL">Variable '@{VALID_USERS}' not found.</msg>
<var>${user}</var>
<value>@{VALID_USERS}</value>
<status status="FAIL" start="2025-05-29T09:48:47.948427" elapsed="0.001725">Variable '@{VALID_USERS}' not found.</status>
</for>
<status status="FAIL" start="2025-05-29T09:48:47.947957" elapsed="0.002496">Variable '@{VALID_USERS}' not found.</status>
</test>
<kw name="Close Browser" owner="SeleniumLibrary" type="TEARDOWN">
<doc>Closes the current browser.</doc>
<status status="PASS" start="2025-05-29T09:48:47.951258" elapsed="2.112812"/>
</kw>
<status status="FAIL" start="2025-05-29T09:48:45.409164" elapsed="4.655038"/>
</suite>
<suite id="s1-s2" name="Test Logout" source="K:\Documents\Programmierung\swaglabs-tests\tests\test_logout.robot">
<kw name="Open Browser To Login Page" owner="login_keywords" type="SETUP">
<kw name="Open Browser" owner="SeleniumLibrary">
<msg time="2025-05-29T09:48:50.067904" level="INFO">Opening browser 'Chrome' to base url 'https://www.saucedemo.com/'.</msg>
<arg>${LOGIN_URL}</arg>
<arg>${BROWSER}</arg>
<doc>Opens a new browser instance to the optional ``url``.</doc>
<status status="PASS" start="2025-05-29T09:48:50.067730" elapsed="1.334289"/>
</kw>
<kw name="Maximize Browser Window" owner="SeleniumLibrary">
<doc>Maximizes current browser window.</doc>
<status status="PASS" start="2025-05-29T09:48:51.402237" elapsed="0.025084"/>
</kw>
<status status="PASS" start="2025-05-29T09:48:50.067505" elapsed="1.359936"/>
</kw>
<test id="s1-s2-t1" name="Valid User Can Logout" line="9">
<kw name="Login With Valid Credentials" owner="login_keywords">
<kw name="Input Valid Credentials" owner="login_keywords">
<kw name="Input Text" owner="SeleniumLibrary">
<msg time="2025-05-29T09:48:51.429024" level="INFO">Typing text 'standard_user' into text field 'id=user-name'.</msg>
<arg>id=user-name</arg>
<arg>${username}</arg>
<doc>Types the given ``text`` into the text field identified by ``locator``.</doc>
<status status="PASS" start="2025-05-29T09:48:51.428538" elapsed="0.094044"/>
</kw>
<kw name="Input Text" owner="SeleniumLibrary">
<msg time="2025-05-29T09:48:51.522984" level="INFO">Typing text 'secret_sauce' into text field 'id=password'.</msg>
<arg>id=password</arg>
<arg>${password}</arg>
<doc>Types the given ``text`` into the text field identified by ``locator``.</doc>
<status status="PASS" start="2025-05-29T09:48:51.522760" elapsed="0.065371"/>
</kw>
<arg>${username}</arg>
<arg>${password}</arg>
<status status="PASS" start="2025-05-29T09:48:51.428271" elapsed="0.159993"/>
</kw>
<kw name="Click Login Button" owner="login_keywords">
<kw name="Click Button" owner="SeleniumLibrary">
<msg time="2025-05-29T09:48:51.588865" level="INFO">Clicking button 'id=login-button'.</msg>
<arg>id=login-button</arg>
<doc>Clicks the button identified by ``locator``.</doc>
<status status="PASS" start="2025-05-29T09:48:51.588707" elapsed="0.079619"/>
</kw>
<status status="PASS" start="2025-05-29T09:48:51.588445" elapsed="0.080030"/>
</kw>
<arg>standard_user</arg>
<arg>secret_sauce</arg>
<status status="PASS" start="2025-05-29T09:48:51.428002" elapsed="0.240524"/>
</kw>
<kw name="Click Element" owner="SeleniumLibrary">
<msg time="2025-05-29T09:48:51.668993" level="INFO">Clicking element 'id=react-burger-menu-btn'.</msg>
<arg>id=react-burger-menu-btn</arg>
<doc>Click the element identified by ``locator``.</doc>
<status status="PASS" start="2025-05-29T09:48:51.668795" elapsed="0.063163"/>
</kw>
<kw name="Click Element" owner="SeleniumLibrary">
<msg time="2025-05-29T09:48:51.732457" level="INFO">Clicking element 'id=logout_sidebar_link'.</msg>
<msg time="2025-05-29T09:48:52.201696" level="INFO" html="true">&lt;/td&gt;&lt;/tr&gt;&lt;tr&gt;&lt;td colspan="3"&gt;&lt;a href="selenium-screenshot-1.png"&gt;&lt;img src="selenium-screenshot-1.png" width="800px"&gt;&lt;/a&gt;</msg>
<msg time="2025-05-29T09:48:52.201865" level="FAIL">ElementNotInteractableException: Message: element not interactable
  (Session info: chrome=137.0.7151.41)
Stacktrace:
	GetHandleVerifier [0x0x7ff639216f65+78965]
	GetHandleVerifier [0x0x7ff639216fc0+79056]
	(No symbol) [0x0x7ff638fa9c0c]
	(No symbol) [0x0x7ff6390017fd]
	(No symbol) [0x0x7ff638ff32a4]
	(No symbol) [0x0x7ff63902866a]
	(No symbol) [0x0x7ff638ff2b56]
	(No symbol) [0x0x7ff639028880]
	(No symbol) [0x0x7ff639050dbe]
	(No symbol) [0x0x7ff639028443]
	(No symbol) [0x0x7ff638ff1311]
	(No symbol) [0x0x7ff638ff20a3]
	GetHandleVerifier [0x0x7ff6394ce26d+2926461]
	GetHandleVerifier [0x0x7ff6394c8993+2903715]
	GetHandleVerifier [0x0x7ff6394e6aed+3026941]
	GetHandleVerifier [0x0x7ff6392316fe+187406]
	GetHandleVerifier [0x0x7ff6392396ef+220159]
	GetHandleVerifier [0x0x7ff63921faf4+114692]
	GetHandleVerifier [0x0x7ff63921fca9+115129]
	GetHandleVerifier [0x0x7ff6392064d8+10728]
	BaseThreadInitThunk [0x0x7ffa6fe7e8d7+23]
	RtlUserThreadStart [0x0x7ffa7137c5dc+44]
</msg>
<arg>id=logout_sidebar_link</arg>
<doc>Click the element identified by ``locator``.</doc>
<status status="FAIL" start="2025-05-29T09:48:51.732261" elapsed="0.542038">ElementNotInteractableException: Message: element not interactable
  (Session info: chrome=137.0.7151.41)
Stacktrace:
	GetHandleVerifier [0x0x7ff639216f65+78965]
	GetHandleVerifier [0x0x7ff639216fc0+79056]
	(No symbol) [0x0x7ff638fa9c0c]
	(No symbol) [0x0x7ff6390017fd]
	(No symbol) [0x0x7ff638ff32a4]
	(No symbol) [0x0x7ff63902866a]
	(No symbol) [0x0x7ff638ff2b56]
	(No symbol) [0x0x7ff639028880]
	(No symbol) [0x0x7ff639050dbe]
	(No symbol) [0x0x7ff639028443]
	(No symbol) [0x0x7ff638ff1311]
	(No symbol) [0x0x7ff638ff20a3]
	GetHandleVerifier [0x0x7ff6394ce26d+2926461]
	GetHandleVerifier [0x0x7ff6394c8993+2903715]
	GetHandleVerifier [0x0x7ff6394e6aed+3026941]
	GetHandleVerifier [0x0x7ff6392316fe+187406]
	GetHandleVerifier [0x0x7ff6392396ef+220159]
	GetHandleVerifier [0x0x7ff63921faf4+114692]
	GetHandleVerifier [0x0x7ff63921fca9+115129]
	GetHandleVerifier [0x0x7ff6392064d8+10728]
	BaseThreadInitThunk [0x0x7ffa6fe7e8d7+23]
	RtlUserThreadStart [0x0x7ffa7137c5dc+44]
</status>
</kw>
<kw name="Page Should Contain Element" owner="SeleniumLibrary">
<arg>id=user-name</arg>
<doc>Verifies that element ``locator`` is found on the current page.</doc>
<status status="NOT RUN" start="2025-05-29T09:48:52.274801" elapsed="0.000044"/>
</kw>
<status status="FAIL" start="2025-05-29T09:48:51.427535" elapsed="0.847570">ElementNotInteractableException: Message: element not interactable
  (Session info: chrome=137.0.7151.41)
Stacktrace:
	GetHandleVerifier [0x0x7ff639216f65+78965]
	GetHandleVerifier [0x0x7ff639216fc0+79056]
	(No symbol) [0x0x7ff638fa9c0c]
	(No symbol) [0x0x7ff6390017fd]
	(No symbol) [0x0x7ff638ff32a4]
	(No symbol) [0x0x7ff63902866a]
	(No symbol) [0x0x7ff638ff2b56]
	(No symbol) [0x0x7ff639028880]
	(No symbol) [0x0x7ff639050dbe]
	(No symbol) [0x0x7ff639028443]
	(No symbol) [0x0x7ff638ff1311]
	(No symbol) [0x0x7ff638ff20a3]
	GetHandleVerifier [0x0x7ff6394ce26d+2926461]
	GetHandleVerifier [0x0x7ff6394c8993+2903715]
	GetHandleVerifier [0x0x7ff6394e6aed+3026941]
	GetHandleVerifier [0x0x7ff6392316fe+187406]
	GetHandleVerifier [0x0x7ff6392396ef+220159]
	GetHandleVerifier [0x0x7ff63921faf4+114692]
	GetHandleVerifier [0x0x7ff63921fca9+115129]
	GetHandleVerifier [0x0x7ff6392064d8+10728]
	BaseThreadInitThunk [0x0x7ffa6fe7e8d7+23]
	RtlUserThreadStart [0x0x7ffa7137c5dc+44]
</status>
</test>
<kw name="Close Browser" owner="SeleniumLibrary" type="TEARDOWN">
<doc>Closes the current browser.</doc>
<status status="PASS" start="2025-05-29T09:48:52.275789" elapsed="2.123062"/>
</kw>
<status status="FAIL" start="2025-05-29T09:48:50.065214" elapsed="4.333770"/>
</suite>
<status status="FAIL" start="2025-05-29T09:48:45.387836" elapsed="9.012147"/>
</suite>
<statistics>
<total>
<stat pass="0" fail="2" skip="0">All Tests</stat>
</total>
<tag>
</tag>
<suite>
<stat name="Tests" id="s1" pass="0" fail="2" skip="0">Tests</stat>
<stat name="Test All Login" id="s1-s1" pass="0" fail="1" skip="0">Tests.Test All Login</stat>
<stat name="Test Logout" id="s1-s2" pass="0" fail="1" skip="0">Tests.Test Logout</stat>
</suite>
</statistics>
<errors>
</errors>
</robot>
