<?xml version="1.0" encoding="UTF-8"?>
<robot generator="Robot 7.2.2 (Python 3.13.3 on win32)" generated="2025-05-29T09:18:30.160510" rpa="false" schemaversion="5">
<suite id="s1" name="Tests" source="K:\Documents\Programmierung\swaglabs-tests\tests">
<suite id="s1-s1" name="Test Logout" source="K:\Documents\Programmierung\swaglabs-tests\tests\test_logout.robot">
<kw name="Open Browser To Login Page" owner="login_keywords" type="SETUP">
<kw name="Open Browser" owner="SeleniumLibrary">
<msg time="2025-05-29T09:18:30.390551" level="INFO">Opening browser 'firefox' to base url 'https://www.saucedemo.com/'.</msg>
<arg>${LOGIN_URL}</arg>
<arg>${BROWSER}</arg>
<doc>Opens a new browser instance to the optional ``url``.</doc>
<status status="PASS" start="2025-05-29T09:18:30.390334" elapsed="5.355277"/>
</kw>
<kw name="Maximize Browser Window" owner="SeleniumLibrary">
<doc>Maximizes current browser window.</doc>
<status status="PASS" start="2025-05-29T09:18:35.745888" elapsed="0.273629"/>
</kw>
<status status="PASS" start="2025-05-29T09:18:30.389770" elapsed="5.629944"/>
</kw>
<test id="s1-s1-t1" name="Valid User Can Logout" line="9">
<kw name="Login With Valid Credentials" owner="login_keywords">
<kw name="Open Browser To Login Page" owner="login_keywords">
<kw name="Open Browser" owner="SeleniumLibrary">
<msg time="2025-05-29T09:18:36.021522" level="INFO">Opening browser 'firefox' to base url 'https://www.saucedemo.com/'.</msg>
<arg>${LOGIN_URL}</arg>
<arg>${BROWSER}</arg>
<doc>Opens a new browser instance to the optional ``url``.</doc>
<status status="PASS" start="2025-05-29T09:18:36.021328" elapsed="5.457386"/>
</kw>
<kw name="Maximize Browser Window" owner="SeleniumLibrary">
<doc>Maximizes current browser window.</doc>
<status status="PASS" start="2025-05-29T09:18:41.478968" elapsed="0.273564"/>
</kw>
<status status="PASS" start="2025-05-29T09:18:36.021078" elapsed="5.731602"/>
</kw>
<kw name="Input Valid Credentials" owner="login_keywords">
<kw name="Input Text" owner="SeleniumLibrary">
<msg time="2025-05-29T09:18:41.753513" level="INFO">Typing text 'standard_user' into text field 'id=user-name'.</msg>
<arg>id=user-name</arg>
<arg>${USERNAME}</arg>
<doc>Types the given ``text`` into the text field identified by ``locator``.</doc>
<status status="PASS" start="2025-05-29T09:18:41.753145" elapsed="0.055045"/>
</kw>
<kw name="Input Text" owner="SeleniumLibrary">
<msg time="2025-05-29T09:18:41.808634" level="INFO">Typing text 'secret_sauce' into text field 'id=password'.</msg>
<arg>id=password</arg>
<arg>${PASSWORD}</arg>
<doc>Types the given ``text`` into the text field identified by ``locator``.</doc>
<status status="PASS" start="2025-05-29T09:18:41.808381" elapsed="0.017087"/>
</kw>
<status status="PASS" start="2025-05-29T09:18:41.752865" elapsed="0.072726"/>
</kw>
<kw name="Click Login Button" owner="login_keywords">
<kw name="Click Button" owner="SeleniumLibrary">
<msg time="2025-05-29T09:18:41.826147" level="INFO">Clicking button 'id=login-button'.</msg>
<arg>id=login-button</arg>
<doc>Clicks the button identified by ``locator``.</doc>
<status status="PASS" start="2025-05-29T09:18:41.825988" elapsed="0.248206"/>
</kw>
<status status="PASS" start="2025-05-29T09:18:41.825749" elapsed="0.248553"/>
</kw>
<status status="PASS" start="2025-05-29T09:18:36.020459" elapsed="6.053896"/>
</kw>
<kw name="Click Element" owner="SeleniumLibrary">
<msg time="2025-05-29T09:18:42.074795" level="INFO">Clicking element 'id=react-burger-menu-btn'.</msg>
<arg>id=react-burger-menu-btn</arg>
<doc>Click the element identified by ``locator``.</doc>
<status status="PASS" start="2025-05-29T09:18:42.074596" elapsed="0.228279"/>
</kw>
<kw name="Click Element" owner="SeleniumLibrary">
<msg time="2025-05-29T09:18:42.303584" level="INFO">Clicking element 'id=logout_sidebar_link'.</msg>
<arg>id=logout_sidebar_link</arg>
<doc>Click the element identified by ``locator``.</doc>
<status status="PASS" start="2025-05-29T09:18:42.303310" elapsed="0.213190"/>
</kw>
<kw name="Page Should Contain Element" owner="SeleniumLibrary">
<msg time="2025-05-29T09:18:42.519952" level="INFO">Current page contains element 'id=user-name'.</msg>
<arg>id=user-name</arg>
<doc>Verifies that element ``locator`` is found on the current page.</doc>
<status status="PASS" start="2025-05-29T09:18:42.516847" elapsed="0.003210"/>
</kw>
<status status="PASS" start="2025-05-29T09:18:36.019820" elapsed="6.500500"/>
</test>
<kw name="Close All Browsers" owner="SeleniumLibrary" type="TEARDOWN">
<doc>Closes all open browsers and resets the browser cache.</doc>
<status status="PASS" start="2025-05-29T09:18:42.521052" elapsed="5.269646"/>
</kw>
<status status="PASS" start="2025-05-29T09:18:30.184083" elapsed="17.606755"/>
</suite>
<suite id="s1-s2" name="Test Successful Login" source="K:\Documents\Programmierung\swaglabs-tests\tests\test_successful_login.robot">
<kw name="Open Browser To Login Page" owner="login_keywords" type="SETUP">
<kw name="Open Browser" owner="SeleniumLibrary">
<msg time="2025-05-29T09:18:47.794899" level="INFO">Opening browser 'firefox' to base url 'https://www.saucedemo.com/'.</msg>
<arg>${LOGIN_URL}</arg>
<arg>${BROWSER}</arg>
<doc>Opens a new browser instance to the optional ``url``.</doc>
<status status="PASS" start="2025-05-29T09:18:47.794714" elapsed="5.388194"/>
</kw>
<kw name="Maximize Browser Window" owner="SeleniumLibrary">
<doc>Maximizes current browser window.</doc>
<status status="PASS" start="2025-05-29T09:18:53.183092" elapsed="0.302851"/>
</kw>
<status status="PASS" start="2025-05-29T09:18:47.794501" elapsed="5.691549"/>
</kw>
<test id="s1-s2-t1" name="Valid User Can Login" line="8">
<kw name="Input Valid Credentials" owner="login_keywords">
<kw name="Input Text" owner="SeleniumLibrary">
<msg time="2025-05-29T09:18:53.486887" level="INFO">Typing text 'standard_user' into text field 'id=user-name'.</msg>
<arg>id=user-name</arg>
<arg>${USERNAME}</arg>
<doc>Types the given ``text`` into the text field identified by ``locator``.</doc>
<status status="PASS" start="2025-05-29T09:18:53.486725" elapsed="0.054485"/>
</kw>
<kw name="Input Text" owner="SeleniumLibrary">
<msg time="2025-05-29T09:18:53.541578" level="INFO">Typing text 'secret_sauce' into text field 'id=password'.</msg>
<arg>id=password</arg>
<arg>${PASSWORD}</arg>
<doc>Types the given ``text`` into the text field identified by ``locator``.</doc>
<status status="PASS" start="2025-05-29T09:18:53.541379" elapsed="0.016572"/>
</kw>
<status status="PASS" start="2025-05-29T09:18:53.486533" elapsed="0.071535"/>
</kw>
<kw name="Click Login Button" owner="login_keywords">
<kw name="Click Button" owner="SeleniumLibrary">
<msg time="2025-05-29T09:18:53.558727" level="INFO">Clicking button 'id=login-button'.</msg>
<arg>id=login-button</arg>
<doc>Clicks the button identified by ``locator``.</doc>
<status status="PASS" start="2025-05-29T09:18:53.558568" elapsed="0.261768"/>
</kw>
<status status="PASS" start="2025-05-29T09:18:53.558334" elapsed="0.262156"/>
</kw>
<kw name="Page Should Contain Element" owner="SeleniumLibrary">
<msg time="2025-05-29T09:18:53.823997" level="INFO">Current page contains element 'id=inventory_container'.</msg>
<arg>id=inventory_container</arg>
<doc>Verifies that element ``locator`` is found on the current page.</doc>
<status status="PASS" start="2025-05-29T09:18:53.820837" elapsed="0.003263"/>
</kw>
<status status="PASS" start="2025-05-29T09:18:53.486122" elapsed="0.338211"/>
</test>
<kw name="Close All Browsers" owner="SeleniumLibrary" type="TEARDOWN">
<doc>Closes all open browsers and resets the browser cache.</doc>
<status status="PASS" start="2025-05-29T09:18:53.824816" elapsed="2.644331"/>
</kw>
<status status="PASS" start="2025-05-29T09:18:47.791961" elapsed="8.677291"/>
</suite>
<status status="PASS" start="2025-05-29T09:18:30.161851" elapsed="26.308332"/>
</suite>
<statistics>
<total>
<stat pass="2" fail="0" skip="0">All Tests</stat>
</total>
<tag>
</tag>
<suite>
<stat name="Tests" id="s1" pass="2" fail="0" skip="0">Tests</stat>
<stat name="Test Logout" id="s1-s1" pass="1" fail="0" skip="0">Tests.Test Logout</stat>
<stat name="Test Successful Login" id="s1-s2" pass="1" fail="0" skip="0">Tests.Test Successful Login</stat>
</suite>
</statistics>
<errors>
</errors>
</robot>
