<?xml version="1.0" encoding="UTF-8"?>
<robot generator="Robot 7.2.2 (Python 3.13.3 on win32)" generated="2025-06-05T15:49:02.758377" rpa="false" schemaversion="5">
<suite id="s1" name="Tests" source="K:\Documents\Programmierung\swaglabs-tests\tests">
<suite id="s1-s1" name="Test Logins" source="K:\Documents\Programmierung\swaglabs-tests\tests\test_logins.robot">
<kw name="Open Browser To Login Page" owner="auth_keywords" type="SETUP">
<kw name="Open Browser" owner="SeleniumLibrary">
<msg time="2025-06-05T15:49:03.064684" level="INFO">Opening browser 'firefox' to base url 'https://www.saucedemo.com/'.</msg>
<arg>${LOGIN_URL}</arg>
<arg>${BROWSER}</arg>
<arg>options=add_argument("--headless")</arg>
<doc>Opens a new browser instance to the optional ``url``.</doc>
<status status="PASS" start="2025-06-05T15:49:03.064461" elapsed="4.949064"/>
</kw>
<kw name="Maximize Browser Window" owner="SeleniumLibrary">
<doc>Maximizes current browser window.</doc>
<status status="PASS" start="2025-06-05T15:49:08.013796" elapsed="0.002318"/>
</kw>
<status status="PASS" start="2025-06-05T15:49:03.063932" elapsed="4.952301"/>
</kw>
<test id="s1-s1-t1" name="Test Login With All Users" line="11">
<for flavor="IN">
<iter>
<if>
<branch type="IF" condition="'${user}' == 'locked_out_user'">
<continue>
<status status="NOT RUN" start="2025-06-05T15:49:08.017253" elapsed="0.000026"/>
</continue>
<status status="NOT RUN" start="2025-06-05T15:49:08.017108" elapsed="0.000212"/>
</branch>
<status status="PASS" start="2025-06-05T15:49:08.017087" elapsed="0.000267"/>
</if>
<if>
<branch type="IF" condition="'${user}' == 'visual_user'">
<continue>
<status status="NOT RUN" start="2025-06-05T15:49:08.017540" elapsed="0.000026"/>
</continue>
<status status="NOT RUN" start="2025-06-05T15:49:08.017406" elapsed="0.000199"/>
</branch>
<status status="PASS" start="2025-06-05T15:49:08.017392" elapsed="0.000249"/>
</if>
<kw name="Log" owner="BuiltIn">
<msg time="2025-06-05T15:49:08.018014" level="INFO">Aktueller Testnutzer: standard_user</msg>
<arg>Aktueller Testnutzer: ${user}</arg>
<doc>Logs the given message with the given level.</doc>
<status status="PASS" start="2025-06-05T15:49:08.017794" elapsed="0.000292"/>
</kw>
<kw name="Get From Dictionary" owner="Collections">
<msg time="2025-06-05T15:49:08.018366" level="INFO">${password} = secret_sauce</msg>
<var>${password}</var>
<arg>${PASSWORDS}</arg>
<arg>${user}</arg>
<doc>Returns a value from the given ``dictionary`` based on the given ``key``.</doc>
<status status="PASS" start="2025-06-05T15:49:08.018199" elapsed="0.000190"/>
</kw>
<kw name="Login With Valid Credentials" owner="auth_keywords">
<kw name="Input Valid Credentials" owner="auth_keywords">
<kw name="Input Text" owner="SeleniumLibrary">
<msg time="2025-06-05T15:49:08.019298" level="INFO">Typing text 'standard_user' into text field 'id=user-name'.</msg>
<arg>id=user-name</arg>
<arg>${user}</arg>
<doc>Types the given ``text`` into the text field identified by ``locator``.</doc>
<status status="PASS" start="2025-06-05T15:49:08.019005" elapsed="0.109340"/>
</kw>
<kw name="Input Text" owner="SeleniumLibrary">
<msg time="2025-06-05T15:49:08.128731" level="INFO">Typing text 'secret_sauce' into text field 'id=password'.</msg>
<arg>id=password</arg>
<arg>${password}</arg>
<doc>Types the given ``text`` into the text field identified by ``locator``.</doc>
<status status="PASS" start="2025-06-05T15:49:08.128519" elapsed="0.015872"/>
</kw>
<arg>${user}</arg>
<arg>${password}</arg>
<status status="PASS" start="2025-06-05T15:49:08.018800" elapsed="0.125709"/>
</kw>
<kw name="Click Login Button" owner="auth_keywords">
<kw name="Click Button" owner="SeleniumLibrary">
<msg time="2025-06-05T15:49:08.145006" level="INFO">Clicking button 'id=login-button'.</msg>
<arg>id=login-button</arg>
<doc>Clicks the button identified by ``locator``.</doc>
<status status="PASS" start="2025-06-05T15:49:08.144866" elapsed="0.237259"/>
</kw>
<status status="PASS" start="2025-06-05T15:49:08.144660" elapsed="0.237564"/>
</kw>
<arg>${user}</arg>
<arg>${password}</arg>
<status status="PASS" start="2025-06-05T15:49:08.018529" elapsed="0.363739"/>
</kw>
<kw name="Click Element" owner="SeleniumLibrary">
<msg time="2025-06-05T15:49:08.382547" level="INFO">Clicking element 'id=react-burger-menu-btn'.</msg>
<arg>id=react-burger-menu-btn</arg>
<doc>Click the element identified by ``locator``.</doc>
<status status="PASS" start="2025-06-05T15:49:08.382388" elapsed="0.236835"/>
</kw>
<kw name="Sleep" owner="BuiltIn">
<msg time="2025-06-05T15:49:09.620446" level="INFO">Slept 1 second.</msg>
<arg>1s</arg>
<doc>Pauses the test executed for the given time.</doc>
<status status="PASS" start="2025-06-05T15:49:08.619488" elapsed="1.001100"/>
</kw>
<kw name="Wait Until Element Is Visible" owner="SeleniumLibrary">
<arg>id=logout_sidebar_link</arg>
<arg>timeout=10s</arg>
<doc>Waits until the element ``locator`` is visible.</doc>
<status status="PASS" start="2025-06-05T15:49:09.620766" elapsed="0.010314"/>
</kw>
<kw name="Click Element" owner="SeleniumLibrary">
<msg time="2025-06-05T15:49:09.631407" level="INFO">Clicking element 'id=logout_sidebar_link'.</msg>
<arg>id=logout_sidebar_link</arg>
<doc>Click the element identified by ``locator``.</doc>
<status status="PASS" start="2025-06-05T15:49:09.631245" elapsed="0.212667"/>
</kw>
<var name="${user}">standard_user</var>
<status status="PASS" start="2025-06-05T15:49:08.017030" elapsed="1.826973"/>
</iter>
<iter>
<if>
<branch type="IF" condition="'${user}' == 'locked_out_user'">
<continue>
<status status="PASS" start="2025-06-05T15:49:09.844514" elapsed="0.000054"/>
</continue>
<status status="PASS" start="2025-06-05T15:49:09.844358" elapsed="0.000258"/>
</branch>
<status status="PASS" start="2025-06-05T15:49:09.844338" elapsed="0.000318"/>
</if>
<if>
<branch type="IF" condition="'${user}' == 'visual_user'">
<continue>
<status status="NOT RUN" start="2025-06-05T15:49:09.844762" elapsed="0.000019"/>
</continue>
<status status="NOT RUN" start="2025-06-05T15:49:09.844720" elapsed="0.000101"/>
</branch>
<status status="NOT RUN" start="2025-06-05T15:49:09.844705" elapsed="0.000145"/>
</if>
<kw name="Log" owner="BuiltIn">
<arg>Aktueller Testnutzer: ${user}</arg>
<doc>Logs the given message with the given level.</doc>
<status status="NOT RUN" start="2025-06-05T15:49:09.844960" elapsed="0.000027"/>
</kw>
<kw name="Get From Dictionary" owner="Collections">
<var>${password}</var>
<arg>${PASSWORDS}</arg>
<arg>${user}</arg>
<doc>Returns a value from the given ``dictionary`` based on the given ``key``.</doc>
<status status="NOT RUN" start="2025-06-05T15:49:09.845071" elapsed="0.000021"/>
</kw>
<kw name="Login With Valid Credentials" owner="auth_keywords">
<arg>${user}</arg>
<arg>${password}</arg>
<status status="NOT RUN" start="2025-06-05T15:49:09.845208" elapsed="0.000026"/>
</kw>
<kw name="Click Element" owner="SeleniumLibrary">
<arg>id=react-burger-menu-btn</arg>
<doc>Click the element identified by ``locator``.</doc>
<status status="NOT RUN" start="2025-06-05T15:49:09.845314" elapsed="0.000022"/>
</kw>
<kw name="Sleep" owner="BuiltIn">
<arg>1s</arg>
<doc>Pauses the test executed for the given time.</doc>
<status status="NOT RUN" start="2025-06-05T15:49:09.845407" elapsed="0.000020"/>
</kw>
<kw name="Wait Until Element Is Visible" owner="SeleniumLibrary">
<arg>id=logout_sidebar_link</arg>
<arg>timeout=10s</arg>
<doc>Waits until the element ``locator`` is visible.</doc>
<status status="NOT RUN" start="2025-06-05T15:49:09.845497" elapsed="0.000019"/>
</kw>
<kw name="Click Element" owner="SeleniumLibrary">
<arg>id=logout_sidebar_link</arg>
<doc>Click the element identified by ``locator``.</doc>
<status status="NOT RUN" start="2025-06-05T15:49:09.845586" elapsed="0.000019"/>
</kw>
<var name="${user}">locked_out_user</var>
<status status="PASS" start="2025-06-05T15:49:09.844278" elapsed="0.001368"/>
</iter>
<iter>
<if>
<branch type="IF" condition="'${user}' == 'locked_out_user'">
<continue>
<status status="NOT RUN" start="2025-06-05T15:49:09.845994" elapsed="0.000017"/>
</continue>
<status status="NOT RUN" start="2025-06-05T15:49:09.845894" elapsed="0.000300"/>
</branch>
<status status="PASS" start="2025-06-05T15:49:09.845848" elapsed="0.000389"/>
</if>
<if>
<branch type="IF" condition="'${user}' == 'visual_user'">
<continue>
<status status="NOT RUN" start="2025-06-05T15:49:09.846382" elapsed="0.000017"/>
</continue>
<status status="NOT RUN" start="2025-06-05T15:49:09.846287" elapsed="0.000140"/>
</branch>
<status status="PASS" start="2025-06-05T15:49:09.846274" elapsed="0.000180"/>
</if>
<kw name="Log" owner="BuiltIn">
<msg time="2025-06-05T15:49:09.846655" level="INFO">Aktueller Testnutzer: problem_user</msg>
<arg>Aktueller Testnutzer: ${user}</arg>
<doc>Logs the given message with the given level.</doc>
<status status="PASS" start="2025-06-05T15:49:09.846526" elapsed="0.000170"/>
</kw>
<kw name="Get From Dictionary" owner="Collections">
<msg time="2025-06-05T15:49:09.846928" level="INFO">${password} = secret_sauce</msg>
<var>${password}</var>
<arg>${PASSWORDS}</arg>
<arg>${user}</arg>
<doc>Returns a value from the given ``dictionary`` based on the given ``key``.</doc>
<status status="PASS" start="2025-06-05T15:49:09.846777" elapsed="0.000174"/>
</kw>
<kw name="Login With Valid Credentials" owner="auth_keywords">
<kw name="Input Valid Credentials" owner="auth_keywords">
<kw name="Input Text" owner="SeleniumLibrary">
<msg time="2025-06-05T15:49:09.847652" level="INFO">Typing text 'problem_user' into text field 'id=user-name'.</msg>
<arg>id=user-name</arg>
<arg>${user}</arg>
<doc>Types the given ``text`` into the text field identified by ``locator``.</doc>
<status status="PASS" start="2025-06-05T15:49:09.847499" elapsed="0.016045"/>
</kw>
<kw name="Input Text" owner="SeleniumLibrary">
<msg time="2025-06-05T15:49:09.864000" level="INFO">Typing text 'secret_sauce' into text field 'id=password'.</msg>
<arg>id=password</arg>
<arg>${password}</arg>
<doc>Types the given ``text`` into the text field identified by ``locator``.</doc>
<status status="PASS" start="2025-06-05T15:49:09.863762" elapsed="0.013939"/>
</kw>
<arg>${user}</arg>
<arg>${password}</arg>
<status status="PASS" start="2025-06-05T15:49:09.847286" elapsed="0.030514"/>
</kw>
<kw name="Click Login Button" owner="auth_keywords">
<kw name="Click Button" owner="SeleniumLibrary">
<msg time="2025-06-05T15:49:09.878278" level="INFO">Clicking button 'id=login-button'.</msg>
<arg>id=login-button</arg>
<doc>Clicks the button identified by ``locator``.</doc>
<status status="PASS" start="2025-06-05T15:49:09.878146" elapsed="0.216263"/>
</kw>
<status status="PASS" start="2025-06-05T15:49:09.877940" elapsed="0.216570"/>
</kw>
<arg>${user}</arg>
<arg>${password}</arg>
<status status="PASS" start="2025-06-05T15:49:09.847052" elapsed="0.247506"/>
</kw>
<kw name="Click Element" owner="SeleniumLibrary">
<msg time="2025-06-05T15:49:10.094843" level="INFO">Clicking element 'id=react-burger-menu-btn'.</msg>
<arg>id=react-burger-menu-btn</arg>
<doc>Click the element identified by ``locator``.</doc>
<status status="PASS" start="2025-06-05T15:49:10.094676" elapsed="0.211770"/>
</kw>
<kw name="Sleep" owner="BuiltIn">
<msg time="2025-06-05T15:49:11.307060" level="INFO">Slept 1 second.</msg>
<arg>1s</arg>
<doc>Pauses the test executed for the given time.</doc>
<status status="PASS" start="2025-06-05T15:49:10.306652" elapsed="1.000531"/>
</kw>
<kw name="Wait Until Element Is Visible" owner="SeleniumLibrary">
<arg>id=logout_sidebar_link</arg>
<arg>timeout=10s</arg>
<doc>Waits until the element ``locator`` is visible.</doc>
<status status="PASS" start="2025-06-05T15:49:11.307379" elapsed="0.008334"/>
</kw>
<kw name="Click Element" owner="SeleniumLibrary">
<msg time="2025-06-05T15:49:11.316071" level="INFO">Clicking element 'id=logout_sidebar_link'.</msg>
<arg>id=logout_sidebar_link</arg>
<doc>Click the element identified by ``locator``.</doc>
<status status="PASS" start="2025-06-05T15:49:11.315894" elapsed="0.212874"/>
</kw>
<var name="${user}">problem_user</var>
<status status="PASS" start="2025-06-05T15:49:09.845804" elapsed="1.683057"/>
</iter>
<iter>
<if>
<branch type="IF" condition="'${user}' == 'locked_out_user'">
<continue>
<status status="NOT RUN" start="2025-06-05T15:49:11.529326" elapsed="0.000021"/>
</continue>
<status status="NOT RUN" start="2025-06-05T15:49:11.529199" elapsed="0.000181"/>
</branch>
<status status="PASS" start="2025-06-05T15:49:11.529183" elapsed="0.000227"/>
</if>
<if>
<branch type="IF" condition="'${user}' == 'visual_user'">
<continue>
<status status="NOT RUN" start="2025-06-05T15:49:11.529545" elapsed="0.000015"/>
</continue>
<status status="NOT RUN" start="2025-06-05T15:49:11.529456" elapsed="0.000132"/>
</branch>
<status status="PASS" start="2025-06-05T15:49:11.529444" elapsed="0.000170"/>
</if>
<kw name="Log" owner="BuiltIn">
<msg time="2025-06-05T15:49:11.529858" level="INFO">Aktueller Testnutzer: performance_glitch_user</msg>
<arg>Aktueller Testnutzer: ${user}</arg>
<doc>Logs the given message with the given level.</doc>
<status status="PASS" start="2025-06-05T15:49:11.529726" elapsed="0.000192"/>
</kw>
<kw name="Get From Dictionary" owner="Collections">
<msg time="2025-06-05T15:49:11.530141" level="INFO">${password} = secret_sauce</msg>
<var>${password}</var>
<arg>${PASSWORDS}</arg>
<arg>${user}</arg>
<doc>Returns a value from the given ``dictionary`` based on the given ``key``.</doc>
<status status="PASS" start="2025-06-05T15:49:11.530001" elapsed="0.000162"/>
</kw>
<kw name="Login With Valid Credentials" owner="auth_keywords">
<kw name="Input Valid Credentials" owner="auth_keywords">
<kw name="Input Text" owner="SeleniumLibrary">
<msg time="2025-06-05T15:49:11.530852" level="INFO">Typing text 'performance_glitch_user' into text field 'id=user-name'.</msg>
<arg>id=user-name</arg>
<arg>${user}</arg>
<doc>Types the given ``text`` into the text field identified by ``locator``.</doc>
<status status="PASS" start="2025-06-05T15:49:11.530707" elapsed="0.019427"/>
</kw>
<kw name="Input Text" owner="SeleniumLibrary">
<msg time="2025-06-05T15:49:11.550512" level="INFO">Typing text 'secret_sauce' into text field 'id=password'.</msg>
<arg>id=password</arg>
<arg>${password}</arg>
<doc>Types the given ``text`` into the text field identified by ``locator``.</doc>
<status status="PASS" start="2025-06-05T15:49:11.550300" elapsed="0.012030"/>
</kw>
<arg>${user}</arg>
<arg>${password}</arg>
<status status="PASS" start="2025-06-05T15:49:11.530512" elapsed="0.031930"/>
</kw>
<kw name="Click Login Button" owner="auth_keywords">
<kw name="Click Button" owner="SeleniumLibrary">
<msg time="2025-06-05T15:49:11.562969" level="INFO">Clicking button 'id=login-button'.</msg>
<arg>id=login-button</arg>
<doc>Clicks the button identified by ``locator``.</doc>
<status status="PASS" start="2025-06-05T15:49:11.562823" elapsed="5.218329"/>
</kw>
<status status="PASS" start="2025-06-05T15:49:11.562600" elapsed="5.218675"/>
</kw>
<arg>${user}</arg>
<arg>${password}</arg>
<status status="PASS" start="2025-06-05T15:49:11.530278" elapsed="5.251046"/>
</kw>
<kw name="Click Element" owner="SeleniumLibrary">
<msg time="2025-06-05T15:49:16.781621" level="INFO">Clicking element 'id=react-burger-menu-btn'.</msg>
<arg>id=react-burger-menu-btn</arg>
<doc>Click the element identified by ``locator``.</doc>
<status status="PASS" start="2025-06-05T15:49:16.781453" elapsed="0.224841"/>
</kw>
<kw name="Sleep" owner="BuiltIn">
<msg time="2025-06-05T15:49:18.006923" level="INFO">Slept 1 second.</msg>
<arg>1s</arg>
<doc>Pauses the test executed for the given time.</doc>
<status status="PASS" start="2025-06-05T15:49:17.006483" elapsed="1.000630"/>
</kw>
<kw name="Wait Until Element Is Visible" owner="SeleniumLibrary">
<arg>id=logout_sidebar_link</arg>
<arg>timeout=10s</arg>
<doc>Waits until the element ``locator`` is visible.</doc>
<status status="PASS" start="2025-06-05T15:49:18.007380" elapsed="0.009219"/>
</kw>
<kw name="Click Element" owner="SeleniumLibrary">
<msg time="2025-06-05T15:49:18.016951" level="INFO">Clicking element 'id=logout_sidebar_link'.</msg>
<arg>id=logout_sidebar_link</arg>
<doc>Click the element identified by ``locator``.</doc>
<status status="PASS" start="2025-06-05T15:49:18.016779" elapsed="0.215699"/>
</kw>
<var name="${user}">performance_glitch_user</var>
<status status="PASS" start="2025-06-05T15:49:11.529135" elapsed="6.703424"/>
</iter>
<iter>
<if>
<branch type="IF" condition="'${user}' == 'locked_out_user'">
<continue>
<status status="NOT RUN" start="2025-06-05T15:49:18.232973" elapsed="0.000021"/>
</continue>
<status status="NOT RUN" start="2025-06-05T15:49:18.232839" elapsed="0.000188"/>
</branch>
<status status="PASS" start="2025-06-05T15:49:18.232822" elapsed="0.000234"/>
</if>
<if>
<branch type="IF" condition="'${user}' == 'visual_user'">
<continue>
<status status="NOT RUN" start="2025-06-05T15:49:18.233208" elapsed="0.000017"/>
</continue>
<status status="NOT RUN" start="2025-06-05T15:49:18.233114" elapsed="0.000139"/>
</branch>
<status status="PASS" start="2025-06-05T15:49:18.233102" elapsed="0.000178"/>
</if>
<kw name="Log" owner="BuiltIn">
<msg time="2025-06-05T15:49:18.233517" level="INFO">Aktueller Testnutzer: error_user</msg>
<arg>Aktueller Testnutzer: ${user}</arg>
<doc>Logs the given message with the given level.</doc>
<status status="PASS" start="2025-06-05T15:49:18.233382" elapsed="0.000178"/>
</kw>
<kw name="Get From Dictionary" owner="Collections">
<msg time="2025-06-05T15:49:18.233781" level="INFO">${password} = secret_sauce</msg>
<var>${password}</var>
<arg>${PASSWORDS}</arg>
<arg>${user}</arg>
<doc>Returns a value from the given ``dictionary`` based on the given ``key``.</doc>
<status status="PASS" start="2025-06-05T15:49:18.233645" elapsed="0.000158"/>
</kw>
<kw name="Login With Valid Credentials" owner="auth_keywords">
<kw name="Input Valid Credentials" owner="auth_keywords">
<kw name="Input Text" owner="SeleniumLibrary">
<msg time="2025-06-05T15:49:18.234511" level="INFO">Typing text 'error_user' into text field 'id=user-name'.</msg>
<arg>id=user-name</arg>
<arg>${user}</arg>
<doc>Types the given ``text`` into the text field identified by ``locator``.</doc>
<status status="PASS" start="2025-06-05T15:49:18.234360" elapsed="0.019016"/>
</kw>
<kw name="Input Text" owner="SeleniumLibrary">
<msg time="2025-06-05T15:49:18.254223" level="INFO">Typing text 'secret_sauce' into text field 'id=password'.</msg>
<arg>id=password</arg>
<arg>${password}</arg>
<doc>Types the given ``text`` into the text field identified by ``locator``.</doc>
<status status="PASS" start="2025-06-05T15:49:18.253653" elapsed="0.013468"/>
</kw>
<arg>${user}</arg>
<arg>${password}</arg>
<status status="PASS" start="2025-06-05T15:49:18.234150" elapsed="0.033088"/>
</kw>
<kw name="Click Login Button" owner="auth_keywords">
<kw name="Click Button" owner="SeleniumLibrary">
<msg time="2025-06-05T15:49:18.267715" level="INFO">Clicking button 'id=login-button'.</msg>
<arg>id=login-button</arg>
<doc>Clicks the button identified by ``locator``.</doc>
<status status="PASS" start="2025-06-05T15:49:18.267585" elapsed="0.213698"/>
</kw>
<status status="PASS" start="2025-06-05T15:49:18.267386" elapsed="0.214019"/>
</kw>
<arg>${user}</arg>
<arg>${password}</arg>
<status status="PASS" start="2025-06-05T15:49:18.233918" elapsed="0.247548"/>
</kw>
<kw name="Click Element" owner="SeleniumLibrary">
<msg time="2025-06-05T15:49:18.481777" level="INFO">Clicking element 'id=react-burger-menu-btn'.</msg>
<arg>id=react-burger-menu-btn</arg>
<doc>Click the element identified by ``locator``.</doc>
<status status="PASS" start="2025-06-05T15:49:18.481608" elapsed="0.224919"/>
</kw>
<kw name="Sleep" owner="BuiltIn">
<msg time="2025-06-05T15:49:19.707148" level="INFO">Slept 1 second.</msg>
<arg>1s</arg>
<doc>Pauses the test executed for the given time.</doc>
<status status="PASS" start="2025-06-05T15:49:18.706736" elapsed="1.000574"/>
</kw>
<kw name="Wait Until Element Is Visible" owner="SeleniumLibrary">
<arg>id=logout_sidebar_link</arg>
<arg>timeout=10s</arg>
<doc>Waits until the element ``locator`` is visible.</doc>
<status status="PASS" start="2025-06-05T15:49:19.707582" elapsed="0.008257"/>
</kw>
<kw name="Click Element" owner="SeleniumLibrary">
<msg time="2025-06-05T15:49:19.716236" level="INFO">Clicking element 'id=logout_sidebar_link'.</msg>
<arg>id=logout_sidebar_link</arg>
<doc>Click the element identified by ``locator``.</doc>
<status status="PASS" start="2025-06-05T15:49:19.716041" elapsed="0.211247"/>
</kw>
<var name="${user}">error_user</var>
<status status="PASS" start="2025-06-05T15:49:18.232775" elapsed="1.694637"/>
</iter>
<iter>
<if>
<branch type="IF" condition="'${user}' == 'locked_out_user'">
<continue>
<status status="NOT RUN" start="2025-06-05T15:49:19.927828" elapsed="0.000020"/>
</continue>
<status status="NOT RUN" start="2025-06-05T15:49:19.927701" elapsed="0.000180"/>
</branch>
<status status="PASS" start="2025-06-05T15:49:19.927684" elapsed="0.000235"/>
</if>
<if>
<branch type="IF" condition="'${user}' == 'visual_user'">
<continue>
<status status="PASS" start="2025-06-05T15:49:19.928054" elapsed="0.000038"/>
</continue>
<status status="PASS" start="2025-06-05T15:49:19.927965" elapsed="0.000160"/>
</branch>
<status status="PASS" start="2025-06-05T15:49:19.927953" elapsed="0.000202"/>
</if>
<kw name="Log" owner="BuiltIn">
<arg>Aktueller Testnutzer: ${user}</arg>
<doc>Logs the given message with the given level.</doc>
<status status="NOT RUN" start="2025-06-05T15:49:19.928264" elapsed="0.000048"/>
</kw>
<kw name="Get From Dictionary" owner="Collections">
<var>${password}</var>
<arg>${PASSWORDS}</arg>
<arg>${user}</arg>
<doc>Returns a value from the given ``dictionary`` based on the given ``key``.</doc>
<status status="NOT RUN" start="2025-06-05T15:49:19.928391" elapsed="0.000022"/>
</kw>
<kw name="Login With Valid Credentials" owner="auth_keywords">
<arg>${user}</arg>
<arg>${password}</arg>
<status status="NOT RUN" start="2025-06-05T15:49:19.928537" elapsed="0.000029"/>
</kw>
<kw name="Click Element" owner="SeleniumLibrary">
<arg>id=react-burger-menu-btn</arg>
<doc>Click the element identified by ``locator``.</doc>
<status status="NOT RUN" start="2025-06-05T15:49:19.928646" elapsed="0.000021"/>
</kw>
<kw name="Sleep" owner="BuiltIn">
<arg>1s</arg>
<doc>Pauses the test executed for the given time.</doc>
<status status="NOT RUN" start="2025-06-05T15:49:19.928735" elapsed="0.000020"/>
</kw>
<kw name="Wait Until Element Is Visible" owner="SeleniumLibrary">
<arg>id=logout_sidebar_link</arg>
<arg>timeout=10s</arg>
<doc>Waits until the element ``locator`` is visible.</doc>
<status status="NOT RUN" start="2025-06-05T15:49:19.928825" elapsed="0.000019"/>
</kw>
<kw name="Click Element" owner="SeleniumLibrary">
<arg>id=logout_sidebar_link</arg>
<doc>Click the element identified by ``locator``.</doc>
<status status="NOT RUN" start="2025-06-05T15:49:19.928914" elapsed="0.000022"/>
</kw>
<var name="${user}">visual_user</var>
<status status="PASS" start="2025-06-05T15:49:19.927637" elapsed="0.001330"/>
</iter>
<var>${user}</var>
<value>@{VALID_USERS}</value>
<status status="PASS" start="2025-06-05T15:49:08.016743" elapsed="11.912267"/>
</for>
<status status="PASS" start="2025-06-05T15:49:08.016314" elapsed="11.912959"/>
</test>
<test id="s1-s1-t2" name="Locked Out User Cannot Login" line="24">
<kw name="Open Browser To Login Page" owner="auth_keywords">
<kw name="Open Browser" owner="SeleniumLibrary">
<msg time="2025-06-05T15:49:19.930475" level="INFO">Opening browser 'firefox' to base url 'https://www.saucedemo.com/'.</msg>
<arg>${LOGIN_URL}</arg>
<arg>${BROWSER}</arg>
<arg>options=add_argument("--headless")</arg>
<doc>Opens a new browser instance to the optional ``url``.</doc>
<status status="PASS" start="2025-06-05T15:49:19.930264" elapsed="5.001713"/>
</kw>
<kw name="Maximize Browser Window" owner="SeleniumLibrary">
<doc>Maximizes current browser window.</doc>
<status status="PASS" start="2025-06-05T15:49:24.932229" elapsed="0.002859"/>
</kw>
<status status="PASS" start="2025-06-05T15:49:19.930058" elapsed="5.005238"/>
</kw>
<kw name="Input Valid Credentials" owner="auth_keywords">
<kw name="Input Text" owner="SeleniumLibrary">
<msg time="2025-06-05T15:49:24.936629" level="INFO">Typing text 'locked_out_user' into text field 'id=user-name'.</msg>
<arg>id=user-name</arg>
<arg>${user}</arg>
<doc>Types the given ``text`` into the text field identified by ``locator``.</doc>
<status status="PASS" start="2025-06-05T15:49:24.936309" elapsed="0.094669"/>
</kw>
<kw name="Input Text" owner="SeleniumLibrary">
<msg time="2025-06-05T15:49:25.031536" level="INFO">Typing text 'secret_sauce' into text field 'id=password'.</msg>
<arg>id=password</arg>
<arg>${password}</arg>
<doc>Types the given ``text`` into the text field identified by ``locator``.</doc>
<status status="PASS" start="2025-06-05T15:49:25.031243" elapsed="0.048109"/>
</kw>
<arg>locked_out_user</arg>
<arg>secret_sauce</arg>
<status status="PASS" start="2025-06-05T15:49:24.935846" elapsed="0.143612"/>
</kw>
<kw name="Click Login Button" owner="auth_keywords">
<kw name="Click Button" owner="SeleniumLibrary">
<msg time="2025-06-05T15:49:25.080131" level="INFO">Clicking button 'id=login-button'.</msg>
<arg>id=login-button</arg>
<doc>Clicks the button identified by ``locator``.</doc>
<status status="PASS" start="2025-06-05T15:49:25.079978" elapsed="0.237134"/>
</kw>
<status status="PASS" start="2025-06-05T15:49:25.079739" elapsed="0.237493"/>
</kw>
<kw name="Element Text Should Be" owner="SeleniumLibrary">
<msg time="2025-06-05T15:49:25.317697" level="INFO">Verifying element 'css=h3[data-test="error"]' contains exact text 'Epic sadface: Sorry, this user has been locked out.'.</msg>
<arg>css=h3[data-test="error"]</arg>
<arg>Epic sadface: Sorry, this user has been locked out.</arg>
<doc>Verifies that element ``locator`` contains exact the text ``expected``.</doc>
<status status="PASS" start="2025-06-05T15:49:25.317487" elapsed="0.010963"/>
</kw>
<status status="PASS" start="2025-06-05T15:49:19.929715" elapsed="5.399001"/>
</test>
<test id="s1-s1-t3" name="Valid User Can Logout" line="30">
<kw name="Login With Valid Credentials" owner="auth_keywords">
<kw name="Input Valid Credentials" owner="auth_keywords">
<kw name="Input Text" owner="SeleniumLibrary">
<msg time="2025-06-05T15:49:25.330160" level="INFO">Typing text 'standard_user' into text field 'id=user-name'.</msg>
<arg>id=user-name</arg>
<arg>${user}</arg>
<doc>Types the given ``text`` into the text field identified by ``locator``.</doc>
<status status="PASS" start="2025-06-05T15:49:25.330007" elapsed="0.022837"/>
</kw>
<kw name="Input Text" owner="SeleniumLibrary">
<msg time="2025-06-05T15:49:25.353227" level="INFO">Typing text 'secret_sauce' into text field 'id=password'.</msg>
<arg>id=password</arg>
<arg>${password}</arg>
<doc>Types the given ``text`` into the text field identified by ``locator``.</doc>
<status status="PASS" start="2025-06-05T15:49:25.353021" elapsed="0.025440"/>
</kw>
<arg>${user}</arg>
<arg>${password}</arg>
<status status="PASS" start="2025-06-05T15:49:25.329768" elapsed="0.048811"/>
</kw>
<kw name="Click Login Button" owner="auth_keywords">
<kw name="Click Button" owner="SeleniumLibrary">
<msg time="2025-06-05T15:49:25.379109" level="INFO">Clicking button 'id=login-button'.</msg>
<arg>id=login-button</arg>
<doc>Clicks the button identified by ``locator``.</doc>
<status status="PASS" start="2025-06-05T15:49:25.378975" elapsed="0.238497"/>
</kw>
<status status="PASS" start="2025-06-05T15:49:25.378742" elapsed="0.238836"/>
</kw>
<arg>standard_user</arg>
<arg>secret_sauce</arg>
<status status="PASS" start="2025-06-05T15:49:25.329508" elapsed="0.288113"/>
</kw>
<kw name="Wait Until Element Is Visible" owner="SeleniumLibrary">
<arg>id=react-burger-menu-btn</arg>
<arg>timeout=5s</arg>
<doc>Waits until the element ``locator`` is visible.</doc>
<status status="PASS" start="2025-06-05T15:49:25.617885" elapsed="0.008177"/>
</kw>
<kw name="Click Element" owner="SeleniumLibrary">
<msg time="2025-06-05T15:49:25.626508" level="INFO">Clicking element 'id=react-burger-menu-btn'.</msg>
<arg>id=react-burger-menu-btn</arg>
<doc>Click the element identified by ``locator``.</doc>
<status status="PASS" start="2025-06-05T15:49:25.626331" elapsed="0.213316"/>
</kw>
<kw name="Wait Until Element Is Visible" owner="SeleniumLibrary">
<arg>id=logout_sidebar_link</arg>
<arg>timeout=5s</arg>
<doc>Waits until the element ``locator`` is visible.</doc>
<status status="PASS" start="2025-06-05T15:49:25.839933" elapsed="0.007752"/>
</kw>
<kw name="Click Element" owner="SeleniumLibrary">
<msg time="2025-06-05T15:49:25.848105" level="INFO">Clicking element 'id=logout_sidebar_link'.</msg>
<arg>id=logout_sidebar_link</arg>
<doc>Click the element identified by ``locator``.</doc>
<status status="PASS" start="2025-06-05T15:49:25.847932" elapsed="0.235324"/>
</kw>
<kw name="Wait Until Element Is Visible" owner="SeleniumLibrary">
<arg>id=user-name</arg>
<arg>timeout=10s</arg>
<doc>Waits until the element ``locator`` is visible.</doc>
<status status="PASS" start="2025-06-05T15:49:26.083523" elapsed="0.008272"/>
</kw>
<kw name="Page Should Contain Element" owner="SeleniumLibrary">
<msg time="2025-06-05T15:49:26.094584" level="INFO">Current page contains element 'id=user-name'.</msg>
<arg>id=user-name</arg>
<doc>Verifies that element ``locator`` is found on the current page.</doc>
<status status="PASS" start="2025-06-05T15:49:26.092070" elapsed="0.002570"/>
</kw>
<status status="PASS" start="2025-06-05T15:49:25.329142" elapsed="0.765669"/>
</test>
<kw name="Close All Browsers" owner="SeleniumLibrary" type="TEARDOWN">
<doc>Closes all open browsers and resets the browser cache.</doc>
<status status="PASS" start="2025-06-05T15:49:26.095440" elapsed="5.202302"/>
</kw>
<status status="PASS" start="2025-06-05T15:49:02.783802" elapsed="28.514036"/>
</suite>
<suite id="s1-s2" name="Test Purchase" source="K:\Documents\Programmierung\swaglabs-tests\tests\test_purchase.robot">
<kw name="Open Browser To Login Page" owner="auth_keywords" type="SETUP">
<kw name="Open Browser" owner="SeleniumLibrary">
<msg time="2025-06-05T15:49:31.303246" level="INFO">Opening browser 'firefox' to base url 'https://www.saucedemo.com/'.</msg>
<arg>${LOGIN_URL}</arg>
<arg>${BROWSER}</arg>
<arg>options=add_argument("--headless")</arg>
<doc>Opens a new browser instance to the optional ``url``.</doc>
<status status="PASS" start="2025-06-05T15:49:31.302558" elapsed="4.947702"/>
</kw>
<kw name="Maximize Browser Window" owner="SeleniumLibrary">
<doc>Maximizes current browser window.</doc>
<status status="PASS" start="2025-06-05T15:49:36.250536" elapsed="0.004513"/>
</kw>
<status status="PASS" start="2025-06-05T15:49:31.302344" elapsed="4.952930"/>
</kw>
<test id="s1-s2-t1" name="Purchase With All Users" line="12">
<for flavor="IN">
<iter>
<if>
<branch type="IF" condition="'${user}' == 'locked_out_user'">
<continue>
<status status="NOT RUN" start="2025-06-05T15:49:36.257069" elapsed="0.000037"/>
</continue>
<status status="NOT RUN" start="2025-06-05T15:49:36.256860" elapsed="0.000597"/>
</branch>
<status status="PASS" start="2025-06-05T15:49:36.256833" elapsed="0.000745"/>
</if>
<if>
<branch type="IF" condition="'${user}' == 'problem_user'">
<continue>
<status status="NOT RUN" start="2025-06-05T15:49:36.257864" elapsed="0.000031"/>
</continue>
<status status="NOT RUN" start="2025-06-05T15:49:36.257684" elapsed="0.000256"/>
</branch>
<status status="PASS" start="2025-06-05T15:49:36.257659" elapsed="0.000326"/>
</if>
<if>
<branch type="IF" condition="'${user}' == 'error_user'">
<continue>
<status status="NOT RUN" start="2025-06-05T15:49:36.258212" elapsed="0.000026"/>
</continue>
<status status="NOT RUN" start="2025-06-05T15:49:36.258073" elapsed="0.000213"/>
</branch>
<status status="PASS" start="2025-06-05T15:49:36.258053" elapsed="0.000271"/>
</if>
<if>
<branch type="IF" condition="'${user}' == 'visual_user'">
<continue>
<status status="NOT RUN" start="2025-06-05T15:49:36.258519" elapsed="0.000024"/>
</continue>
<status status="NOT RUN" start="2025-06-05T15:49:36.258388" elapsed="0.000194"/>
</branch>
<status status="PASS" start="2025-06-05T15:49:36.258369" elapsed="0.000481"/>
</if>
<kw name="Log" owner="BuiltIn">
<msg time="2025-06-05T15:49:36.259446" level="INFO">Aktueller Testnutzer: standard_user</msg>
<arg>Aktueller Testnutzer: ${user}</arg>
<doc>Logs the given message with the given level.</doc>
<status status="PASS" start="2025-06-05T15:49:36.259107" elapsed="0.000427"/>
</kw>
<kw name="Get From Dictionary" owner="Collections">
<msg time="2025-06-05T15:49:36.260178" level="INFO">${password} = secret_sauce</msg>
<var>${password}</var>
<arg>${PASSWORDS}</arg>
<arg>${user}</arg>
<doc>Returns a value from the given ``dictionary`` based on the given ``key``.</doc>
<status status="PASS" start="2025-06-05T15:49:36.259849" elapsed="0.000363"/>
</kw>
<kw name="Login With Valid Credentials" owner="auth_keywords">
<kw name="Input Valid Credentials" owner="auth_keywords">
<kw name="Input Text" owner="SeleniumLibrary">
<msg time="2025-06-05T15:49:36.261491" level="INFO">Typing text 'standard_user' into text field 'id=user-name'.</msg>
<arg>id=user-name</arg>
<arg>${user}</arg>
<doc>Types the given ``text`` into the text field identified by ``locator``.</doc>
<status status="PASS" start="2025-06-05T15:49:36.261180" elapsed="0.117566"/>
</kw>
<kw name="Input Text" owner="SeleniumLibrary">
<msg time="2025-06-05T15:49:36.379266" level="INFO">Typing text 'secret_sauce' into text field 'id=password'.</msg>
<arg>id=password</arg>
<arg>${password}</arg>
<doc>Types the given ``text`` into the text field identified by ``locator``.</doc>
<status status="PASS" start="2025-06-05T15:49:36.379005" elapsed="0.021322"/>
</kw>
<arg>${user}</arg>
<arg>${password}</arg>
<status status="PASS" start="2025-06-05T15:49:36.260842" elapsed="0.139606"/>
</kw>
<kw name="Click Login Button" owner="auth_keywords">
<kw name="Click Button" owner="SeleniumLibrary">
<msg time="2025-06-05T15:49:36.400992" level="INFO">Clicking button 'id=login-button'.</msg>
<arg>id=login-button</arg>
<doc>Clicks the button identified by ``locator``.</doc>
<status status="PASS" start="2025-06-05T15:49:36.400851" elapsed="0.266845"/>
</kw>
<status status="PASS" start="2025-06-05T15:49:36.400613" elapsed="0.267195"/>
</kw>
<arg>${user}</arg>
<arg>${password}</arg>
<status status="PASS" start="2025-06-05T15:49:36.260455" elapsed="0.407409"/>
</kw>
<kw name="Add First Item To Cart" owner="purchase_keywords">
<kw name="Click Button" owner="SeleniumLibrary">
<msg time="2025-06-05T15:49:36.668368" level="INFO">Clicking button 'xpath=//button[contains(@id,"add-to-cart")]'.</msg>
<arg>xpath=//button[contains(@id,"add-to-cart")]</arg>
<doc>Clicks the button identified by ``locator``.</doc>
<status status="PASS" start="2025-06-05T15:49:36.668225" elapsed="0.247508"/>
</kw>
<status status="PASS" start="2025-06-05T15:49:36.668018" elapsed="0.247816"/>
</kw>
<kw name="Go To Cart" owner="purchase_keywords">
<kw name="Click Element" owner="SeleniumLibrary">
<msg time="2025-06-05T15:49:36.916326" level="INFO">Clicking element 'id=shopping_cart_container'.</msg>
<arg>id=shopping_cart_container</arg>
<doc>Click the element identified by ``locator``.</doc>
<status status="PASS" start="2025-06-05T15:49:36.916197" elapsed="0.214083"/>
</kw>
<kw name="Click Button" owner="SeleniumLibrary">
<msg time="2025-06-05T15:49:37.130668" level="INFO">Clicking button 'id=checkout'.</msg>
<arg>id=checkout</arg>
<doc>Clicks the button identified by ``locator``.</doc>
<status status="PASS" start="2025-06-05T15:49:37.130475" elapsed="0.221007"/>
</kw>
<kw name="Input Text" owner="SeleniumLibrary">
<msg time="2025-06-05T15:49:37.351849" level="INFO">Typing text 'Max' into text field 'id=first-name'.</msg>
<arg>id=first-name</arg>
<arg>Max</arg>
<doc>Types the given ``text`` into the text field identified by ``locator``.</doc>
<status status="PASS" start="2025-06-05T15:49:37.351669" elapsed="0.016797"/>
</kw>
<kw name="Input Text" owner="SeleniumLibrary">
<msg time="2025-06-05T15:49:37.368792" level="INFO">Typing text 'Mustermann' into text field 'id=last-name'.</msg>
<arg>id=last-name</arg>
<arg>Mustermann</arg>
<doc>Types the given ``text`` into the text field identified by ``locator``.</doc>
<status status="PASS" start="2025-06-05T15:49:37.368630" elapsed="0.018502"/>
</kw>
<kw name="Input Text" owner="SeleniumLibrary">
<msg time="2025-06-05T15:49:37.387484" level="INFO">Typing text '12345' into text field 'id=postal-code'.</msg>
<arg>id=postal-code</arg>
<arg>12345</arg>
<doc>Types the given ``text`` into the text field identified by ``locator``.</doc>
<status status="PASS" start="2025-06-05T15:49:37.387320" elapsed="0.014653"/>
</kw>
<kw name="Click Button" owner="SeleniumLibrary">
<msg time="2025-06-05T15:49:37.402284" level="INFO">Clicking button 'id=continue'.</msg>
<arg>id=continue</arg>
<doc>Clicks the button identified by ``locator``.</doc>
<status status="PASS" start="2025-06-05T15:49:37.402132" elapsed="0.214122"/>
</kw>
<status status="PASS" start="2025-06-05T15:49:36.915995" elapsed="0.700366"/>
</kw>
<kw name="Checkout" owner="purchase_keywords">
<kw name="Click Button" owner="SeleniumLibrary">
<msg time="2025-06-05T15:49:37.616882" level="INFO">Clicking button 'id=finish'.</msg>
<arg>id=finish</arg>
<doc>Clicks the button identified by ``locator``.</doc>
<status status="PASS" start="2025-06-05T15:49:37.616732" elapsed="0.218106"/>
</kw>
<status status="PASS" start="2025-06-05T15:49:37.616516" elapsed="0.218433"/>
</kw>
<kw name="Page Should Contain Element" owner="SeleniumLibrary">
<msg time="2025-06-05T15:49:37.837170" level="INFO">Current page contains element 'css=h2.complete-header'.</msg>
<arg>css=h2.complete-header</arg>
<doc>Verifies that element ``locator`` is found on the current page.</doc>
<status status="PASS" start="2025-06-05T15:49:37.835082" elapsed="0.002151"/>
</kw>
<kw name="Logout" owner="auth_keywords">
<kw name="Wait Until Element Is Visible" owner="SeleniumLibrary">
<arg>id=react-burger-menu-btn</arg>
<arg>timeout=5s</arg>
<doc>Waits until the element ``locator`` is visible.</doc>
<status status="PASS" start="2025-06-05T15:49:37.837648" elapsed="0.008592"/>
</kw>
<kw name="Click Element" owner="SeleniumLibrary">
<msg time="2025-06-05T15:49:37.846730" level="INFO">Clicking element 'id=react-burger-menu-btn'.</msg>
<arg>id=react-burger-menu-btn</arg>
<doc>Click the element identified by ``locator``.</doc>
<status status="PASS" start="2025-06-05T15:49:37.846478" elapsed="0.210111"/>
</kw>
<kw name="Wait Until Element Is Visible" owner="SeleniumLibrary">
<arg>id=logout_sidebar_link</arg>
<arg>timeout=5s</arg>
<doc>Waits until the element ``locator`` is visible.</doc>
<status status="PASS" start="2025-06-05T15:49:38.056764" elapsed="0.006730"/>
</kw>
<kw name="Click Element" owner="SeleniumLibrary">
<msg time="2025-06-05T15:49:38.063843" level="INFO">Clicking element 'id=logout_sidebar_link'.</msg>
<arg>id=logout_sidebar_link</arg>
<doc>Click the element identified by ``locator``.</doc>
<status status="PASS" start="2025-06-05T15:49:38.063676" elapsed="0.210935"/>
</kw>
<kw name="Log" owner="BuiltIn">
<msg time="2025-06-05T15:49:38.274947" level="INFO">Logout abgeschlossen</msg>
<arg>Logout abgeschlossen</arg>
<doc>Logs the given message with the given level.</doc>
<status status="PASS" start="2025-06-05T15:49:38.274807" elapsed="0.000181"/>
</kw>
<status status="PASS" start="2025-06-05T15:49:37.837400" elapsed="0.437649"/>
</kw>
<var name="${user}">standard_user</var>
<status status="PASS" start="2025-06-05T15:49:36.256752" elapsed="2.018333"/>
</iter>
<iter>
<if>
<branch type="IF" condition="'${user}' == 'locked_out_user'">
<continue>
<status status="PASS" start="2025-06-05T15:49:38.275536" elapsed="0.000037"/>
</continue>
<status status="PASS" start="2025-06-05T15:49:38.275404" elapsed="0.000206"/>
</branch>
<status status="PASS" start="2025-06-05T15:49:38.275387" elapsed="0.000258"/>
</if>
<if>
<branch type="IF" condition="'${user}' == 'problem_user'">
<continue>
<status status="NOT RUN" start="2025-06-05T15:49:38.275727" elapsed="0.000014"/>
</continue>
<status status="NOT RUN" start="2025-06-05T15:49:38.275693" elapsed="0.000147"/>
</branch>
<status status="NOT RUN" start="2025-06-05T15:49:38.275681" elapsed="0.000194"/>
</if>
<if>
<branch type="IF" condition="'${user}' == 'error_user'">
<continue>
<status status="NOT RUN" start="2025-06-05T15:49:38.275949" elapsed="0.000015"/>
</continue>
<status status="NOT RUN" start="2025-06-05T15:49:38.275918" elapsed="0.000071"/>
</branch>
<status status="NOT RUN" start="2025-06-05T15:49:38.275906" elapsed="0.000108"/>
</if>
<if>
<branch type="IF" condition="'${user}' == 'visual_user'">
<continue>
<status status="NOT RUN" start="2025-06-05T15:49:38.276081" elapsed="0.000014"/>
</continue>
<status status="NOT RUN" start="2025-06-05T15:49:38.276052" elapsed="0.000066"/>
</branch>
<status status="NOT RUN" start="2025-06-05T15:49:38.276042" elapsed="0.000101"/>
</if>
<kw name="Log" owner="BuiltIn">
<arg>Aktueller Testnutzer: ${user}</arg>
<doc>Logs the given message with the given level.</doc>
<status status="NOT RUN" start="2025-06-05T15:49:38.276217" elapsed="0.000023"/>
</kw>
<kw name="Get From Dictionary" owner="Collections">
<var>${password}</var>
<arg>${PASSWORDS}</arg>
<arg>${user}</arg>
<doc>Returns a value from the given ``dictionary`` based on the given ``key``.</doc>
<status status="NOT RUN" start="2025-06-05T15:49:38.276319" elapsed="0.000022"/>
</kw>
<kw name="Login With Valid Credentials" owner="auth_keywords">
<arg>${user}</arg>
<arg>${password}</arg>
<status status="NOT RUN" start="2025-06-05T15:49:38.276449" elapsed="0.000025"/>
</kw>
<kw name="Add First Item To Cart" owner="purchase_keywords">
<status status="NOT RUN" start="2025-06-05T15:49:38.276561" elapsed="0.000022"/>
</kw>
<kw name="Go To Cart" owner="purchase_keywords">
<status status="NOT RUN" start="2025-06-05T15:49:38.276672" elapsed="0.000021"/>
</kw>
<kw name="Checkout" owner="purchase_keywords">
<status status="NOT RUN" start="2025-06-05T15:49:38.276766" elapsed="0.000021"/>
</kw>
<kw name="Page Should Contain Element" owner="SeleniumLibrary">
<arg>css=h2.complete-header</arg>
<doc>Verifies that element ``locator`` is found on the current page.</doc>
<status status="NOT RUN" start="2025-06-05T15:49:38.276859" elapsed="0.000020"/>
</kw>
<kw name="Logout" owner="auth_keywords">
<status status="NOT RUN" start="2025-06-05T15:49:38.276972" elapsed="0.000021"/>
</kw>
<var name="${user}">locked_out_user</var>
<status status="PASS" start="2025-06-05T15:49:38.275342" elapsed="0.001678"/>
</iter>
<iter>
<if>
<branch type="IF" condition="'${user}' == 'locked_out_user'">
<continue>
<status status="NOT RUN" start="2025-06-05T15:49:38.277354" elapsed="0.000017"/>
</continue>
<status status="NOT RUN" start="2025-06-05T15:49:38.277258" elapsed="0.000141"/>
</branch>
<status status="PASS" start="2025-06-05T15:49:38.277246" elapsed="0.000180"/>
</if>
<if>
<branch type="IF" condition="'${user}' == 'problem_user'">
<continue>
<status status="PASS" start="2025-06-05T15:49:38.277550" elapsed="0.000023"/>
</continue>
<status status="PASS" start="2025-06-05T15:49:38.277466" elapsed="0.000139"/>
</branch>
<status status="PASS" start="2025-06-05T15:49:38.277455" elapsed="0.000182"/>
</if>
<if>
<branch type="IF" condition="'${user}' == 'error_user'">
<continue>
<status status="NOT RUN" start="2025-06-05T15:49:38.277709" elapsed="0.000014"/>
</continue>
<status status="NOT RUN" start="2025-06-05T15:49:38.277679" elapsed="0.000069"/>
</branch>
<status status="NOT RUN" start="2025-06-05T15:49:38.277668" elapsed="0.000104"/>
</if>
<if>
<branch type="IF" condition="'${user}' == 'visual_user'">
<continue>
<status status="NOT RUN" start="2025-06-05T15:49:38.277837" elapsed="0.000013"/>
</continue>
<status status="NOT RUN" start="2025-06-05T15:49:38.277808" elapsed="0.000068"/>
</branch>
<status status="NOT RUN" start="2025-06-05T15:49:38.277797" elapsed="0.000103"/>
</if>
<kw name="Log" owner="BuiltIn">
<arg>Aktueller Testnutzer: ${user}</arg>
<doc>Logs the given message with the given level.</doc>
<status status="NOT RUN" start="2025-06-05T15:49:38.277970" elapsed="0.000022"/>
</kw>
<kw name="Get From Dictionary" owner="Collections">
<var>${password}</var>
<arg>${PASSWORDS}</arg>
<arg>${user}</arg>
<doc>Returns a value from the given ``dictionary`` based on the given ``key``.</doc>
<status status="NOT RUN" start="2025-06-05T15:49:38.278084" elapsed="0.000021"/>
</kw>
<kw name="Login With Valid Credentials" owner="auth_keywords">
<arg>${user}</arg>
<arg>${password}</arg>
<status status="NOT RUN" start="2025-06-05T15:49:38.278199" elapsed="0.000023"/>
</kw>
<kw name="Add First Item To Cart" owner="purchase_keywords">
<status status="NOT RUN" start="2025-06-05T15:49:38.278304" elapsed="0.000023"/>
</kw>
<kw name="Go To Cart" owner="purchase_keywords">
<status status="NOT RUN" start="2025-06-05T15:49:38.278415" elapsed="0.000021"/>
</kw>
<kw name="Checkout" owner="purchase_keywords">
<status status="NOT RUN" start="2025-06-05T15:49:38.278509" elapsed="0.000021"/>
</kw>
<kw name="Page Should Contain Element" owner="SeleniumLibrary">
<arg>css=h2.complete-header</arg>
<doc>Verifies that element ``locator`` is found on the current page.</doc>
<status status="NOT RUN" start="2025-06-05T15:49:38.278599" elapsed="0.000021"/>
</kw>
<kw name="Logout" owner="auth_keywords">
<status status="NOT RUN" start="2025-06-05T15:49:38.278710" elapsed="0.000021"/>
</kw>
<var name="${user}">problem_user</var>
<status status="PASS" start="2025-06-05T15:49:38.277213" elapsed="0.001543"/>
</iter>
<iter>
<if>
<branch type="IF" condition="'${user}' == 'locked_out_user'">
<continue>
<status status="NOT RUN" start="2025-06-05T15:49:38.279074" elapsed="0.000016"/>
</continue>
<status status="NOT RUN" start="2025-06-05T15:49:38.278983" elapsed="0.000134"/>
</branch>
<status status="PASS" start="2025-06-05T15:49:38.278970" elapsed="0.000172"/>
</if>
<if>
<branch type="IF" condition="'${user}' == 'problem_user'">
<continue>
<status status="NOT RUN" start="2025-06-05T15:49:38.279272" elapsed="0.000016"/>
</continue>
<status status="NOT RUN" start="2025-06-05T15:49:38.279191" elapsed="0.000122"/>
</branch>
<status status="PASS" start="2025-06-05T15:49:38.279180" elapsed="0.000158"/>
</if>
<if>
<branch type="IF" condition="'${user}' == 'error_user'">
<continue>
<status status="NOT RUN" start="2025-06-05T15:49:38.279508" elapsed="0.000016"/>
</continue>
<status status="NOT RUN" start="2025-06-05T15:49:38.279389" elapsed="0.000163"/>
</branch>
<status status="PASS" start="2025-06-05T15:49:38.279370" elapsed="0.000212"/>
</if>
<if>
<branch type="IF" condition="'${user}' == 'visual_user'">
<continue>
<status status="NOT RUN" start="2025-06-05T15:49:38.279724" elapsed="0.000014"/>
</continue>
<status status="NOT RUN" start="2025-06-05T15:49:38.279637" elapsed="0.000127"/>
</branch>
<status status="PASS" start="2025-06-05T15:49:38.279622" elapsed="0.000166"/>
</if>
<kw name="Log" owner="BuiltIn">
<msg time="2025-06-05T15:49:38.279966" level="INFO">Aktueller Testnutzer: performance_glitch_user</msg>
<arg>Aktueller Testnutzer: ${user}</arg>
<doc>Logs the given message with the given level.</doc>
<status status="PASS" start="2025-06-05T15:49:38.279860" elapsed="0.000142"/>
</kw>
<kw name="Get From Dictionary" owner="Collections">
<msg time="2025-06-05T15:49:38.280219" level="INFO">${password} = secret_sauce</msg>
<var>${password}</var>
<arg>${PASSWORDS}</arg>
<arg>${user}</arg>
<doc>Returns a value from the given ``dictionary`` based on the given ``key``.</doc>
<status status="PASS" start="2025-06-05T15:49:38.280084" elapsed="0.000156"/>
</kw>
<kw name="Login With Valid Credentials" owner="auth_keywords">
<kw name="Input Valid Credentials" owner="auth_keywords">
<kw name="Input Text" owner="SeleniumLibrary">
<msg time="2025-06-05T15:49:38.280917" level="INFO">Typing text 'performance_glitch_user' into text field 'id=user-name'.</msg>
<arg>id=user-name</arg>
<arg>${user}</arg>
<doc>Types the given ``text`` into the text field identified by ``locator``.</doc>
<status status="PASS" start="2025-06-05T15:49:38.280772" elapsed="0.018542"/>
</kw>
<kw name="Input Text" owner="SeleniumLibrary">
<msg time="2025-06-05T15:49:38.299766" level="INFO">Typing text 'secret_sauce' into text field 'id=password'.</msg>
<arg>id=password</arg>
<arg>${password}</arg>
<doc>Types the given ``text`` into the text field identified by ``locator``.</doc>
<status status="PASS" start="2025-06-05T15:49:38.299571" elapsed="0.011766"/>
</kw>
<arg>${user}</arg>
<arg>${password}</arg>
<status status="PASS" start="2025-06-05T15:49:38.280581" elapsed="0.030870"/>
</kw>
<kw name="Click Login Button" owner="auth_keywords">
<kw name="Click Button" owner="SeleniumLibrary">
<msg time="2025-06-05T15:49:38.311932" level="INFO">Clicking button 'id=login-button'.</msg>
<arg>id=login-button</arg>
<doc>Clicks the button identified by ``locator``.</doc>
<status status="PASS" start="2025-06-05T15:49:38.311803" elapsed="5.215988"/>
</kw>
<status status="PASS" start="2025-06-05T15:49:38.311604" elapsed="5.216295"/>
</kw>
<arg>${user}</arg>
<arg>${password}</arg>
<status status="PASS" start="2025-06-05T15:49:38.280339" elapsed="5.247606"/>
</kw>
<kw name="Add First Item To Cart" owner="purchase_keywords">
<kw name="Click Button" owner="SeleniumLibrary">
<msg time="2025-06-05T15:49:43.528432" level="INFO">Clicking button 'xpath=//button[contains(@id,"add-to-cart")]'.</msg>
<arg>xpath=//button[contains(@id,"add-to-cart")]</arg>
<doc>Clicks the button identified by ``locator``.</doc>
<status status="PASS" start="2025-06-05T15:49:43.528300" elapsed="0.227614"/>
</kw>
<status status="PASS" start="2025-06-05T15:49:43.528091" elapsed="0.227934"/>
</kw>
<kw name="Go To Cart" owner="purchase_keywords">
<kw name="Click Element" owner="SeleniumLibrary">
<msg time="2025-06-05T15:49:43.756556" level="INFO">Clicking element 'id=shopping_cart_container'.</msg>
<arg>id=shopping_cart_container</arg>
<doc>Click the element identified by ``locator``.</doc>
<status status="PASS" start="2025-06-05T15:49:43.756411" elapsed="0.211360"/>
</kw>
<kw name="Click Button" owner="SeleniumLibrary">
<msg time="2025-06-05T15:49:43.968120" level="INFO">Clicking button 'id=checkout'.</msg>
<arg>id=checkout</arg>
<doc>Clicks the button identified by ``locator``.</doc>
<status status="PASS" start="2025-06-05T15:49:43.967949" elapsed="0.224071"/>
</kw>
<kw name="Input Text" owner="SeleniumLibrary">
<msg time="2025-06-05T15:49:44.192432" level="INFO">Typing text 'Max' into text field 'id=first-name'.</msg>
<arg>id=first-name</arg>
<arg>Max</arg>
<doc>Types the given ``text`` into the text field identified by ``locator``.</doc>
<status status="PASS" start="2025-06-05T15:49:44.192219" elapsed="0.017552"/>
</kw>
<kw name="Input Text" owner="SeleniumLibrary">
<msg time="2025-06-05T15:49:44.210094" level="INFO">Typing text 'Mustermann' into text field 'id=last-name'.</msg>
<arg>id=last-name</arg>
<arg>Mustermann</arg>
<doc>Types the given ``text`` into the text field identified by ``locator``.</doc>
<status status="PASS" start="2025-06-05T15:49:44.209936" elapsed="0.017903"/>
</kw>
<kw name="Input Text" owner="SeleniumLibrary">
<msg time="2025-06-05T15:49:44.228163" level="INFO">Typing text '12345' into text field 'id=postal-code'.</msg>
<arg>id=postal-code</arg>
<arg>12345</arg>
<doc>Types the given ``text`` into the text field identified by ``locator``.</doc>
<status status="PASS" start="2025-06-05T15:49:44.228000" elapsed="0.013467"/>
</kw>
<kw name="Click Button" owner="SeleniumLibrary">
<msg time="2025-06-05T15:49:44.241797" level="INFO">Clicking button 'id=continue'.</msg>
<arg>id=continue</arg>
<doc>Clicks the button identified by ``locator``.</doc>
<status status="PASS" start="2025-06-05T15:49:44.241631" elapsed="0.212174"/>
</kw>
<status status="PASS" start="2025-06-05T15:49:43.756193" elapsed="0.697763"/>
</kw>
<kw name="Checkout" owner="purchase_keywords">
<kw name="Click Button" owner="SeleniumLibrary">
<msg time="2025-06-05T15:49:44.454555" level="INFO">Clicking button 'id=finish'.</msg>
<arg>id=finish</arg>
<doc>Clicks the button identified by ``locator``.</doc>
<status status="PASS" start="2025-06-05T15:49:44.454338" elapsed="0.216806"/>
</kw>
<status status="PASS" start="2025-06-05T15:49:44.454122" elapsed="0.217208"/>
</kw>
<kw name="Page Should Contain Element" owner="SeleniumLibrary">
<msg time="2025-06-05T15:49:44.673528" level="INFO">Current page contains element 'css=h2.complete-header'.</msg>
<arg>css=h2.complete-header</arg>
<doc>Verifies that element ``locator`` is found on the current page.</doc>
<status status="PASS" start="2025-06-05T15:49:44.671477" elapsed="0.002116"/>
</kw>
<kw name="Logout" owner="auth_keywords">
<kw name="Wait Until Element Is Visible" owner="SeleniumLibrary">
<arg>id=react-burger-menu-btn</arg>
<arg>timeout=5s</arg>
<doc>Waits until the element ``locator`` is visible.</doc>
<status status="PASS" start="2025-06-05T15:49:44.673983" elapsed="0.009877"/>
</kw>
<kw name="Click Element" owner="SeleniumLibrary">
<msg time="2025-06-05T15:49:44.684355" level="INFO">Clicking element 'id=react-burger-menu-btn'.</msg>
<arg>id=react-burger-menu-btn</arg>
<doc>Click the element identified by ``locator``.</doc>
<status status="PASS" start="2025-06-05T15:49:44.684086" elapsed="0.209414"/>
</kw>
<kw name="Wait Until Element Is Visible" owner="SeleniumLibrary">
<arg>id=logout_sidebar_link</arg>
<arg>timeout=5s</arg>
<doc>Waits until the element ``locator`` is visible.</doc>
<status status="PASS" start="2025-06-05T15:49:44.893707" elapsed="0.007137"/>
</kw>
<kw name="Click Element" owner="SeleniumLibrary">
<msg time="2025-06-05T15:49:44.901195" level="INFO">Clicking element 'id=logout_sidebar_link'.</msg>
<arg>id=logout_sidebar_link</arg>
<doc>Click the element identified by ``locator``.</doc>
<status status="PASS" start="2025-06-05T15:49:44.901014" elapsed="0.230693"/>
</kw>
<kw name="Log" owner="BuiltIn">
<msg time="2025-06-05T15:49:45.132045" level="INFO">Logout abgeschlossen</msg>
<arg>Logout abgeschlossen</arg>
<doc>Logs the given message with the given level.</doc>
<status status="PASS" start="2025-06-05T15:49:45.131905" elapsed="0.000188"/>
</kw>
<status status="PASS" start="2025-06-05T15:49:44.673773" elapsed="0.458397"/>
</kw>
<var name="${user}">performance_glitch_user</var>
<status status="PASS" start="2025-06-05T15:49:38.278939" elapsed="6.853272"/>
</iter>
<iter>
<if>
<branch type="IF" condition="'${user}' == 'locked_out_user'">
<continue>
<status status="NOT RUN" start="2025-06-05T15:49:45.132636" elapsed="0.000019"/>
</continue>
<status status="NOT RUN" start="2025-06-05T15:49:45.132507" elapsed="0.000181"/>
</branch>
<status status="PASS" start="2025-06-05T15:49:45.132489" elapsed="0.000228"/>
</if>
<if>
<branch type="IF" condition="'${user}' == 'problem_user'">
<continue>
<status status="NOT RUN" start="2025-06-05T15:49:45.132845" elapsed="0.000015"/>
</continue>
<status status="NOT RUN" start="2025-06-05T15:49:45.132759" elapsed="0.000129"/>
</branch>
<status status="PASS" start="2025-06-05T15:49:45.132748" elapsed="0.000166"/>
</if>
<if>
<branch type="IF" condition="'${user}' == 'error_user'">
<continue>
<status status="PASS" start="2025-06-05T15:49:45.133035" elapsed="0.000040"/>
</continue>
<status status="PASS" start="2025-06-05T15:49:45.132953" elapsed="0.000156"/>
</branch>
<status status="PASS" start="2025-06-05T15:49:45.132942" elapsed="0.000196"/>
</if>
<if>
<branch type="IF" condition="'${user}' == 'visual_user'">
<continue>
<status status="NOT RUN" start="2025-06-05T15:49:45.133217" elapsed="0.000014"/>
</continue>
<status status="NOT RUN" start="2025-06-05T15:49:45.133185" elapsed="0.000070"/>
</branch>
<status status="NOT RUN" start="2025-06-05T15:49:45.133173" elapsed="0.000107"/>
</if>
<kw name="Log" owner="BuiltIn">
<arg>Aktueller Testnutzer: ${user}</arg>
<doc>Logs the given message with the given level.</doc>
<status status="NOT RUN" start="2025-06-05T15:49:45.133360" elapsed="0.000022"/>
</kw>
<kw name="Get From Dictionary" owner="Collections">
<var>${password}</var>
<arg>${PASSWORDS}</arg>
<arg>${user}</arg>
<doc>Returns a value from the given ``dictionary`` based on the given ``key``.</doc>
<status status="NOT RUN" start="2025-06-05T15:49:45.133462" elapsed="0.000095"/>
</kw>
<kw name="Login With Valid Credentials" owner="auth_keywords">
<arg>${user}</arg>
<arg>${password}</arg>
<status status="NOT RUN" start="2025-06-05T15:49:45.133679" elapsed="0.000027"/>
</kw>
<kw name="Add First Item To Cart" owner="purchase_keywords">
<status status="NOT RUN" start="2025-06-05T15:49:45.133793" elapsed="0.000022"/>
</kw>
<kw name="Go To Cart" owner="purchase_keywords">
<status status="NOT RUN" start="2025-06-05T15:49:45.133906" elapsed="0.000021"/>
</kw>
<kw name="Checkout" owner="purchase_keywords">
<status status="NOT RUN" start="2025-06-05T15:49:45.134000" elapsed="0.000021"/>
</kw>
<kw name="Page Should Contain Element" owner="SeleniumLibrary">
<arg>css=h2.complete-header</arg>
<doc>Verifies that element ``locator`` is found on the current page.</doc>
<status status="NOT RUN" start="2025-06-05T15:49:45.134092" elapsed="0.000020"/>
</kw>
<kw name="Logout" owner="auth_keywords">
<status status="NOT RUN" start="2025-06-05T15:49:45.134207" elapsed="0.000022"/>
</kw>
<var name="${user}">error_user</var>
<status status="PASS" start="2025-06-05T15:49:45.132447" elapsed="0.001810"/>
</iter>
<iter>
<if>
<branch type="IF" condition="'${user}' == 'locked_out_user'">
<continue>
<status status="NOT RUN" start="2025-06-05T15:49:45.134585" elapsed="0.000017"/>
</continue>
<status status="NOT RUN" start="2025-06-05T15:49:45.134493" elapsed="0.000137"/>
</branch>
<status status="PASS" start="2025-06-05T15:49:45.134481" elapsed="0.000176"/>
</if>
<if>
<branch type="IF" condition="'${user}' == 'problem_user'">
<continue>
<status status="NOT RUN" start="2025-06-05T15:49:45.134779" elapsed="0.000016"/>
</continue>
<status status="NOT RUN" start="2025-06-05T15:49:45.134697" elapsed="0.000125"/>
</branch>
<status status="PASS" start="2025-06-05T15:49:45.134686" elapsed="0.000163"/>
</if>
<if>
<branch type="IF" condition="'${user}' == 'error_user'">
<continue>
<status status="NOT RUN" start="2025-06-05T15:49:45.134966" elapsed="0.000015"/>
</continue>
<status status="NOT RUN" start="2025-06-05T15:49:45.134888" elapsed="0.000120"/>
</branch>
<status status="PASS" start="2025-06-05T15:49:45.134877" elapsed="0.000155"/>
</if>
<if>
<branch type="IF" condition="'${user}' == 'visual_user'">
<continue>
<status status="PASS" start="2025-06-05T15:49:45.135158" elapsed="0.000025"/>
</continue>
<status status="PASS" start="2025-06-05T15:49:45.135070" elapsed="0.000143"/>
</branch>
<status status="PASS" start="2025-06-05T15:49:45.135060" elapsed="0.000182"/>
</if>
<kw name="Log" owner="BuiltIn">
<arg>Aktueller Testnutzer: ${user}</arg>
<doc>Logs the given message with the given level.</doc>
<status status="NOT RUN" start="2025-06-05T15:49:45.135313" elapsed="0.000022"/>
</kw>
<kw name="Get From Dictionary" owner="Collections">
<var>${password}</var>
<arg>${PASSWORDS}</arg>
<arg>${user}</arg>
<doc>Returns a value from the given ``dictionary`` based on the given ``key``.</doc>
<status status="NOT RUN" start="2025-06-05T15:49:45.135409" elapsed="0.000021"/>
</kw>
<kw name="Login With Valid Credentials" owner="auth_keywords">
<arg>${user}</arg>
<arg>${password}</arg>
<status status="NOT RUN" start="2025-06-05T15:49:45.135526" elapsed="0.000022"/>
</kw>
<kw name="Add First Item To Cart" owner="purchase_keywords">
<status status="NOT RUN" start="2025-06-05T15:49:45.135632" elapsed="0.000022"/>
</kw>
<kw name="Go To Cart" owner="purchase_keywords">
<status status="NOT RUN" start="2025-06-05T15:49:45.135742" elapsed="0.000022"/>
</kw>
<kw name="Checkout" owner="purchase_keywords">
<status status="NOT RUN" start="2025-06-05T15:49:45.135838" elapsed="0.000021"/>
</kw>
<kw name="Page Should Contain Element" owner="SeleniumLibrary">
<arg>css=h2.complete-header</arg>
<doc>Verifies that element ``locator`` is found on the current page.</doc>
<status status="NOT RUN" start="2025-06-05T15:49:45.135932" elapsed="0.000020"/>
</kw>
<kw name="Logout" owner="auth_keywords">
<status status="NOT RUN" start="2025-06-05T15:49:45.136045" elapsed="0.000022"/>
</kw>
<var name="${user}">visual_user</var>
<status status="PASS" start="2025-06-05T15:49:45.134448" elapsed="0.001644"/>
</iter>
<var>${user}</var>
<value>@{VALID_USERS}</value>
<status status="PASS" start="2025-06-05T15:49:36.256232" elapsed="8.879898"/>
</for>
<status status="PASS" start="2025-06-05T15:49:36.255394" elapsed="8.880955"/>
</test>
<test id="s1-s2-t2" name="Problem User Receives Error Message" line="29">
<kw name="Open Browser To Login Page" owner="auth_keywords">
<kw name="Open Browser" owner="SeleniumLibrary">
<msg time="2025-06-05T15:49:45.137437" level="INFO">Opening browser 'firefox' to base url 'https://www.saucedemo.com/'.</msg>
<arg>${LOGIN_URL}</arg>
<arg>${BROWSER}</arg>
<arg>options=add_argument("--headless")</arg>
<doc>Opens a new browser instance to the optional ``url``.</doc>
<status status="PASS" start="2025-06-05T15:49:45.137251" elapsed="4.930345"/>
</kw>
<kw name="Maximize Browser Window" owner="SeleniumLibrary">
<doc>Maximizes current browser window.</doc>
<status status="PASS" start="2025-06-05T15:49:50.067818" elapsed="0.003241"/>
</kw>
<status status="PASS" start="2025-06-05T15:49:45.137049" elapsed="4.934131"/>
</kw>
<kw name="Input Valid Credentials" owner="auth_keywords">
<kw name="Input Text" owner="SeleniumLibrary">
<msg time="2025-06-05T15:49:50.072674" level="INFO">Typing text 'problem_user' into text field 'id=user-name'.</msg>
<arg>id=user-name</arg>
<arg>${user}</arg>
<doc>Types the given ``text`` into the text field identified by ``locator``.</doc>
<status status="PASS" start="2025-06-05T15:49:50.072282" elapsed="0.091911"/>
</kw>
<kw name="Input Text" owner="SeleniumLibrary">
<msg time="2025-06-05T15:49:50.164702" level="INFO">Typing text 'secret_sauce' into text field 'id=password'.</msg>
<arg>id=password</arg>
<arg>${password}</arg>
<doc>Types the given ``text`` into the text field identified by ``locator``.</doc>
<status status="PASS" start="2025-06-05T15:49:50.164448" elapsed="0.022282"/>
</kw>
<arg>problem_user</arg>
<arg>secret_sauce</arg>
<status status="PASS" start="2025-06-05T15:49:50.071764" elapsed="0.115086"/>
</kw>
<kw name="Click Login Button" owner="auth_keywords">
<kw name="Click Button" owner="SeleniumLibrary">
<msg time="2025-06-05T15:49:50.187486" level="INFO">Clicking button 'id=login-button'.</msg>
<arg>id=login-button</arg>
<doc>Clicks the button identified by ``locator``.</doc>
<status status="PASS" start="2025-06-05T15:49:50.187352" elapsed="0.241616"/>
</kw>
<status status="PASS" start="2025-06-05T15:49:50.187133" elapsed="0.241984"/>
</kw>
<kw name="Add First Item To Cart" owner="purchase_keywords">
<kw name="Click Button" owner="SeleniumLibrary">
<msg time="2025-06-05T15:49:50.430079" level="INFO">Clicking button 'xpath=//button[contains(@id,"add-to-cart")]'.</msg>
<arg>xpath=//button[contains(@id,"add-to-cart")]</arg>
<doc>Clicks the button identified by ``locator``.</doc>
<status status="PASS" start="2025-06-05T15:49:50.429878" elapsed="0.234015"/>
</kw>
<status status="PASS" start="2025-06-05T15:49:50.429532" elapsed="0.234480"/>
</kw>
<kw name="Go To Cart" owner="purchase_keywords">
<kw name="Click Element" owner="SeleniumLibrary">
<msg time="2025-06-05T15:49:50.664718" level="INFO">Clicking element 'id=shopping_cart_container'.</msg>
<arg>id=shopping_cart_container</arg>
<doc>Click the element identified by ``locator``.</doc>
<status status="PASS" start="2025-06-05T15:49:50.664567" elapsed="0.211805"/>
</kw>
<kw name="Click Button" owner="SeleniumLibrary">
<msg time="2025-06-05T15:49:50.876715" level="INFO">Clicking button 'id=checkout'.</msg>
<arg>id=checkout</arg>
<doc>Clicks the button identified by ``locator``.</doc>
<status status="PASS" start="2025-06-05T15:49:50.876551" elapsed="0.215487"/>
</kw>
<kw name="Input Text" owner="SeleniumLibrary">
<msg time="2025-06-05T15:49:51.092470" level="INFO">Typing text 'Max' into text field 'id=first-name'.</msg>
<arg>id=first-name</arg>
<arg>Max</arg>
<doc>Types the given ``text`` into the text field identified by ``locator``.</doc>
<status status="PASS" start="2025-06-05T15:49:51.092222" elapsed="0.017630"/>
</kw>
<kw name="Input Text" owner="SeleniumLibrary">
<msg time="2025-06-05T15:49:51.110176" level="INFO">Typing text 'Mustermann' into text field 'id=last-name'.</msg>
<arg>id=last-name</arg>
<arg>Mustermann</arg>
<doc>Types the given ``text`` into the text field identified by ``locator``.</doc>
<status status="PASS" start="2025-06-05T15:49:51.110017" elapsed="0.020313"/>
</kw>
<kw name="Input Text" owner="SeleniumLibrary">
<msg time="2025-06-05T15:49:51.130659" level="INFO">Typing text '12345' into text field 'id=postal-code'.</msg>
<arg>id=postal-code</arg>
<arg>12345</arg>
<doc>Types the given ``text`` into the text field identified by ``locator``.</doc>
<status status="PASS" start="2025-06-05T15:49:51.130498" elapsed="0.012653"/>
</kw>
<kw name="Click Button" owner="SeleniumLibrary">
<msg time="2025-06-05T15:49:51.143485" level="INFO">Clicking button 'id=continue'.</msg>
<arg>id=continue</arg>
<doc>Clicks the button identified by ``locator``.</doc>
<status status="PASS" start="2025-06-05T15:49:51.143322" elapsed="0.210465"/>
</kw>
<status status="PASS" start="2025-06-05T15:49:50.664318" elapsed="0.689647"/>
</kw>
<kw name="Page Should Contain" owner="SeleniumLibrary">
<msg time="2025-06-05T15:49:51.358606" level="INFO">Current page contains text 'Last Name is required'.</msg>
<arg>Last Name is required</arg>
<doc>Verifies that current page contains ``text``.</doc>
<status status="PASS" start="2025-06-05T15:49:51.354361" elapsed="0.004336"/>
</kw>
<kw name="Logout" owner="auth_keywords">
<kw name="Wait Until Element Is Visible" owner="SeleniumLibrary">
<arg>id=react-burger-menu-btn</arg>
<arg>timeout=5s</arg>
<doc>Waits until the element ``locator`` is visible.</doc>
<status status="PASS" start="2025-06-05T15:49:51.359170" elapsed="0.007026"/>
</kw>
<kw name="Click Element" owner="SeleniumLibrary">
<msg time="2025-06-05T15:49:51.366568" level="INFO">Clicking element 'id=react-burger-menu-btn'.</msg>
<arg>id=react-burger-menu-btn</arg>
<doc>Click the element identified by ``locator``.</doc>
<status status="PASS" start="2025-06-05T15:49:51.366402" elapsed="0.210721"/>
</kw>
<kw name="Wait Until Element Is Visible" owner="SeleniumLibrary">
<arg>id=logout_sidebar_link</arg>
<arg>timeout=5s</arg>
<doc>Waits until the element ``locator`` is visible.</doc>
<status status="PASS" start="2025-06-05T15:49:51.577324" elapsed="0.006968"/>
</kw>
<kw name="Click Element" owner="SeleniumLibrary">
<msg time="2025-06-05T15:49:51.584627" level="INFO">Clicking element 'id=logout_sidebar_link'.</msg>
<arg>id=logout_sidebar_link</arg>
<doc>Click the element identified by ``locator``.</doc>
<status status="PASS" start="2025-06-05T15:49:51.584460" elapsed="0.210949"/>
</kw>
<kw name="Log" owner="BuiltIn">
<msg time="2025-06-05T15:49:51.795720" level="INFO">Logout abgeschlossen</msg>
<arg>Logout abgeschlossen</arg>
<doc>Logs the given message with the given level.</doc>
<status status="PASS" start="2025-06-05T15:49:51.795593" elapsed="0.000169"/>
</kw>
<status status="PASS" start="2025-06-05T15:49:51.358966" elapsed="0.436859"/>
</kw>
<status status="PASS" start="2025-06-05T15:49:45.136719" elapsed="6.659312"/>
</test>
<test id="s1-s2-t3" name="Error User Cannot Finish" line="38">
<kw name="Open Browser To Login Page" owner="auth_keywords">
<kw name="Open Browser" owner="SeleniumLibrary">
<msg time="2025-06-05T15:49:51.796975" level="INFO">Opening browser 'firefox' to base url 'https://www.saucedemo.com/'.</msg>
<arg>${LOGIN_URL}</arg>
<arg>${BROWSER}</arg>
<arg>options=add_argument("--headless")</arg>
<doc>Opens a new browser instance to the optional ``url``.</doc>
<status status="PASS" start="2025-06-05T15:49:51.796826" elapsed="4.904569"/>
</kw>
<kw name="Maximize Browser Window" owner="SeleniumLibrary">
<doc>Maximizes current browser window.</doc>
<status status="PASS" start="2025-06-05T15:49:56.701602" elapsed="0.001633"/>
</kw>
<status status="PASS" start="2025-06-05T15:49:51.796655" elapsed="4.906671"/>
</kw>
<kw name="Input Valid Credentials" owner="auth_keywords">
<kw name="Input Text" owner="SeleniumLibrary">
<msg time="2025-06-05T15:49:56.704140" level="INFO">Typing text 'error_user' into text field 'id=user-name'.</msg>
<arg>id=user-name</arg>
<arg>${user}</arg>
<doc>Types the given ``text`` into the text field identified by ``locator``.</doc>
<status status="PASS" start="2025-06-05T15:49:56.703891" elapsed="0.131348"/>
</kw>
<kw name="Input Text" owner="SeleniumLibrary">
<msg time="2025-06-05T15:49:56.835783" level="INFO">Typing text 'secret_sauce' into text field 'id=password'.</msg>
<arg>id=password</arg>
<arg>${password}</arg>
<doc>Types the given ``text`` into the text field identified by ``locator``.</doc>
<status status="PASS" start="2025-06-05T15:49:56.835473" elapsed="0.025287"/>
</kw>
<arg>error_user</arg>
<arg>secret_sauce</arg>
<status status="PASS" start="2025-06-05T15:49:56.703618" elapsed="0.157241"/>
</kw>
<kw name="Click Login Button" owner="auth_keywords">
<kw name="Click Button" owner="SeleniumLibrary">
<msg time="2025-06-05T15:49:56.861479" level="INFO">Clicking button 'id=login-button'.</msg>
<arg>id=login-button</arg>
<doc>Clicks the button identified by ``locator``.</doc>
<status status="PASS" start="2025-06-05T15:49:56.861345" elapsed="0.242757"/>
</kw>
<status status="PASS" start="2025-06-05T15:49:56.861107" elapsed="0.243103"/>
</kw>
<kw name="Add First Item To Cart" owner="purchase_keywords">
<kw name="Click Button" owner="SeleniumLibrary">
<msg time="2025-06-05T15:49:57.104961" level="INFO">Clicking button 'xpath=//button[contains(@id,"add-to-cart")]'.</msg>
<arg>xpath=//button[contains(@id,"add-to-cart")]</arg>
<doc>Clicks the button identified by ``locator``.</doc>
<status status="PASS" start="2025-06-05T15:49:57.104758" elapsed="0.247764"/>
</kw>
<status status="PASS" start="2025-06-05T15:49:57.104524" elapsed="0.248117"/>
</kw>
<kw name="Go To Cart" owner="purchase_keywords">
<kw name="Click Element" owner="SeleniumLibrary">
<msg time="2025-06-05T15:49:57.353335" level="INFO">Clicking element 'id=shopping_cart_container'.</msg>
<arg>id=shopping_cart_container</arg>
<doc>Click the element identified by ``locator``.</doc>
<status status="PASS" start="2025-06-05T15:49:57.353197" elapsed="0.214221"/>
</kw>
<kw name="Click Button" owner="SeleniumLibrary">
<msg time="2025-06-05T15:49:57.567860" level="INFO">Clicking button 'id=checkout'.</msg>
<arg>id=checkout</arg>
<doc>Clicks the button identified by ``locator``.</doc>
<status status="PASS" start="2025-06-05T15:49:57.567645" elapsed="0.220977"/>
</kw>
<kw name="Input Text" owner="SeleniumLibrary">
<msg time="2025-06-05T15:49:57.789026" level="INFO">Typing text 'Max' into text field 'id=first-name'.</msg>
<arg>id=first-name</arg>
<arg>Max</arg>
<doc>Types the given ``text`` into the text field identified by ``locator``.</doc>
<status status="PASS" start="2025-06-05T15:49:57.788825" elapsed="0.017881"/>
</kw>
<kw name="Input Text" owner="SeleniumLibrary">
<msg time="2025-06-05T15:49:57.807110" level="INFO">Typing text 'Mustermann' into text field 'id=last-name'.</msg>
<arg>id=last-name</arg>
<arg>Mustermann</arg>
<doc>Types the given ``text`` into the text field identified by ``locator``.</doc>
<status status="PASS" start="2025-06-05T15:49:57.806907" elapsed="0.028563"/>
</kw>
<kw name="Input Text" owner="SeleniumLibrary">
<msg time="2025-06-05T15:49:57.835859" level="INFO">Typing text '12345' into text field 'id=postal-code'.</msg>
<arg>id=postal-code</arg>
<arg>12345</arg>
<doc>Types the given ``text`` into the text field identified by ``locator``.</doc>
<status status="PASS" start="2025-06-05T15:49:57.835659" elapsed="0.019829"/>
</kw>
<kw name="Click Button" owner="SeleniumLibrary">
<msg time="2025-06-05T15:49:57.856079" level="INFO">Clicking button 'id=continue'.</msg>
<arg>id=continue</arg>
<doc>Clicks the button identified by ``locator``.</doc>
<status status="PASS" start="2025-06-05T15:49:57.855775" elapsed="0.216903"/>
</kw>
<status status="PASS" start="2025-06-05T15:49:57.352939" elapsed="0.719840"/>
</kw>
<kw name="Checkout" owner="purchase_keywords">
<kw name="Click Button" owner="SeleniumLibrary">
<msg time="2025-06-05T15:49:58.073470" level="INFO">Clicking button 'id=finish'.</msg>
<arg>id=finish</arg>
<doc>Clicks the button identified by ``locator``.</doc>
<status status="PASS" start="2025-06-05T15:49:58.073322" elapsed="0.212848"/>
</kw>
<status status="PASS" start="2025-06-05T15:49:58.073078" elapsed="0.213248"/>
</kw>
<kw name="Checkout" owner="purchase_keywords">
<kw name="Click Button" owner="SeleniumLibrary">
<msg time="2025-06-05T15:49:58.287121" level="INFO">Clicking button 'id=finish'.</msg>
<arg>id=finish</arg>
<doc>Clicks the button identified by ``locator``.</doc>
<status status="PASS" start="2025-06-05T15:49:58.286997" elapsed="0.212517"/>
</kw>
<status status="PASS" start="2025-06-05T15:49:58.286717" elapsed="0.212893"/>
</kw>
<kw name="Click Button" owner="SeleniumLibrary">
<msg time="2025-06-05T15:49:58.500037" level="INFO">Clicking button 'id=finish'.</msg>
<arg>id=finish</arg>
<doc>Clicks the button identified by ``locator``.</doc>
<status status="PASS" start="2025-06-05T15:49:58.499857" elapsed="0.210074"/>
</kw>
<kw name="Page Should Contain Element" owner="SeleniumLibrary">
<msg time="2025-06-05T15:49:58.733954" level="INFO" html="true">&lt;/td&gt;&lt;/tr&gt;&lt;tr&gt;&lt;td colspan="3"&gt;&lt;a href="selenium-screenshot-1.png"&gt;&lt;img src="selenium-screenshot-1.png" width="800px"&gt;&lt;/a&gt;</msg>
<msg time="2025-06-05T15:49:58.734102" level="FAIL">Page should have contained element 'css=h2.complete-header' but did not.</msg>
<arg>css=h2.complete-header</arg>
<doc>Verifies that element ``locator`` is found on the current page.</doc>
<status status="FAIL" start="2025-06-05T15:49:58.710214" elapsed="0.025594">Page should have contained element 'css=h2.complete-header' but did not.</status>
</kw>
<kw name="Logout" owner="auth_keywords">
<status status="NOT RUN" start="2025-06-05T15:49:58.736211" elapsed="0.000038"/>
</kw>
<status status="FAIL" start="2025-06-05T15:49:51.796375" elapsed="6.940077">Page should have contained element 'css=h2.complete-header' but did not.</status>
</test>
<kw name="Close Browser" owner="SeleniumLibrary" type="TEARDOWN">
<doc>Closes the current browser.</doc>
<status status="PASS" start="2025-06-05T15:49:58.737306" elapsed="2.697241"/>
</kw>
<status status="FAIL" start="2025-06-05T15:49:31.298492" elapsed="30.136143"/>
</suite>
<status status="FAIL" start="2025-06-05T15:49:02.759499" elapsed="58.675905"/>
</suite>
<statistics>
<total>
<stat pass="5" fail="1" skip="0">All Tests</stat>
</total>
<tag>
</tag>
<suite>
<stat name="Tests" id="s1" pass="5" fail="1" skip="0">Tests</stat>
<stat name="Test Logins" id="s1-s1" pass="3" fail="0" skip="0">Tests.Test Logins</stat>
<stat name="Test Purchase" id="s1-s2" pass="2" fail="1" skip="0">Tests.Test Purchase</stat>
</suite>
</statistics>
<errors>
</errors>
</robot>
