<?xml version="1.0" encoding="UTF-8"?>
<robot generator="Robot 7.2.2 (Python 3.13.3 on win32)" generated="2025-05-29T09:38:52.925874" rpa="false" schemaversion="5">
<suite id="s1" name="Tests" source="K:\Documents\Programmierung\swaglabs-tests\tests">
<suite id="s1-s1" name="Test All Login" source="K:\Documents\Programmierung\swaglabs-tests\tests\test_all_login.robot">
<kw name="Open Browser To Login Page" owner="login_keywords" type="SETUP">
<kw name="Open Browser" owner="SeleniumLibrary">
<msg time="2025-05-29T09:38:53.205551" level="INFO">Opening browser 'firefox' to base url 'https://www.saucedemo.com/'.</msg>
<arg>${LOGIN_URL}</arg>
<arg>${BROWSER}</arg>
<doc>Opens a new browser instance to the optional ``url``.</doc>
<status status="PASS" start="2025-05-29T09:38:53.205342" elapsed="5.391640"/>
</kw>
<kw name="Maximize Browser Window" owner="SeleniumLibrary">
<doc>Maximizes current browser window.</doc>
<status status="PASS" start="2025-05-29T09:38:58.597195" elapsed="0.301338"/>
</kw>
<status status="PASS" start="2025-05-29T09:38:53.204878" elapsed="5.693794"/>
</kw>
<test id="s1-s1-t1" name="Test Login With All Users" line="10">
<for flavor="IN">
<iter>
<kw name="Log" owner="BuiltIn">
<msg time="2025-05-29T09:38:58.899694" level="INFO">Trying to login with standard_user</msg>
<arg>Trying to login with ${user}</arg>
<doc>Logs the given message with the given level.</doc>
<status status="PASS" start="2025-05-29T09:38:58.899542" elapsed="0.000208"/>
</kw>
<kw name="Input Credentials">
<msg time="2025-05-29T09:38:58.901252" level="FAIL">No keyword with name 'Input Credentials' found. Did you mean:
    login_keywords.Input Valid Credentials</msg>
<arg>${user}</arg>
<arg>secret_sauce</arg>
<status status="FAIL" start="2025-05-29T09:38:58.901207" elapsed="0.000096">No keyword with name 'Input Credentials' found. Did you mean:
    login_keywords.Input Valid Credentials</status>
</kw>
<kw name="Click Login Button" owner="login_keywords">
<status status="NOT RUN" start="2025-05-29T09:38:58.901473" elapsed="0.000033"/>
</kw>
<kw name="Run Keyword And Ignore Error" owner="BuiltIn">
<arg>Page Should Contain Element</arg>
<arg>id=inventory_container</arg>
<doc>Runs the given keyword with the given arguments and ignores possible error.</doc>
<status status="NOT RUN" start="2025-05-29T09:38:58.901616" elapsed="0.000030"/>
</kw>
<kw name="Go To" owner="SeleniumLibrary">
<arg>https://www.saucedemo.com/</arg>
<doc>Navigates the current browser window to the provided ``url``.</doc>
<status status="NOT RUN" start="2025-05-29T09:38:58.901754" elapsed="0.000026"/>
</kw>
<var name="${user}">standard_user</var>
<status status="FAIL" start="2025-05-29T09:38:58.899419" elapsed="0.002422">No keyword with name 'Input Credentials' found. Did you mean:
    login_keywords.Input Valid Credentials</status>
</iter>
<var>${user}</var>
<value>@{LOGIN_USERS}</value>
<status status="FAIL" start="2025-05-29T09:38:58.899203" elapsed="0.002735">No keyword with name 'Input Credentials' found. Did you mean:
    login_keywords.Input Valid Credentials</status>
</for>
<status status="FAIL" start="2025-05-29T09:38:58.898759" elapsed="0.003438">No keyword with name 'Input Credentials' found. Did you mean:
    login_keywords.Input Valid Credentials</status>
</test>
<kw name="Close All Browsers" owner="SeleniumLibrary" type="TEARDOWN">
<doc>Closes all open browsers and resets the browser cache.</doc>
<status status="PASS" start="2025-05-29T09:38:58.902824" elapsed="2.633218"/>
</kw>
<status status="FAIL" start="2025-05-29T09:38:52.949342" elapsed="8.586831"/>
</suite>
<suite id="s1-s2" name="Test Logout" source="K:\Documents\Programmierung\swaglabs-tests\tests\test_logout.robot">
<kw name="Open Browser To Login Page" owner="login_keywords" type="SETUP">
<kw name="Open Browser" owner="SeleniumLibrary">
<msg time="2025-05-29T09:39:01.540051" level="INFO">Opening browser 'firefox' to base url 'https://www.saucedemo.com/'.</msg>
<arg>${LOGIN_URL}</arg>
<arg>${BROWSER}</arg>
<doc>Opens a new browser instance to the optional ``url``.</doc>
<status status="PASS" start="2025-05-29T09:39:01.539871" elapsed="5.438922"/>
</kw>
<kw name="Maximize Browser Window" owner="SeleniumLibrary">
<doc>Maximizes current browser window.</doc>
<status status="PASS" start="2025-05-29T09:39:06.978975" elapsed="0.269845"/>
</kw>
<status status="PASS" start="2025-05-29T09:39:01.539649" elapsed="5.709369"/>
</kw>
<test id="s1-s2-t1" name="Valid User Can Logout" line="9">
<kw name="Login With Valid Credentials" owner="login_keywords">
<kw name="Open Browser To Login Page" owner="login_keywords">
<kw name="Open Browser" owner="SeleniumLibrary">
<msg time="2025-05-29T09:39:07.250173" level="INFO">Opening browser 'firefox' to base url 'https://www.saucedemo.com/'.</msg>
<arg>${LOGIN_URL}</arg>
<arg>${BROWSER}</arg>
<doc>Opens a new browser instance to the optional ``url``.</doc>
<status status="PASS" start="2025-05-29T09:39:07.249999" elapsed="5.479692"/>
</kw>
<kw name="Maximize Browser Window" owner="SeleniumLibrary">
<doc>Maximizes current browser window.</doc>
<status status="PASS" start="2025-05-29T09:39:12.729880" elapsed="0.294075"/>
</kw>
<status status="PASS" start="2025-05-29T09:39:07.249815" elapsed="5.774263"/>
</kw>
<kw name="Input Valid Credentials" owner="login_keywords">
<kw name="Input Text" owner="SeleniumLibrary">
<msg time="2025-05-29T09:39:13.024948" level="INFO">Typing text 'standard_user' into text field 'id=user-name'.</msg>
<arg>id=user-name</arg>
<arg>${USERNAME}</arg>
<doc>Types the given ``text`` into the text field identified by ``locator``.</doc>
<status status="PASS" start="2025-05-29T09:39:13.024560" elapsed="0.065528"/>
</kw>
<kw name="Input Text" owner="SeleniumLibrary">
<msg time="2025-05-29T09:39:13.090496" level="INFO">Typing text 'secret_sauce' into text field 'id=password'.</msg>
<arg>id=password</arg>
<arg>${PASSWORD}</arg>
<doc>Types the given ``text`` into the text field identified by ``locator``.</doc>
<status status="PASS" start="2025-05-29T09:39:13.090270" elapsed="0.018000"/>
</kw>
<status status="PASS" start="2025-05-29T09:39:13.024285" elapsed="0.084089"/>
</kw>
<kw name="Click Login Button" owner="login_keywords">
<kw name="Click Button" owner="SeleniumLibrary">
<msg time="2025-05-29T09:39:13.108885" level="INFO">Clicking button 'id=login-button'.</msg>
<arg>id=login-button</arg>
<doc>Clicks the button identified by ``locator``.</doc>
<status status="PASS" start="2025-05-29T09:39:13.108729" elapsed="0.254660"/>
</kw>
<status status="PASS" start="2025-05-29T09:39:13.108517" elapsed="0.254969"/>
</kw>
<status status="PASS" start="2025-05-29T09:39:07.249580" elapsed="6.113951"/>
</kw>
<kw name="Click Element" owner="SeleniumLibrary">
<msg time="2025-05-29T09:39:13.363979" level="INFO">Clicking element 'id=react-burger-menu-btn'.</msg>
<arg>id=react-burger-menu-btn</arg>
<doc>Click the element identified by ``locator``.</doc>
<status status="PASS" start="2025-05-29T09:39:13.363790" elapsed="0.212277"/>
</kw>
<kw name="Click Element" owner="SeleniumLibrary">
<msg time="2025-05-29T09:39:13.576540" level="INFO">Clicking element 'id=logout_sidebar_link'.</msg>
<arg>id=logout_sidebar_link</arg>
<doc>Click the element identified by ``locator``.</doc>
<status status="PASS" start="2025-05-29T09:39:13.576364" elapsed="0.214517"/>
</kw>
<kw name="Page Should Contain Element" owner="SeleniumLibrary">
<msg time="2025-05-29T09:39:13.793734" level="INFO">Current page contains element 'id=user-name'.</msg>
<arg>id=user-name</arg>
<doc>Verifies that element ``locator`` is found on the current page.</doc>
<status status="PASS" start="2025-05-29T09:39:13.791187" elapsed="0.002649"/>
</kw>
<status status="PASS" start="2025-05-29T09:39:07.249116" elapsed="6.544968"/>
</test>
<kw name="Close All Browsers" owner="SeleniumLibrary" type="TEARDOWN">
<doc>Closes all open browsers and resets the browser cache.</doc>
<status status="PASS" start="2025-05-29T09:39:13.794702" elapsed="5.224928"/>
</kw>
<status status="PASS" start="2025-05-29T09:39:01.537257" elapsed="17.482457"/>
</suite>
<status status="FAIL" start="2025-05-29T09:38:52.927002" elapsed="26.093660"/>
</suite>
<statistics>
<total>
<stat pass="1" fail="1" skip="0">All Tests</stat>
</total>
<tag>
</tag>
<suite>
<stat name="Tests" id="s1" pass="1" fail="1" skip="0">Tests</stat>
<stat name="Test All Login" id="s1-s1" pass="0" fail="1" skip="0">Tests.Test All Login</stat>
<stat name="Test Logout" id="s1-s2" pass="1" fail="0" skip="0">Tests.Test Logout</stat>
</suite>
</statistics>
<errors>
</errors>
</robot>
