<?xml version="1.0" encoding="UTF-8"?>
<robot generator="Robot 7.2.2 (Python 3.13.3 on win32)" generated="2025-06-04T09:11:35.907248" rpa="false" schemaversion="5">
<suite id="s1" name="Swaglabs-Tests" source="K:\Documents\Programmierung\swaglabs-tests">
<suite id="s1-s1" name="Tests" source="K:\Documents\Programmierung\swaglabs-tests\tests">
<suite id="s1-s1-s1" name="Test Purchase" source="K:\Documents\Programmierung\swaglabs-tests\tests\test_purchase.robot">
<kw name="Open Browser To Login Page" owner="auth_keywords" type="SETUP">
<kw name="Open Browser" owner="SeleniumLibrary">
<msg time="2025-06-04T09:11:36.280784" level="INFO">Opening browser 'firefox' to base url 'https://www.saucedemo.com/'.</msg>
<arg>${LOGIN_URL}</arg>
<arg>${BROWSER}</arg>
<doc>Opens a new browser instance to the optional ``url``.</doc>
<status status="PASS" start="2025-06-04T09:11:36.280388" elapsed="6.017789"/>
</kw>
<kw name="Maximize Browser Window" owner="SeleniumLibrary">
<doc>Maximizes current browser window.</doc>
<status status="PASS" start="2025-06-04T09:11:42.298627" elapsed="0.268311"/>
</kw>
<status status="PASS" start="2025-06-04T09:11:36.279699" elapsed="6.287439"/>
</kw>
<test id="s1-s1-s1-t1" name="Purchase as Standard User" line="9">
<kw name="Login With Valid Credentials" owner="auth_keywords">
<kw name="Input Valid Credentials" owner="auth_keywords">
<kw name="Input Text" owner="SeleniumLibrary">
<msg time="2025-06-04T09:11:42.569426" level="INFO">Typing text 'standard_user' into text field 'id=user-name'.</msg>
<arg>id=user-name</arg>
<arg>${username}</arg>
<doc>Types the given ``text`` into the text field identified by ``locator``.</doc>
<status status="PASS" start="2025-06-04T09:11:42.568957" elapsed="0.061208"/>
</kw>
<kw name="Input Text" owner="SeleniumLibrary">
<msg time="2025-06-04T09:11:42.630768" level="INFO">Typing text 'secret_sauce' into text field 'id=password'.</msg>
<arg>id=password</arg>
<arg>${password}</arg>
<doc>Types the given ``text`` into the text field identified by ``locator``.</doc>
<status status="PASS" start="2025-06-04T09:11:42.630410" elapsed="0.016190"/>
</kw>
<arg>${username}</arg>
<arg>${password}</arg>
<status status="PASS" start="2025-06-04T09:11:42.568520" elapsed="0.078252"/>
</kw>
<kw name="Click Login Button" owner="auth_keywords">
<kw name="Click Button" owner="SeleniumLibrary">
<msg time="2025-06-04T09:11:42.647530" level="INFO">Clicking button 'id=login-button'.</msg>
<arg>id=login-button</arg>
<doc>Clicks the button identified by ``locator``.</doc>
<status status="PASS" start="2025-06-04T09:11:42.647316" elapsed="0.253924"/>
</kw>
<status status="PASS" start="2025-06-04T09:11:42.646944" elapsed="0.254527"/>
</kw>
<arg>standard_user</arg>
<arg>secret_sauce</arg>
<status status="PASS" start="2025-06-04T09:11:42.568115" elapsed="0.333452"/>
</kw>
<kw name="Add First Item To Cart" owner="purchase_keywords">
<kw name="Click Button" owner="SeleniumLibrary">
<msg time="2025-06-04T09:11:42.902826" level="INFO">Clicking button 'xpath=//button[contains(@id,"add-to-cart")]'.</msg>
<arg>xpath=//button[contains(@id,"add-to-cart")]</arg>
<doc>Clicks the button identified by ``locator``.</doc>
<status status="PASS" start="2025-06-04T09:11:42.902508" elapsed="0.237209"/>
</kw>
<status status="PASS" start="2025-06-04T09:11:42.902022" elapsed="0.237888"/>
</kw>
<kw name="Go To Cart And Checkout" owner="purchase_keywords">
<kw name="Click Element" owner="SeleniumLibrary">
<msg time="2025-06-04T09:11:43.140982" level="INFO">Clicking element 'id=shopping_cart_container'.</msg>
<arg>id=shopping_cart_container</arg>
<doc>Click the element identified by ``locator``.</doc>
<status status="PASS" start="2025-06-04T09:11:43.140736" elapsed="0.214750"/>
</kw>
<kw name="Click Button" owner="SeleniumLibrary">
<msg time="2025-06-04T09:11:43.356050" level="INFO">Clicking button 'id=checkout'.</msg>
<arg>id=checkout</arg>
<doc>Clicks the button identified by ``locator``.</doc>
<status status="PASS" start="2025-06-04T09:11:43.355740" elapsed="0.233375"/>
</kw>
<kw name="Input Text" owner="SeleniumLibrary">
<msg time="2025-06-04T09:11:43.589717" level="INFO">Typing text 'Max' into text field 'id=first-name'.</msg>
<arg>id=first-name</arg>
<arg>Max</arg>
<doc>Types the given ``text`` into the text field identified by ``locator``.</doc>
<status status="PASS" start="2025-06-04T09:11:43.589379" elapsed="0.018614"/>
</kw>
<kw name="Input Text" owner="SeleniumLibrary">
<msg time="2025-06-04T09:11:43.608492" level="INFO">Typing text 'Mustermann' into text field 'id=last-name'.</msg>
<arg>id=last-name</arg>
<arg>Mustermann</arg>
<doc>Types the given ``text`` into the text field identified by ``locator``.</doc>
<status status="PASS" start="2025-06-04T09:11:43.608212" elapsed="0.024130"/>
</kw>
<kw name="Input Text" owner="SeleniumLibrary">
<msg time="2025-06-04T09:11:43.632999" level="INFO">Typing text '12345' into text field 'id=postal-code'.</msg>
<arg>id=postal-code</arg>
<arg>12345</arg>
<doc>Types the given ``text`` into the text field identified by ``locator``.</doc>
<status status="PASS" start="2025-06-04T09:11:43.632628" elapsed="0.014100"/>
</kw>
<kw name="Click Button" owner="SeleniumLibrary">
<msg time="2025-06-04T09:11:43.647282" level="INFO">Clicking button 'id=continue'.</msg>
<arg>id=continue</arg>
<doc>Clicks the button identified by ``locator``.</doc>
<status status="PASS" start="2025-06-04T09:11:43.646971" elapsed="0.220823"/>
</kw>
<kw name="Click Button" owner="SeleniumLibrary">
<msg time="2025-06-04T09:11:43.868412" level="INFO">Clicking button 'id=finish'.</msg>
<arg>id=finish</arg>
<doc>Clicks the button identified by ``locator``.</doc>
<status status="PASS" start="2025-06-04T09:11:43.868056" elapsed="0.217034"/>
</kw>
<kw name="Page Should Contain Element" owner="SeleniumLibrary">
<msg time="2025-06-04T09:11:44.087617" level="INFO">Current page contains element 'css=h2.complete-header'.</msg>
<arg>css=h2.complete-header</arg>
<doc>Verifies that element ``locator`` is found on the current page.</doc>
<status status="PASS" start="2025-06-04T09:11:44.085373" elapsed="0.002528"/>
</kw>
<status status="PASS" start="2025-06-04T09:11:43.140364" elapsed="0.947675"/>
</kw>
<kw name="Logout" owner="auth_keywords" type="TEARDOWN">
<kw name="Click Element" owner="SeleniumLibrary">
<msg time="2025-06-04T09:11:44.089068" level="INFO">Clicking element 'id=react-burger-menu-btn'.</msg>
<arg>id=react-burger-menu-btn</arg>
<doc>Click the element identified by ``locator``.</doc>
<status status="PASS" start="2025-06-04T09:11:44.088844" elapsed="0.209032"/>
</kw>
<kw name="Click Element" owner="SeleniumLibrary">
<msg time="2025-06-04T09:11:44.298417" level="INFO">Clicking element 'id=logout_sidebar_link'.</msg>
<arg>id=logout_sidebar_link</arg>
<doc>Click the element identified by ``locator``.</doc>
<status status="PASS" start="2025-06-04T09:11:44.298099" elapsed="0.213541"/>
</kw>
<status status="PASS" start="2025-06-04T09:11:44.088471" elapsed="0.423365"/>
</kw>
<status status="PASS" start="2025-06-04T09:11:42.567259" elapsed="1.944820"/>
</test>
<kw name="Close Browser" owner="SeleniumLibrary" type="TEARDOWN">
<doc>Closes the current browser.</doc>
<status status="PASS" start="2025-06-04T09:11:44.513194" elapsed="2.686866"/>
</kw>
<status status="PASS" start="2025-06-04T09:11:35.933850" elapsed="11.266377"/>
</suite>
<status status="PASS" start="2025-06-04T09:11:35.931886" elapsed="11.269712"/>
</suite>
<status status="PASS" start="2025-06-04T09:11:35.912611" elapsed="11.289958"/>
</suite>
<statistics>
<total>
<stat pass="1" fail="0" skip="0">All Tests</stat>
</total>
<tag>
</tag>
<suite>
<stat name="Swaglabs-Tests" id="s1" pass="1" fail="0" skip="0">Swaglabs-Tests</stat>
<stat name="Tests" id="s1-s1" pass="1" fail="0" skip="0">Swaglabs-Tests.Tests</stat>
<stat name="Test Purchase" id="s1-s1-s1" pass="1" fail="0" skip="0">Swaglabs-Tests.Tests.Test Purchase</stat>
</suite>
</statistics>
<errors>
</errors>
</robot>
