<?xml version="1.0" encoding="UTF-8"?>
<robot generator="Robot 7.2.2 (Python 3.13.3 on win32)" generated="2025-05-30T15:20:14.301780" rpa="false" schemaversion="5">
<suite id="s1" name="Tests" source="K:\Documents\Programmierung\swaglabs-tests\tests">
<suite id="s1-s1" name="Test All Login" source="K:\Documents\Programmierung\swaglabs-tests\tests\test_all_login.robot">
<kw name="Open Browser To Login Page" owner="login_keywords" type="SETUP">
<kw name="Open Browser" owner="SeleniumLibrary">
<msg time="2025-05-30T15:20:14.581128" level="INFO">Opening browser 'firefox' to base url 'https://www.saucedemo.com/'.</msg>
<arg>${LOGIN_URL}</arg>
<arg>${BROWSER}</arg>
<doc>Opens a new browser instance to the optional ``url``.</doc>
<status status="PASS" start="2025-05-30T15:20:14.580934" elapsed="5.426151"/>
</kw>
<kw name="Maximize Browser Window" owner="SeleniumLibrary">
<doc>Maximizes current browser window.</doc>
<status status="PASS" start="2025-05-30T15:20:20.007335" elapsed="0.291204"/>
</kw>
<status status="PASS" start="2025-05-30T15:20:14.580358" elapsed="5.718333"/>
</kw>
<test id="s1-s1-t1" name="Test Login With All Users" line="12">
<for flavor="IN">
<iter>
<kw name="Run Keyword If" owner="BuiltIn">
<arg>'${user}' == 'locked_out_user'</arg>
<arg>Continue For Loop</arg>
<doc>Runs the given keyword with the given arguments, if ``condition`` is true.</doc>
<status status="PASS" start="2025-05-30T15:20:20.299534" elapsed="0.000193"/>
</kw>
<kw name="Log" owner="BuiltIn">
<msg time="2025-05-30T15:20:20.299952" level="INFO">Aktueller Testnutzer: standard_user</msg>
<arg>Aktueller Testnutzer: ${user}</arg>
<doc>Logs the given message with the given level.</doc>
<status status="PASS" start="2025-05-30T15:20:20.299832" elapsed="0.000166"/>
</kw>
<kw name="Get From Dictionary" owner="Collections">
<msg time="2025-05-30T15:20:20.300268" level="INFO">${password} = secret_sauce</msg>
<var>${password}</var>
<arg>${PASSWORDS}</arg>
<arg>${user}</arg>
<doc>Returns a value from the given ``dictionary`` based on the given ``key``.</doc>
<status status="PASS" start="2025-05-30T15:20:20.300105" elapsed="0.000188"/>
</kw>
<kw name="Input Valid Credentials" owner="login_keywords">
<kw name="Input Text" owner="SeleniumLibrary">
<msg time="2025-05-30T15:20:20.300982" level="INFO">Typing text 'standard_user' into text field 'id=user-name'.</msg>
<arg>id=user-name</arg>
<arg>${username}</arg>
<doc>Types the given ``text`` into the text field identified by ``locator``.</doc>
<status status="PASS" start="2025-05-30T15:20:20.300683" elapsed="0.055848"/>
</kw>
<kw name="Input Text" owner="SeleniumLibrary">
<msg time="2025-05-30T15:20:20.356915" level="INFO">Typing text 'secret_sauce' into text field 'id=password'.</msg>
<arg>id=password</arg>
<arg>${password}</arg>
<doc>Types the given ``text`` into the text field identified by ``locator``.</doc>
<status status="PASS" start="2025-05-30T15:20:20.356705" elapsed="0.016658"/>
</kw>
<arg>${user}</arg>
<arg>${password}</arg>
<status status="PASS" start="2025-05-30T15:20:20.300432" elapsed="0.073053"/>
</kw>
<kw name="Click Login Button" owner="login_keywords">
<kw name="Click Button" owner="SeleniumLibrary">
<msg time="2025-05-30T15:20:20.374030" level="INFO">Clicking button 'id=login-button'.</msg>
<arg>id=login-button</arg>
<doc>Clicks the button identified by ``locator``.</doc>
<status status="PASS" start="2025-05-30T15:20:20.373857" elapsed="0.250576"/>
</kw>
<status status="PASS" start="2025-05-30T15:20:20.373650" elapsed="0.250889"/>
</kw>
<kw name="Wait Until Element Is Visible" owner="SeleniumLibrary">
<arg>id=react-burger-menu-btn</arg>
<arg>timeout=10s</arg>
<doc>Waits until the element ``locator`` is visible.</doc>
<status status="PASS" start="2025-05-30T15:20:20.624668" elapsed="0.011239"/>
</kw>
<kw name="Click Element" owner="SeleniumLibrary">
<msg time="2025-05-30T15:20:20.636300" level="INFO">Clicking element 'id=react-burger-menu-btn'.</msg>
<arg>id=react-burger-menu-btn</arg>
<doc>Click the element identified by ``locator``.</doc>
<status status="PASS" start="2025-05-30T15:20:20.636105" elapsed="0.210083"/>
</kw>
<kw name="Sleep" owner="BuiltIn">
<msg time="2025-05-30T15:20:21.846924" level="INFO">Slept 1 second.</msg>
<arg>1s</arg>
<doc>Pauses the test executed for the given time.</doc>
<status status="PASS" start="2025-05-30T15:20:20.846361" elapsed="1.000722"/>
</kw>
<kw name="Wait Until Element Is Visible" owner="SeleniumLibrary">
<arg>id=logout_sidebar_link</arg>
<arg>timeout=10s</arg>
<doc>Waits until the element ``locator`` is visible.</doc>
<status status="PASS" start="2025-05-30T15:20:21.847339" elapsed="0.008342"/>
</kw>
<kw name="Click Element" owner="SeleniumLibrary">
<msg time="2025-05-30T15:20:21.856139" level="INFO">Clicking element 'id=logout_sidebar_link'.</msg>
<arg>id=logout_sidebar_link</arg>
<doc>Click the element identified by ``locator``.</doc>
<status status="PASS" start="2025-05-30T15:20:21.855916" elapsed="0.212848"/>
</kw>
<var name="${user}">standard_user</var>
<status status="PASS" start="2025-05-30T15:20:20.299398" elapsed="1.769464"/>
</iter>
<iter>
<kw name="Run Keyword If" owner="BuiltIn">
<kw name="Continue For Loop" owner="BuiltIn">
<msg time="2025-05-30T15:20:22.069517" level="INFO">Continuing for loop from the next iteration.</msg>
<doc>Skips the current FOR loop iteration and continues from the next.</doc>
<status status="PASS" start="2025-05-30T15:20:22.069441" elapsed="0.000146"/>
</kw>
<arg>'${user}' == 'locked_out_user'</arg>
<arg>Continue For Loop</arg>
<doc>Runs the given keyword with the given arguments, if ``condition`` is true.</doc>
<status status="PASS" start="2025-05-30T15:20:22.069208" elapsed="0.000433"/>
</kw>
<kw name="Log" owner="BuiltIn">
<arg>Aktueller Testnutzer: ${user}</arg>
<doc>Logs the given message with the given level.</doc>
<status status="NOT RUN" start="2025-05-30T15:20:22.069730" elapsed="0.000031"/>
</kw>
<kw name="Get From Dictionary" owner="Collections">
<var>${password}</var>
<arg>${PASSWORDS}</arg>
<arg>${user}</arg>
<doc>Returns a value from the given ``dictionary`` based on the given ``key``.</doc>
<status status="NOT RUN" start="2025-05-30T15:20:22.069933" elapsed="0.000041"/>
</kw>
<kw name="Input Valid Credentials" owner="login_keywords">
<arg>${user}</arg>
<arg>${password}</arg>
<status status="NOT RUN" start="2025-05-30T15:20:22.070133" elapsed="0.000033"/>
</kw>
<kw name="Click Login Button" owner="login_keywords">
<status status="NOT RUN" start="2025-05-30T15:20:22.070275" elapsed="0.000028"/>
</kw>
<kw name="Wait Until Element Is Visible" owner="SeleniumLibrary">
<arg>id=react-burger-menu-btn</arg>
<arg>timeout=10s</arg>
<doc>Waits until the element ``locator`` is visible.</doc>
<status status="NOT RUN" start="2025-05-30T15:20:22.070400" elapsed="0.000027"/>
</kw>
<kw name="Click Element" owner="SeleniumLibrary">
<arg>id=react-burger-menu-btn</arg>
<doc>Click the element identified by ``locator``.</doc>
<status status="NOT RUN" start="2025-05-30T15:20:22.070522" elapsed="0.000024"/>
</kw>
<kw name="Sleep" owner="BuiltIn">
<arg>1s</arg>
<doc>Pauses the test executed for the given time.</doc>
<status status="NOT RUN" start="2025-05-30T15:20:22.070628" elapsed="0.000025"/>
</kw>
<kw name="Wait Until Element Is Visible" owner="SeleniumLibrary">
<arg>id=logout_sidebar_link</arg>
<arg>timeout=10s</arg>
<doc>Waits until the element ``locator`` is visible.</doc>
<status status="NOT RUN" start="2025-05-30T15:20:22.070741" elapsed="0.000024"/>
</kw>
<kw name="Click Element" owner="SeleniumLibrary">
<arg>id=logout_sidebar_link</arg>
<doc>Click the element identified by ``locator``.</doc>
<status status="NOT RUN" start="2025-05-30T15:20:22.070852" elapsed="0.000033"/>
</kw>
<var name="${user}">locked_out_user</var>
<status status="PASS" start="2025-05-30T15:20:22.069063" elapsed="0.001861"/>
</iter>
<iter>
<kw name="Run Keyword If" owner="BuiltIn">
<arg>'${user}' == 'locked_out_user'</arg>
<arg>Continue For Loop</arg>
<doc>Runs the given keyword with the given arguments, if ``condition`` is true.</doc>
<status status="PASS" start="2025-05-30T15:20:22.071164" elapsed="0.000130"/>
</kw>
<kw name="Log" owner="BuiltIn">
<msg time="2025-05-30T15:20:22.071720" level="INFO">Aktueller Testnutzer: problem_user</msg>
<arg>Aktueller Testnutzer: ${user}</arg>
<doc>Logs the given message with the given level.</doc>
<status status="PASS" start="2025-05-30T15:20:22.071600" elapsed="0.000175"/>
</kw>
<kw name="Get From Dictionary" owner="Collections">
<msg time="2025-05-30T15:20:22.072024" level="INFO">${password} = secret_sauce</msg>
<var>${password}</var>
<arg>${PASSWORDS}</arg>
<arg>${user}</arg>
<doc>Returns a value from the given ``dictionary`` based on the given ``key``.</doc>
<status status="PASS" start="2025-05-30T15:20:22.071873" elapsed="0.000174"/>
</kw>
<kw name="Input Valid Credentials" owner="login_keywords">
<kw name="Input Text" owner="SeleniumLibrary">
<msg time="2025-05-30T15:20:22.072529" level="INFO">Typing text 'problem_user' into text field 'id=user-name'.</msg>
<arg>id=user-name</arg>
<arg>${username}</arg>
<doc>Types the given ``text`` into the text field identified by ``locator``.</doc>
<status status="PASS" start="2025-05-30T15:20:22.072372" elapsed="0.016960"/>
</kw>
<kw name="Input Text" owner="SeleniumLibrary">
<msg time="2025-05-30T15:20:22.089695" level="INFO">Typing text 'secret_sauce' into text field 'id=password'.</msg>
<arg>id=password</arg>
<arg>${password}</arg>
<doc>Types the given ``text`` into the text field identified by ``locator``.</doc>
<status status="PASS" start="2025-05-30T15:20:22.089491" elapsed="0.012958"/>
</kw>
<arg>${user}</arg>
<arg>${password}</arg>
<status status="PASS" start="2025-05-30T15:20:22.072147" elapsed="0.030400"/>
</kw>
<kw name="Click Login Button" owner="login_keywords">
<kw name="Click Button" owner="SeleniumLibrary">
<msg time="2025-05-30T15:20:22.103055" level="INFO">Clicking button 'id=login-button'.</msg>
<arg>id=login-button</arg>
<doc>Clicks the button identified by ``locator``.</doc>
<status status="PASS" start="2025-05-30T15:20:22.102919" elapsed="0.216843"/>
</kw>
<status status="PASS" start="2025-05-30T15:20:22.102698" elapsed="0.217185"/>
</kw>
<kw name="Wait Until Element Is Visible" owner="SeleniumLibrary">
<arg>id=react-burger-menu-btn</arg>
<arg>timeout=10s</arg>
<doc>Waits until the element ``locator`` is visible.</doc>
<status status="PASS" start="2025-05-30T15:20:22.320029" elapsed="0.007537"/>
</kw>
<kw name="Click Element" owner="SeleniumLibrary">
<msg time="2025-05-30T15:20:22.328011" level="INFO">Clicking element 'id=react-burger-menu-btn'.</msg>
<arg>id=react-burger-menu-btn</arg>
<doc>Click the element identified by ``locator``.</doc>
<status status="PASS" start="2025-05-30T15:20:22.327756" elapsed="0.208218"/>
</kw>
<kw name="Sleep" owner="BuiltIn">
<msg time="2025-05-30T15:20:23.536671" level="INFO">Slept 1 second.</msg>
<arg>1s</arg>
<doc>Pauses the test executed for the given time.</doc>
<status status="PASS" start="2025-05-30T15:20:22.536205" elapsed="1.000633"/>
</kw>
<kw name="Wait Until Element Is Visible" owner="SeleniumLibrary">
<arg>id=logout_sidebar_link</arg>
<arg>timeout=10s</arg>
<doc>Waits until the element ``locator`` is visible.</doc>
<status status="PASS" start="2025-05-30T15:20:23.537098" elapsed="0.008539"/>
</kw>
<kw name="Click Element" owner="SeleniumLibrary">
<msg time="2025-05-30T15:20:23.546166" level="INFO">Clicking element 'id=logout_sidebar_link'.</msg>
<arg>id=logout_sidebar_link</arg>
<doc>Click the element identified by ``locator``.</doc>
<status status="PASS" start="2025-05-30T15:20:23.545906" elapsed="0.212778"/>
</kw>
<var name="${user}">problem_user</var>
<status status="PASS" start="2025-05-30T15:20:22.071078" elapsed="1.687751"/>
</iter>
<iter>
<kw name="Run Keyword If" owner="BuiltIn">
<arg>'${user}' == 'locked_out_user'</arg>
<arg>Continue For Loop</arg>
<doc>Runs the given keyword with the given arguments, if ``condition`` is true.</doc>
<status status="PASS" start="2025-05-30T15:20:23.759361" elapsed="0.000336"/>
</kw>
<kw name="Log" owner="BuiltIn">
<msg time="2025-05-30T15:20:23.759924" level="INFO">Aktueller Testnutzer: performance_glitch_user</msg>
<arg>Aktueller Testnutzer: ${user}</arg>
<doc>Logs the given message with the given level.</doc>
<status status="PASS" start="2025-05-30T15:20:23.759799" elapsed="0.000163"/>
</kw>
<kw name="Get From Dictionary" owner="Collections">
<msg time="2025-05-30T15:20:23.760182" level="INFO">${password} = secret_sauce</msg>
<var>${password}</var>
<arg>${PASSWORDS}</arg>
<arg>${user}</arg>
<doc>Returns a value from the given ``dictionary`` based on the given ``key``.</doc>
<status status="PASS" start="2025-05-30T15:20:23.760043" elapsed="0.000525"/>
</kw>
<kw name="Input Valid Credentials" owner="login_keywords">
<kw name="Input Text" owner="SeleniumLibrary">
<msg time="2025-05-30T15:20:23.761101" level="INFO">Typing text 'performance_glitch_user' into text field 'id=user-name'.</msg>
<arg>id=user-name</arg>
<arg>${username}</arg>
<doc>Types the given ``text`` into the text field identified by ``locator``.</doc>
<status status="PASS" start="2025-05-30T15:20:23.760954" elapsed="0.022317"/>
</kw>
<kw name="Input Text" owner="SeleniumLibrary">
<msg time="2025-05-30T15:20:23.783658" level="INFO">Typing text 'secret_sauce' into text field 'id=password'.</msg>
<arg>id=password</arg>
<arg>${password}</arg>
<doc>Types the given ``text`` into the text field identified by ``locator``.</doc>
<status status="PASS" start="2025-05-30T15:20:23.783450" elapsed="0.011541"/>
</kw>
<arg>${user}</arg>
<arg>${password}</arg>
<status status="PASS" start="2025-05-30T15:20:23.760714" elapsed="0.034390"/>
</kw>
<kw name="Click Login Button" owner="login_keywords">
<kw name="Click Button" owner="SeleniumLibrary">
<msg time="2025-05-30T15:20:23.795657" level="INFO">Clicking button 'id=login-button'.</msg>
<arg>id=login-button</arg>
<doc>Clicks the button identified by ``locator``.</doc>
<status status="PASS" start="2025-05-30T15:20:23.795499" elapsed="5.217961"/>
</kw>
<status status="PASS" start="2025-05-30T15:20:23.795264" elapsed="5.218315"/>
</kw>
<kw name="Wait Until Element Is Visible" owner="SeleniumLibrary">
<arg>id=react-burger-menu-btn</arg>
<arg>timeout=10s</arg>
<doc>Waits until the element ``locator`` is visible.</doc>
<status status="PASS" start="2025-05-30T15:20:29.013721" elapsed="0.010048"/>
</kw>
<kw name="Click Element" owner="SeleniumLibrary">
<msg time="2025-05-30T15:20:29.024198" level="INFO">Clicking element 'id=react-burger-menu-btn'.</msg>
<arg>id=react-burger-menu-btn</arg>
<doc>Click the element identified by ``locator``.</doc>
<status status="PASS" start="2025-05-30T15:20:29.023967" elapsed="0.214242"/>
</kw>
<kw name="Sleep" owner="BuiltIn">
<msg time="2025-05-30T15:20:30.239114" level="INFO">Slept 1 second.</msg>
<arg>1s</arg>
<doc>Pauses the test executed for the given time.</doc>
<status status="PASS" start="2025-05-30T15:20:29.238379" elapsed="1.000997"/>
</kw>
<kw name="Wait Until Element Is Visible" owner="SeleniumLibrary">
<arg>id=logout_sidebar_link</arg>
<arg>timeout=10s</arg>
<doc>Waits until the element ``locator`` is visible.</doc>
<status status="PASS" start="2025-05-30T15:20:30.239796" elapsed="0.009064"/>
</kw>
<kw name="Click Element" owner="SeleniumLibrary">
<msg time="2025-05-30T15:20:30.249295" level="INFO">Clicking element 'id=logout_sidebar_link'.</msg>
<arg>id=logout_sidebar_link</arg>
<doc>Click the element identified by ``locator``.</doc>
<status status="PASS" start="2025-05-30T15:20:30.249117" elapsed="0.214421"/>
</kw>
<var name="${user}">performance_glitch_user</var>
<status status="PASS" start="2025-05-30T15:20:23.759129" elapsed="6.704500"/>
</iter>
<iter>
<kw name="Run Keyword If" owner="BuiltIn">
<arg>'${user}' == 'locked_out_user'</arg>
<arg>Continue For Loop</arg>
<doc>Runs the given keyword with the given arguments, if ``condition`` is true.</doc>
<status status="PASS" start="2025-05-30T15:20:30.463957" elapsed="0.000213"/>
</kw>
<kw name="Log" owner="BuiltIn">
<msg time="2025-05-30T15:20:30.464417" level="INFO">Aktueller Testnutzer: error_user</msg>
<arg>Aktueller Testnutzer: ${user}</arg>
<doc>Logs the given message with the given level.</doc>
<status status="PASS" start="2025-05-30T15:20:30.464284" elapsed="0.000299"/>
</kw>
<kw name="Get From Dictionary" owner="Collections">
<msg time="2025-05-30T15:20:30.464823" level="INFO">${password} = secret_sauce</msg>
<var>${password}</var>
<arg>${PASSWORDS}</arg>
<arg>${user}</arg>
<doc>Returns a value from the given ``dictionary`` based on the given ``key``.</doc>
<status status="PASS" start="2025-05-30T15:20:30.464673" elapsed="0.000183"/>
</kw>
<kw name="Input Valid Credentials" owner="login_keywords">
<kw name="Input Text" owner="SeleniumLibrary">
<msg time="2025-05-30T15:20:30.465360" level="INFO">Typing text 'error_user' into text field 'id=user-name'.</msg>
<arg>id=user-name</arg>
<arg>${username}</arg>
<doc>Types the given ``text`` into the text field identified by ``locator``.</doc>
<status status="PASS" start="2025-05-30T15:20:30.465208" elapsed="0.019832"/>
</kw>
<kw name="Input Text" owner="SeleniumLibrary">
<msg time="2025-05-30T15:20:30.485402" level="INFO">Typing text 'secret_sauce' into text field 'id=password'.</msg>
<arg>id=password</arg>
<arg>${password}</arg>
<doc>Types the given ``text`` into the text field identified by ``locator``.</doc>
<status status="PASS" start="2025-05-30T15:20:30.485197" elapsed="0.012766"/>
</kw>
<arg>${user}</arg>
<arg>${password}</arg>
<status status="PASS" start="2025-05-30T15:20:30.464978" elapsed="0.033146"/>
</kw>
<kw name="Click Login Button" owner="login_keywords">
<kw name="Click Button" owner="SeleniumLibrary">
<msg time="2025-05-30T15:20:30.498892" level="INFO">Clicking button 'id=login-button'.</msg>
<arg>id=login-button</arg>
<doc>Clicks the button identified by ``locator``.</doc>
<status status="PASS" start="2025-05-30T15:20:30.498736" elapsed="0.215016"/>
</kw>
<status status="PASS" start="2025-05-30T15:20:30.498360" elapsed="0.215490"/>
</kw>
<kw name="Wait Until Element Is Visible" owner="SeleniumLibrary">
<arg>id=react-burger-menu-btn</arg>
<arg>timeout=10s</arg>
<doc>Waits until the element ``locator`` is visible.</doc>
<status status="PASS" start="2025-05-30T15:20:30.713966" elapsed="0.006766"/>
</kw>
<kw name="Click Element" owner="SeleniumLibrary">
<msg time="2025-05-30T15:20:30.721084" level="INFO">Clicking element 'id=react-burger-menu-btn'.</msg>
<arg>id=react-burger-menu-btn</arg>
<doc>Click the element identified by ``locator``.</doc>
<status status="PASS" start="2025-05-30T15:20:30.720912" elapsed="0.208683"/>
</kw>
<kw name="Sleep" owner="BuiltIn">
<msg time="2025-05-30T15:20:31.929983" level="INFO">Slept 1 second.</msg>
<arg>1s</arg>
<doc>Pauses the test executed for the given time.</doc>
<status status="PASS" start="2025-05-30T15:20:30.929762" elapsed="1.000332"/>
</kw>
<kw name="Wait Until Element Is Visible" owner="SeleniumLibrary">
<arg>id=logout_sidebar_link</arg>
<arg>timeout=10s</arg>
<doc>Waits until the element ``locator`` is visible.</doc>
<status status="PASS" start="2025-05-30T15:20:31.930264" elapsed="0.009046"/>
</kw>
<kw name="Click Element" owner="SeleniumLibrary">
<msg time="2025-05-30T15:20:31.939719" level="INFO">Clicking element 'id=logout_sidebar_link'.</msg>
<arg>id=logout_sidebar_link</arg>
<doc>Click the element identified by ``locator``.</doc>
<status status="PASS" start="2025-05-30T15:20:31.939547" elapsed="0.213449"/>
</kw>
<var name="${user}">error_user</var>
<status status="PASS" start="2025-05-30T15:20:30.463813" elapsed="1.689272"/>
</iter>
<var>${user}</var>
<value>@{VALID_USERS}</value>
<status status="PASS" start="2025-05-30T15:20:20.299191" elapsed="11.853957"/>
</for>
<status status="PASS" start="2025-05-30T15:20:20.298784" elapsed="11.854674"/>
</test>
<kw name="Close All Browsers" owner="SeleniumLibrary" type="TEARDOWN">
<doc>Closes all open browsers and resets the browser cache.</doc>
<status status="PASS" start="2025-05-30T15:20:32.154189" elapsed="2.665315"/>
</kw>
<status status="PASS" start="2025-05-30T15:20:14.325751" elapsed="20.493877"/>
</suite>
<suite id="s1-s2" name="Test Locked Out User" source="K:\Documents\Programmierung\swaglabs-tests\tests\test_locked_out_user.robot">
<kw name="Open Browser To Login Page" owner="login_keywords" type="SETUP">
<kw name="Open Browser" owner="SeleniumLibrary">
<msg time="2025-05-30T15:20:34.824006" level="INFO">Opening browser 'firefox' to base url 'https://www.saucedemo.com/'.</msg>
<arg>${LOGIN_URL}</arg>
<arg>${BROWSER}</arg>
<doc>Opens a new browser instance to the optional ``url``.</doc>
<status status="PASS" start="2025-05-30T15:20:34.823825" elapsed="5.446717"/>
</kw>
<kw name="Maximize Browser Window" owner="SeleniumLibrary">
<doc>Maximizes current browser window.</doc>
<status status="PASS" start="2025-05-30T15:20:40.270707" elapsed="0.261477"/>
</kw>
<status status="PASS" start="2025-05-30T15:20:34.823610" elapsed="5.708679"/>
</kw>
<test id="s1-s2-t1" name="Locked Out User Cannot Login" line="12">
<kw name="Open Browser To Login Page" owner="login_keywords">
<kw name="Open Browser" owner="SeleniumLibrary">
<msg time="2025-05-30T15:20:40.533174" level="INFO">Opening browser 'firefox' to base url 'https://www.saucedemo.com/'.</msg>
<arg>${LOGIN_URL}</arg>
<arg>${BROWSER}</arg>
<doc>Opens a new browser instance to the optional ``url``.</doc>
<status status="PASS" start="2025-05-30T15:20:40.533020" elapsed="5.397732"/>
</kw>
<kw name="Maximize Browser Window" owner="SeleniumLibrary">
<doc>Maximizes current browser window.</doc>
<status status="PASS" start="2025-05-30T15:20:45.930930" elapsed="0.285014"/>
</kw>
<status status="PASS" start="2025-05-30T15:20:40.532804" elapsed="5.683245"/>
</kw>
<kw name="Input Valid Credentials" owner="login_keywords">
<kw name="Input Text" owner="SeleniumLibrary">
<msg time="2025-05-30T15:20:46.216790" level="INFO">Typing text 'locked_out_user' into text field 'id=user-name'.</msg>
<arg>id=user-name</arg>
<arg>${username}</arg>
<doc>Types the given ``text`` into the text field identified by ``locator``.</doc>
<status status="PASS" start="2025-05-30T15:20:46.216631" elapsed="0.057195"/>
</kw>
<kw name="Input Text" owner="SeleniumLibrary">
<msg time="2025-05-30T15:20:46.274176" level="INFO">Typing text 'secret_sauce' into text field 'id=password'.</msg>
<arg>id=password</arg>
<arg>${password}</arg>
<doc>Types the given ``text`` into the text field identified by ``locator``.</doc>
<status status="PASS" start="2025-05-30T15:20:46.273983" elapsed="0.017197"/>
</kw>
<arg>locked_out_user</arg>
<arg>secret_sauce</arg>
<status status="PASS" start="2025-05-30T15:20:46.216335" elapsed="0.074975"/>
</kw>
<kw name="Click Login Button" owner="login_keywords">
<kw name="Click Button" owner="SeleniumLibrary">
<msg time="2025-05-30T15:20:46.292115" level="INFO">Clicking button 'id=login-button'.</msg>
<arg>id=login-button</arg>
<doc>Clicks the button identified by ``locator``.</doc>
<status status="PASS" start="2025-05-30T15:20:46.291936" elapsed="0.218279"/>
</kw>
<status status="PASS" start="2025-05-30T15:20:46.291659" elapsed="0.218675"/>
</kw>
<kw name="Element Text Should Be" owner="SeleniumLibrary">
<msg time="2025-05-30T15:20:46.510899" level="INFO">Verifying element 'css=h3[data-test="error"]' contains exact text 'Epic sadface: Sorry this user has been locked out.'.</msg>
<msg time="2025-05-30T15:20:46.615056" level="INFO" html="true">&lt;/td&gt;&lt;/tr&gt;&lt;tr&gt;&lt;td colspan="3"&gt;&lt;a href="selenium-screenshot-1.png"&gt;&lt;img src="selenium-screenshot-1.png" width="800px"&gt;&lt;/a&gt;</msg>
<msg time="2025-05-30T15:20:46.615225" level="FAIL">The text of element 'css=h3[data-test="error"]' should have been 'Epic sadface: Sorry this user has been locked out.' but it was 'Epic sadface: Sorry, this user has been locked out.'.</msg>
<arg>css=h3[data-test="error"]</arg>
<arg>Epic sadface: Sorry this user has been locked out.</arg>
<doc>Verifies that element ``locator`` contains exact the text ``expected``.</doc>
<status status="FAIL" start="2025-05-30T15:20:46.510631" elapsed="0.106337">The text of element 'css=h3[data-test="error"]' should have been 'Epic sadface: Sorry this user has been locked out.' but it was 'Epic sadface: Sorry, this user has been locked out.'.</status>
</kw>
<kw name="Close All Browsers" owner="SeleniumLibrary">
<doc>Closes all open browsers and resets the browser cache.</doc>
<status status="NOT RUN" start="2025-05-30T15:20:46.617395" elapsed="0.000039"/>
</kw>
<status status="FAIL" start="2025-05-30T15:20:40.532359" elapsed="6.085475">The text of element 'css=h3[data-test="error"]' should have been 'Epic sadface: Sorry this user has been locked out.' but it was 'Epic sadface: Sorry, this user has been locked out.'.</status>
</test>
<kw name="Close All Browsers" owner="SeleniumLibrary" type="TEARDOWN">
<doc>Closes all open browsers and resets the browser cache.</doc>
<status status="PASS" start="2025-05-30T15:20:46.618827" elapsed="5.322103"/>
</kw>
<status status="FAIL" start="2025-05-30T15:20:34.820719" elapsed="17.120346"/>
</suite>
<suite id="s1-s3" name="Test Logout" source="K:\Documents\Programmierung\swaglabs-tests\tests\test_logout.robot">
<kw name="Open Browser To Login Page" owner="login_keywords" type="SETUP">
<kw name="Open Browser" owner="SeleniumLibrary">
<msg time="2025-05-30T15:20:51.944916" level="INFO">Opening browser 'firefox' to base url 'https://www.saucedemo.com/'.</msg>
<arg>${LOGIN_URL}</arg>
<arg>${BROWSER}</arg>
<doc>Opens a new browser instance to the optional ``url``.</doc>
<status status="PASS" start="2025-05-30T15:20:51.944688" elapsed="5.358247"/>
</kw>
<kw name="Maximize Browser Window" owner="SeleniumLibrary">
<doc>Maximizes current browser window.</doc>
<status status="PASS" start="2025-05-30T15:20:57.303175" elapsed="0.262972"/>
</kw>
<status status="PASS" start="2025-05-30T15:20:51.944436" elapsed="5.621853"/>
</kw>
<test id="s1-s3-t1" name="Valid User Can Logout" line="9">
<kw name="Login With Valid Credentials" owner="login_keywords">
<kw name="Input Valid Credentials" owner="login_keywords">
<kw name="Input Text" owner="SeleniumLibrary">
<msg time="2025-05-30T15:20:57.567441" level="INFO">Typing text 'standard_user' into text field 'id=user-name'.</msg>
<arg>id=user-name</arg>
<arg>${username}</arg>
<doc>Types the given ``text`` into the text field identified by ``locator``.</doc>
<status status="PASS" start="2025-05-30T15:20:57.567275" elapsed="0.062981"/>
</kw>
<kw name="Input Text" owner="SeleniumLibrary">
<msg time="2025-05-30T15:20:57.630628" level="INFO">Typing text 'secret_sauce' into text field 'id=password'.</msg>
<arg>id=password</arg>
<arg>${password}</arg>
<doc>Types the given ``text`` into the text field identified by ``locator``.</doc>
<status status="PASS" start="2025-05-30T15:20:57.630423" elapsed="0.017347"/>
</kw>
<arg>${username}</arg>
<arg>${password}</arg>
<status status="PASS" start="2025-05-30T15:20:57.567069" elapsed="0.080817"/>
</kw>
<kw name="Click Login Button" owner="login_keywords">
<kw name="Click Button" owner="SeleniumLibrary">
<msg time="2025-05-30T15:20:57.648569" level="INFO">Clicking button 'id=login-button'.</msg>
<arg>id=login-button</arg>
<doc>Clicks the button identified by ``locator``.</doc>
<status status="PASS" start="2025-05-30T15:20:57.648353" elapsed="0.262078"/>
</kw>
<status status="PASS" start="2025-05-30T15:20:57.648058" elapsed="0.262494"/>
</kw>
<arg>standard_user</arg>
<arg>secret_sauce</arg>
<status status="PASS" start="2025-05-30T15:20:57.566826" elapsed="0.343784"/>
</kw>
<kw name="Wait Until Element Is Visible" owner="SeleniumLibrary">
<arg>id=react-burger-menu-btn</arg>
<arg>timeout=5s</arg>
<doc>Waits until the element ``locator`` is visible.</doc>
<status status="PASS" start="2025-05-30T15:20:57.910873" elapsed="0.010647"/>
</kw>
<kw name="Click Element" owner="SeleniumLibrary">
<msg time="2025-05-30T15:20:57.921988" level="INFO">Clicking element 'id=react-burger-menu-btn'.</msg>
<arg>id=react-burger-menu-btn</arg>
<doc>Click the element identified by ``locator``.</doc>
<status status="PASS" start="2025-05-30T15:20:57.921805" elapsed="0.211803"/>
</kw>
<kw name="Wait Until Element Is Visible" owner="SeleniumLibrary">
<arg>id=logout_sidebar_link</arg>
<arg>timeout=5s</arg>
<doc>Waits until the element ``locator`` is visible.</doc>
<status status="PASS" start="2025-05-30T15:20:58.133947" elapsed="0.008198"/>
</kw>
<kw name="Click Element" owner="SeleniumLibrary">
<msg time="2025-05-30T15:20:58.142596" level="INFO">Clicking element 'id=logout_sidebar_link'.</msg>
<arg>id=logout_sidebar_link</arg>
<doc>Click the element identified by ``locator``.</doc>
<status status="PASS" start="2025-05-30T15:20:58.142408" elapsed="0.231769"/>
</kw>
<kw name="Wait Until Element Is Visible" owner="SeleniumLibrary">
<arg>id=user-name</arg>
<arg>timeout=10s</arg>
<doc>Waits until the element ``locator`` is visible.</doc>
<status status="PASS" start="2025-05-30T15:20:58.374496" elapsed="0.007965"/>
</kw>
<kw name="Page Should Contain Element" owner="SeleniumLibrary">
<msg time="2025-05-30T15:20:58.385572" level="INFO">Current page contains element 'id=user-name'.</msg>
<arg>id=user-name</arg>
<doc>Verifies that element ``locator`` is found on the current page.</doc>
<status status="PASS" start="2025-05-30T15:20:58.382835" elapsed="0.002819"/>
</kw>
<status status="PASS" start="2025-05-30T15:20:57.566374" elapsed="0.819518"/>
</test>
<kw name="Close All Browsers" owner="SeleniumLibrary" type="TEARDOWN">
<doc>Closes all open browsers and resets the browser cache.</doc>
<status status="PASS" start="2025-05-30T15:20:58.386480" elapsed="2.624885"/>
</kw>
<status status="PASS" start="2025-05-30T15:20:51.942200" elapsed="9.069259"/>
</suite>
<status status="FAIL" start="2025-05-30T15:20:14.302859" elapsed="46.709409"/>
</suite>
<statistics>
<total>
<stat pass="2" fail="1" skip="0">All Tests</stat>
</total>
<tag>
</tag>
<suite>
<stat name="Tests" id="s1" pass="2" fail="1" skip="0">Tests</stat>
<stat name="Test All Login" id="s1-s1" pass="1" fail="0" skip="0">Tests.Test All Login</stat>
<stat name="Test Locked Out User" id="s1-s2" pass="0" fail="1" skip="0">Tests.Test Locked Out User</stat>
<stat name="Test Logout" id="s1-s3" pass="1" fail="0" skip="0">Tests.Test Logout</stat>
</suite>
</statistics>
<errors>
</errors>
</robot>
